     1 00000000                                 [FORMAT "WCOFF"]
     2 00000000                                 [INSTRSET "i486p"]
     3 00000000                                 [OPTIMIZE 1]
     4 00000000                                 [OPTION 1]
     5 00000000                                 [BITS 32]
     6 00000000                                 	EXTERN	_api_putstr
     7 00000000                                 	EXTERN	_api_end
     8 00000000                                 [FILE "korHI.c"]
     9                                          [SECTION .data]
    10 00000000                                 LC0:
    11 00000000 48 65 6C 6C 6F 20 57 6F 72 6C   	DB	"Hello World!",0x0A,0x00
       0000000A 64 21 0A 00 
    12 0000000E                                 LC1:
    13 0000000E EC 95 88 EB 85 95 ED 95 98 EC   	DB	0xEC,0x95,0x88,0xEB,0x85,0x95,0xED,0x95,0x98,0xEC,0x84,0xB8,0xEC,0x9A,0x94,0x0A,0x00
       00000018 84 B8 EC 9A 94 0A 00 
    14 0000001F                                 LC2:
    15 0000001F ED 95 9C EA B8 80 20 ED 85 8C   	DB	0xED,0x95,0x9C,0xEA,0xB8,0x80," ",0xED,0x85,0x8C,0xEC,0x8A,0xA4,0xED,0x8A,0xB8,0xEC,0x9E,0x85,0xEB,0x8B,0x88,0xEB,0x8B,0xA4,".",0x0A,0x00
       00000029 EC 8A A4 ED 8A B8 EC 9E 85 EB 
       00000033 8B 88 EB 8B A4 2E 0A 00 
    16                                          [SECTION .text]
    17 00000000                                 	GLOBAL	_HariMain
    18 00000000                                 _HariMain:
    19 00000000 55                              	PUSH	EBP
    20 00000001 89 E5                           	MOV	EBP,ESP
    21 00000003 68 [00000000]                   	PUSH	LC0
    22 00000008 E8 [00000000]                   	CALL	_api_putstr
    23 0000000D 68 [0000000E]                   	PUSH	LC1
    24 00000012 E8 [00000000]                   	CALL	_api_putstr
    25 00000017 68 [0000001F]                   	PUSH	LC2
    26 0000001C E8 [00000000]                   	CALL	_api_putstr
    27 00000021 83 C4 0C                        	ADD	ESP,12
    28 00000024 C9                              	LEAVE
    29 00000025 E9 [00000000]                   	JMP	_api_end
