     1 00000000                                 [FORMAT "WCOFF"]
     2 00000000                                 [INSTRSET "i486p"]
     3 00000000                                 [OPTIMIZE 1]
     4 00000000                                 [OPTION 1]
     5 00000000                                 [BITS 32]
     6 00000000                                 	EXTERN	_hankaku
     7 00000000                                 	EXTERN	_io_load_eflags
     8 00000000                                 	EXTERN	_io_cli
     9 00000000                                 	EXTERN	_io_out8
    10 00000000                                 	EXTERN	_io_store_eflags
    11 00000000                                 	EXTERN	_utf8_to_johab
    12 00000000                                 	EXTERN	_put_johab
    13 00000000                                 	EXTERN	_utf8_byte_len
    14 00000000                                 [FILE "graphic.c"]
    15 00000000                                 	GLOBAL	_system_font
    16                                          [SECTION .data]
    17 00000000                                 	ALIGNB	4
    18 00000000                                 _system_font:
    19 00000000 [00000000]                      	DD	_hankaku
    20 00000004                                 _table_rgb.0:
    21 00000004 00                              	DB	0
    22 00000005 00                              	DB	0
    23 00000006 00                              	DB	0
    24 00000007 FF                              	DB	-1
    25 00000008 00                              	DB	0
    26 00000009 00                              	DB	0
    27 0000000A 00                              	DB	0
    28 0000000B FF                              	DB	-1
    29 0000000C 00                              	DB	0
    30 0000000D FF                              	DB	-1
    31 0000000E FF                              	DB	-1
    32 0000000F 00                              	DB	0
    33 00000010 00                              	DB	0
    34 00000011 00                              	DB	0
    35 00000012 FF                              	DB	-1
    36 00000013 FF                              	DB	-1
    37 00000014 00                              	DB	0
    38 00000015 FF                              	DB	-1
    39 00000016 00                              	DB	0
    40 00000017 FF                              	DB	-1
    41 00000018 FF                              	DB	-1
    42 00000019 FF                              	DB	-1
    43 0000001A FF                              	DB	-1
    44 0000001B FF                              	DB	-1
    45 0000001C C6                              	DB	-58
    46 0000001D C6                              	DB	-58
    47 0000001E C6                              	DB	-58
    48 0000001F 84                              	DB	-124
    49 00000020 00                              	DB	0
    50 00000021 00                              	DB	0
    51 00000022 00                              	DB	0
    52 00000023 84                              	DB	-124
    53 00000024 00                              	DB	0
    54 00000025 84                              	DB	-124
    55 00000026 84                              	DB	-124
    56 00000027 00                              	DB	0
    57 00000028 00                              	DB	0
    58 00000029 00                              	DB	0
    59 0000002A 84                              	DB	-124
    60 0000002B 84                              	DB	-124
    61 0000002C 00                              	DB	0
    62 0000002D 84                              	DB	-124
    63 0000002E 00                              	DB	0
    64 0000002F 84                              	DB	-124
    65 00000030 84                              	DB	-124
    66 00000031 84                              	DB	-124
    67 00000032 84                              	DB	-124
    68 00000033 84                              	DB	-124
    69                                          [SECTION .text]
    70 00000000                                 	GLOBAL	_init_palette
    71 00000000                                 _init_palette:
    72 00000000 55                              	PUSH	EBP
    73 00000001 89 E5                           	MOV	EBP,ESP
    74 00000003 57                              	PUSH	EDI
    75 00000004 56                              	PUSH	ESI
    76 00000005 53                              	PUSH	EBX
    77 00000006 81 EC 000002A4                  	SUB	ESP,676
    78 0000000C 68 [00000004]                   	PUSH	_table_rgb.0
    79 00000011 6A 0F                           	PUSH	15
    80 00000013 6A 00                           	PUSH	0
    81 00000015 E8 000000B4                     	CALL	_set_palette
    82 0000001A 83 C4 0C                        	ADD	ESP,12
    83 0000001D C7 85 FFFFFD60 00000000         	MOV	DWORD [-672+EBP],0
    84 00000027 C7 85 FFFFFD5C 00000000         	MOV	DWORD [-676+EBP],0
    85 00000031 C7 85 FFFFFD58 00000000         	MOV	DWORD [-680+EBP],0
    86 0000003B                                 L16:
    87 0000003B 31 FF                           	XOR	EDI,EDI
    88 0000003D 31 F6                           	XOR	ESI,ESI
    89 0000003F 31 DB                           	XOR	EBX,EBX
    90 00000041                                 L15:
    91 00000041 31 D2                           	XOR	EDX,EDX
    92 00000043 C7 85 FFFFFD50 00000000         	MOV	DWORD [-688+EBP],0
    93 0000004D                                 L14:
    94 0000004D 8B 85 FFFFFD58                  	MOV	EAX,DWORD [-680+EBP]
    95 00000053 8A 8D FFFFFD50                  	MOV	CL,BYTE [-688+EBP]
    96 00000059 01 D8                           	ADD	EAX,EBX
    97 0000005B 01 D0                           	ADD	EAX,EDX
    98 0000005D 42                              	INC	EDX
    99 0000005E 6B C0 03                        	IMUL	EAX,EAX,3
   100 00000061 88 8C 05 FFFFFD64               	MOV	BYTE [-668+EBP+EAX*1],CL
   101 00000068 89 F1                           	MOV	ECX,ESI
   102 0000006A 88 8C 05 FFFFFD65               	MOV	BYTE [-667+EBP+EAX*1],CL
   103 00000071 8A 8D FFFFFD5C                  	MOV	CL,BYTE [-676+EBP]
   104 00000077 88 8C 05 FFFFFD66               	MOV	BYTE [-666+EBP+EAX*1],CL
   105 0000007E 83 85 FFFFFD50 33               	ADD	DWORD [-688+EBP],51
   106 00000085 83 FA 05                        	CMP	EDX,5
   107 00000088 7E C3                           	JLE	L14
   108 0000008A 47                              	INC	EDI
   109 0000008B 83 C6 33                        	ADD	ESI,51
   110 0000008E 83 C3 06                        	ADD	EBX,6
   111 00000091 83 FF 05                        	CMP	EDI,5
   112 00000094 7E AB                           	JLE	L15
   113 00000096 FF 85 FFFFFD60                  	INC	DWORD [-672+EBP]
   114 0000009C 83 85 FFFFFD5C 33               	ADD	DWORD [-676+EBP],51
   115 000000A3 83 85 FFFFFD58 24               	ADD	DWORD [-680+EBP],36
   116 000000AA 83 BD FFFFFD60 05               	CMP	DWORD [-672+EBP],5
   117 000000B1 7E 88                           	JLE	L16
   118 000000B3 8D 85 FFFFFD64                  	LEA	EAX,DWORD [-668+EBP]
   119 000000B9 50                              	PUSH	EAX
   120 000000BA 68 000000E7                     	PUSH	231
   121 000000BF 6A 10                           	PUSH	16
   122 000000C1 E8 00000008                     	CALL	_set_palette
   123 000000C6 8D 65 F4                        	LEA	ESP,DWORD [-12+EBP]
   124 000000C9 5B                              	POP	EBX
   125 000000CA 5E                              	POP	ESI
   126 000000CB 5F                              	POP	EDI
   127 000000CC 5D                              	POP	EBP
   128 000000CD C3                              	RET
   129 000000CE                                 	GLOBAL	_set_palette
   130 000000CE                                 _set_palette:
   131 000000CE 55                              	PUSH	EBP
   132 000000CF 89 E5                           	MOV	EBP,ESP
   133 000000D1 57                              	PUSH	EDI
   134 000000D2 56                              	PUSH	ESI
   135 000000D3 53                              	PUSH	EBX
   136 000000D4 51                              	PUSH	ECX
   137 000000D5 8B 5D 08                        	MOV	EBX,DWORD [8+EBP]
   138 000000D8 8B 7D 0C                        	MOV	EDI,DWORD [12+EBP]
   139 000000DB 8B 75 10                        	MOV	ESI,DWORD [16+EBP]
   140 000000DE E8 [00000000]                   	CALL	_io_load_eflags
   141 000000E3 89 45 F0                        	MOV	DWORD [-16+EBP],EAX
   142 000000E6 E8 [00000000]                   	CALL	_io_cli
   143 000000EB 53                              	PUSH	EBX
   144 000000EC 68 000003C8                     	PUSH	968
   145 000000F1 E8 [00000000]                   	CALL	_io_out8
   146 000000F6 39 FB                           	CMP	EBX,EDI
   147 000000F8 58                              	POP	EAX
   148 000000F9 5A                              	POP	EDX
   149 000000FA 7E 12                           	JLE	L28
   150 000000FC                                 L30:
   151 000000FC 8B 45 F0                        	MOV	EAX,DWORD [-16+EBP]
   152 000000FF 89 45 08                        	MOV	DWORD [8+EBP],EAX
   153 00000102 8D 65 F4                        	LEA	ESP,DWORD [-12+EBP]
   154 00000105 5B                              	POP	EBX
   155 00000106 5E                              	POP	ESI
   156 00000107 5F                              	POP	EDI
   157 00000108 5D                              	POP	EBP
   158 00000109 E9 [00000000]                   	JMP	_io_store_eflags
   159 0000010E                                 L28:
   160 0000010E 8A 06                           	MOV	AL,BYTE [ESI]
   161 00000110 43                              	INC	EBX
   162 00000111 C0 E8 02                        	SHR	AL,2
   163 00000114 0F B6 C0                        	MOVZX	EAX,AL
   164 00000117 50                              	PUSH	EAX
   165 00000118 68 000003C9                     	PUSH	969
   166 0000011D E8 [00000000]                   	CALL	_io_out8
   167 00000122 8A 46 01                        	MOV	AL,BYTE [1+ESI]
   168 00000125 C0 E8 02                        	SHR	AL,2
   169 00000128 0F B6 C0                        	MOVZX	EAX,AL
   170 0000012B 50                              	PUSH	EAX
   171 0000012C 68 000003C9                     	PUSH	969
   172 00000131 E8 [00000000]                   	CALL	_io_out8
   173 00000136 8A 46 02                        	MOV	AL,BYTE [2+ESI]
   174 00000139 C0 E8 02                        	SHR	AL,2
   175 0000013C 83 C6 03                        	ADD	ESI,3
   176 0000013F 0F B6 C0                        	MOVZX	EAX,AL
   177 00000142 50                              	PUSH	EAX
   178 00000143 68 000003C9                     	PUSH	969
   179 00000148 E8 [00000000]                   	CALL	_io_out8
   180 0000014D 83 C4 18                        	ADD	ESP,24
   181 00000150 39 FB                           	CMP	EBX,EDI
   182 00000152 7E BA                           	JLE	L28
   183 00000154 EB A6                           	JMP	L30
   184 00000156                                 	GLOBAL	_boxfill8
   185 00000156                                 _boxfill8:
   186 00000156 55                              	PUSH	EBP
   187 00000157 89 E5                           	MOV	EBP,ESP
   188 00000159 57                              	PUSH	EDI
   189 0000015A 56                              	PUSH	ESI
   190 0000015B 53                              	PUSH	EBX
   191 0000015C 57                              	PUSH	EDI
   192 0000015D 57                              	PUSH	EDI
   193 0000015E 8A 45 10                        	MOV	AL,BYTE [16+EBP]
   194 00000161 8B 4D 18                        	MOV	ECX,DWORD [24+EBP]
   195 00000164 8B 7D 1C                        	MOV	EDI,DWORD [28+EBP]
   196 00000167 88 45 F3                        	MOV	BYTE [-13+EBP],AL
   197 0000016A 3B 4D 20                        	CMP	ECX,DWORD [32+EBP]
   198 0000016D 7F 31                           	JG	L43
   199 0000016F 8B 5D 0C                        	MOV	EBX,DWORD [12+EBP]
   200 00000172 0F AF D9                        	IMUL	EBX,ECX
   201 00000175                                 L41:
   202 00000175 8B 55 14                        	MOV	EDX,DWORD [20+EBP]
   203 00000178 39 FA                           	CMP	EDX,EDI
   204 0000017A 7F 1B                           	JG	L45
   205 0000017C 8B 75 08                        	MOV	ESI,DWORD [8+EBP]
   206 0000017F 01 DE                           	ADD	ESI,EBX
   207 00000181 01 D6                           	ADD	ESI,EDX
   208 00000183 89 75 EC                        	MOV	DWORD [-20+EBP],ESI
   209 00000186                                 L40:
   210 00000186 8B 75 EC                        	MOV	ESI,DWORD [-20+EBP]
   211 00000189 8A 45 F3                        	MOV	AL,BYTE [-13+EBP]
   212 0000018C 42                              	INC	EDX
   213 0000018D 88 06                           	MOV	BYTE [ESI],AL
   214 0000018F 46                              	INC	ESI
   215 00000190 89 75 EC                        	MOV	DWORD [-20+EBP],ESI
   216 00000193 39 FA                           	CMP	EDX,EDI
   217 00000195 7E EF                           	JLE	L40
   218 00000197                                 L45:
   219 00000197 41                              	INC	ECX
   220 00000198 03 5D 0C                        	ADD	EBX,DWORD [12+EBP]
   221 0000019B 3B 4D 20                        	CMP	ECX,DWORD [32+EBP]
   222 0000019E 7E D5                           	JLE	L41
   223 000001A0                                 L43:
   224 000001A0 5B                              	POP	EBX
   225 000001A1 5E                              	POP	ESI
   226 000001A2 5B                              	POP	EBX
   227 000001A3 5E                              	POP	ESI
   228 000001A4 5F                              	POP	EDI
   229 000001A5 5D                              	POP	EBP
   230 000001A6 C3                              	RET
   231 000001A7                                 	GLOBAL	_init_screen8
   232 000001A7                                 _init_screen8:
   233 000001A7 55                              	PUSH	EBP
   234 000001A8 89 E5                           	MOV	EBP,ESP
   235 000001AA 57                              	PUSH	EDI
   236 000001AB 56                              	PUSH	ESI
   237 000001AC 53                              	PUSH	EBX
   238 000001AD 83 EC 0C                        	SUB	ESP,12
   239 000001B0 8B 45 10                        	MOV	EAX,DWORD [16+EBP]
   240 000001B3 8B 7D 0C                        	MOV	EDI,DWORD [12+EBP]
   241 000001B6 83 E8 1D                        	SUB	EAX,29
   242 000001B9 4F                              	DEC	EDI
   243 000001BA 50                              	PUSH	EAX
   244 000001BB 57                              	PUSH	EDI
   245 000001BC 6A 00                           	PUSH	0
   246 000001BE 6A 00                           	PUSH	0
   247 000001C0 6A 0E                           	PUSH	14
   248 000001C2 FF 75 0C                        	PUSH	DWORD [12+EBP]
   249 000001C5 FF 75 08                        	PUSH	DWORD [8+EBP]
   250 000001C8 E8 FFFFFF89                     	CALL	_boxfill8
   251 000001CD 8B 45 10                        	MOV	EAX,DWORD [16+EBP]
   252 000001D0 83 E8 1C                        	SUB	EAX,28
   253 000001D3 50                              	PUSH	EAX
   254 000001D4 57                              	PUSH	EDI
   255 000001D5 50                              	PUSH	EAX
   256 000001D6 6A 00                           	PUSH	0
   257 000001D8 6A 08                           	PUSH	8
   258 000001DA FF 75 0C                        	PUSH	DWORD [12+EBP]
   259 000001DD FF 75 08                        	PUSH	DWORD [8+EBP]
   260 000001E0 E8 FFFFFF71                     	CALL	_boxfill8
   261 000001E5 8B 45 10                        	MOV	EAX,DWORD [16+EBP]
   262 000001E8 83 C4 38                        	ADD	ESP,56
   263 000001EB 83 E8 1B                        	SUB	EAX,27
   264 000001EE 50                              	PUSH	EAX
   265 000001EF 57                              	PUSH	EDI
   266 000001F0 50                              	PUSH	EAX
   267 000001F1 6A 00                           	PUSH	0
   268 000001F3 6A 07                           	PUSH	7
   269 000001F5 FF 75 0C                        	PUSH	DWORD [12+EBP]
   270 000001F8 FF 75 08                        	PUSH	DWORD [8+EBP]
   271 000001FB E8 FFFFFF56                     	CALL	_boxfill8
   272 00000200 8B 45 10                        	MOV	EAX,DWORD [16+EBP]
   273 00000203 48                              	DEC	EAX
   274 00000204 50                              	PUSH	EAX
   275 00000205 8B 45 10                        	MOV	EAX,DWORD [16+EBP]
   276 00000208 57                              	PUSH	EDI
   277 00000209 83 E8 1A                        	SUB	EAX,26
   278 0000020C 50                              	PUSH	EAX
   279 0000020D 6A 00                           	PUSH	0
   280 0000020F 6A 08                           	PUSH	8
   281 00000211 FF 75 0C                        	PUSH	DWORD [12+EBP]
   282 00000214 FF 75 08                        	PUSH	DWORD [8+EBP]
   283 00000217 E8 FFFFFF3A                     	CALL	_boxfill8
   284 0000021C 8B 75 10                        	MOV	ESI,DWORD [16+EBP]
   285 0000021F 83 C4 38                        	ADD	ESP,56
   286 00000222 83 EE 18                        	SUB	ESI,24
   287 00000225 56                              	PUSH	ESI
   288 00000226 6A 3B                           	PUSH	59
   289 00000228 56                              	PUSH	ESI
   290 00000229 6A 03                           	PUSH	3
   291 0000022B 6A 07                           	PUSH	7
   292 0000022D FF 75 0C                        	PUSH	DWORD [12+EBP]
   293 00000230 FF 75 08                        	PUSH	DWORD [8+EBP]
   294 00000233 E8 FFFFFF1E                     	CALL	_boxfill8
   295 00000238 8B 45 10                        	MOV	EAX,DWORD [16+EBP]
   296 0000023B 83 E8 04                        	SUB	EAX,4
   297 0000023E 50                              	PUSH	EAX
   298 0000023F 89 45 F0                        	MOV	DWORD [-16+EBP],EAX
   299 00000242 6A 02                           	PUSH	2
   300 00000244 56                              	PUSH	ESI
   301 00000245 6A 02                           	PUSH	2
   302 00000247 6A 07                           	PUSH	7
   303 00000249 FF 75 0C                        	PUSH	DWORD [12+EBP]
   304 0000024C FF 75 08                        	PUSH	DWORD [8+EBP]
   305 0000024F E8 FFFFFF02                     	CALL	_boxfill8
   306 00000254 83 C4 38                        	ADD	ESP,56
   307 00000257 FF 75 F0                        	PUSH	DWORD [-16+EBP]
   308 0000025A 6A 3B                           	PUSH	59
   309 0000025C FF 75 F0                        	PUSH	DWORD [-16+EBP]
   310 0000025F 6A 03                           	PUSH	3
   311 00000261 6A 0F                           	PUSH	15
   312 00000263 FF 75 0C                        	PUSH	DWORD [12+EBP]
   313 00000266 FF 75 08                        	PUSH	DWORD [8+EBP]
   314 00000269 E8 FFFFFEE8                     	CALL	_boxfill8
   315 0000026E 8B 45 10                        	MOV	EAX,DWORD [16+EBP]
   316 00000271 83 E8 05                        	SUB	EAX,5
   317 00000274 50                              	PUSH	EAX
   318 00000275 8B 45 10                        	MOV	EAX,DWORD [16+EBP]
   319 00000278 6A 3B                           	PUSH	59
   320 0000027A 83 E8 17                        	SUB	EAX,23
   321 0000027D 50                              	PUSH	EAX
   322 0000027E 89 45 EC                        	MOV	DWORD [-20+EBP],EAX
   323 00000281 6A 3B                           	PUSH	59
   324 00000283 6A 0F                           	PUSH	15
   325 00000285 FF 75 0C                        	PUSH	DWORD [12+EBP]
   326 00000288 FF 75 08                        	PUSH	DWORD [8+EBP]
   327 0000028B E8 FFFFFEC6                     	CALL	_boxfill8
   328 00000290 8B 45 10                        	MOV	EAX,DWORD [16+EBP]
   329 00000293 83 C4 38                        	ADD	ESP,56
   330 00000296 83 E8 03                        	SUB	EAX,3
   331 00000299 89 45 E8                        	MOV	DWORD [-24+EBP],EAX
   332 0000029C 50                              	PUSH	EAX
   333 0000029D 6A 3B                           	PUSH	59
   334 0000029F 50                              	PUSH	EAX
   335 000002A0 6A 02                           	PUSH	2
   336 000002A2 6A 00                           	PUSH	0
   337 000002A4 FF 75 0C                        	PUSH	DWORD [12+EBP]
   338 000002A7 FF 75 08                        	PUSH	DWORD [8+EBP]
   339 000002AA E8 FFFFFEA7                     	CALL	_boxfill8
   340 000002AF FF 75 E8                        	PUSH	DWORD [-24+EBP]
   341 000002B2 6A 3C                           	PUSH	60
   342 000002B4 56                              	PUSH	ESI
   343 000002B5 6A 3C                           	PUSH	60
   344 000002B7 6A 00                           	PUSH	0
   345 000002B9 FF 75 0C                        	PUSH	DWORD [12+EBP]
   346 000002BC FF 75 08                        	PUSH	DWORD [8+EBP]
   347 000002BF E8 FFFFFE92                     	CALL	_boxfill8
   348 000002C4 8B 7D 0C                        	MOV	EDI,DWORD [12+EBP]
   349 000002C7 83 C4 38                        	ADD	ESP,56
   350 000002CA 8B 5D 0C                        	MOV	EBX,DWORD [12+EBP]
   351 000002CD 83 EB 04                        	SUB	EBX,4
   352 000002D0 83 EF 2F                        	SUB	EDI,47
   353 000002D3 56                              	PUSH	ESI
   354 000002D4 53                              	PUSH	EBX
   355 000002D5 56                              	PUSH	ESI
   356 000002D6 57                              	PUSH	EDI
   357 000002D7 6A 0F                           	PUSH	15
   358 000002D9 FF 75 0C                        	PUSH	DWORD [12+EBP]
   359 000002DC FF 75 08                        	PUSH	DWORD [8+EBP]
   360 000002DF E8 FFFFFE72                     	CALL	_boxfill8
   361 000002E4 FF 75 F0                        	PUSH	DWORD [-16+EBP]
   362 000002E7 57                              	PUSH	EDI
   363 000002E8 FF 75 EC                        	PUSH	DWORD [-20+EBP]
   364 000002EB 57                              	PUSH	EDI
   365 000002EC 6A 0F                           	PUSH	15
   366 000002EE FF 75 0C                        	PUSH	DWORD [12+EBP]
   367 000002F1 FF 75 08                        	PUSH	DWORD [8+EBP]
   368 000002F4 E8 FFFFFE5D                     	CALL	_boxfill8
   369 000002F9 83 C4 38                        	ADD	ESP,56
   370 000002FC FF 75 E8                        	PUSH	DWORD [-24+EBP]
   371 000002FF 53                              	PUSH	EBX
   372 00000300 FF 75 E8                        	PUSH	DWORD [-24+EBP]
   373 00000303 57                              	PUSH	EDI
   374 00000304 6A 07                           	PUSH	7
   375 00000306 FF 75 0C                        	PUSH	DWORD [12+EBP]
   376 00000309 FF 75 08                        	PUSH	DWORD [8+EBP]
   377 0000030C E8 FFFFFE45                     	CALL	_boxfill8
   378 00000311 8B 45 0C                        	MOV	EAX,DWORD [12+EBP]
   379 00000314 FF 75 E8                        	PUSH	DWORD [-24+EBP]
   380 00000317 83 E8 03                        	SUB	EAX,3
   381 0000031A 50                              	PUSH	EAX
   382 0000031B 56                              	PUSH	ESI
   383 0000031C 50                              	PUSH	EAX
   384 0000031D 6A 07                           	PUSH	7
   385 0000031F FF 75 0C                        	PUSH	DWORD [12+EBP]
   386 00000322 FF 75 08                        	PUSH	DWORD [8+EBP]
   387 00000325 E8 FFFFFE2C                     	CALL	_boxfill8
   388 0000032A 8D 65 F4                        	LEA	ESP,DWORD [-12+EBP]
   389 0000032D 5B                              	POP	EBX
   390 0000032E 5E                              	POP	ESI
   391 0000032F 5F                              	POP	EDI
   392 00000330 5D                              	POP	EBP
   393 00000331 C3                              	RET
   394 00000332                                 	GLOBAL	_putfont8
   395 00000332                                 _putfont8:
   396 00000332 55                              	PUSH	EBP
   397 00000333 89 E5                           	MOV	EBP,ESP
   398 00000335 57                              	PUSH	EDI
   399 00000336 56                              	PUSH	ESI
   400 00000337 31 F6                           	XOR	ESI,ESI
   401 00000339 53                              	PUSH	EBX
   402 0000033A 8B 7D 1C                        	MOV	EDI,DWORD [28+EBP]
   403 0000033D 8A 5D 18                        	MOV	BL,BYTE [24+EBP]
   404 00000340                                 L60:
   405 00000340 8B 45 14                        	MOV	EAX,DWORD [20+EBP]
   406 00000343 8B 55 10                        	MOV	EDX,DWORD [16+EBP]
   407 00000346 01 F0                           	ADD	EAX,ESI
   408 00000348 0F AF 45 0C                     	IMUL	EAX,DWORD [12+EBP]
   409 0000034C 03 45 08                        	ADD	EAX,DWORD [8+EBP]
   410 0000034F 8D 0C 02                        	LEA	ECX,DWORD [EDX+EAX*1]
   411 00000352 8A 14 3E                        	MOV	DL,BYTE [ESI+EDI*1]
   412 00000355 84 D2                           	TEST	DL,DL
   413 00000357 79 02                           	JNS	L52
   414 00000359 88 19                           	MOV	BYTE [ECX],BL
   415 0000035B                                 L52:
   416 0000035B 88 D0                           	MOV	AL,DL
   417 0000035D 83 E0 40                        	AND	EAX,64
   418 00000360 84 C0                           	TEST	AL,AL
   419 00000362 74 03                           	JE	L53
   420 00000364 88 59 01                        	MOV	BYTE [1+ECX],BL
   421 00000367                                 L53:
   422 00000367 88 D0                           	MOV	AL,DL
   423 00000369 83 E0 20                        	AND	EAX,32
   424 0000036C 84 C0                           	TEST	AL,AL
   425 0000036E 74 03                           	JE	L54
   426 00000370 88 59 02                        	MOV	BYTE [2+ECX],BL
   427 00000373                                 L54:
   428 00000373 88 D0                           	MOV	AL,DL
   429 00000375 83 E0 10                        	AND	EAX,16
   430 00000378 84 C0                           	TEST	AL,AL
   431 0000037A 74 03                           	JE	L55
   432 0000037C 88 59 03                        	MOV	BYTE [3+ECX],BL
   433 0000037F                                 L55:
   434 0000037F 88 D0                           	MOV	AL,DL
   435 00000381 83 E0 08                        	AND	EAX,8
   436 00000384 84 C0                           	TEST	AL,AL
   437 00000386 74 03                           	JE	L56
   438 00000388 88 59 04                        	MOV	BYTE [4+ECX],BL
   439 0000038B                                 L56:
   440 0000038B 88 D0                           	MOV	AL,DL
   441 0000038D 83 E0 04                        	AND	EAX,4
   442 00000390 84 C0                           	TEST	AL,AL
   443 00000392 74 03                           	JE	L57
   444 00000394 88 59 05                        	MOV	BYTE [5+ECX],BL
   445 00000397                                 L57:
   446 00000397 88 D0                           	MOV	AL,DL
   447 00000399 83 E0 02                        	AND	EAX,2
   448 0000039C 84 C0                           	TEST	AL,AL
   449 0000039E 74 03                           	JE	L58
   450 000003A0 88 59 06                        	MOV	BYTE [6+ECX],BL
   451 000003A3                                 L58:
   452 000003A3 83 E2 01                        	AND	EDX,1
   453 000003A6 84 D2                           	TEST	DL,DL
   454 000003A8 74 03                           	JE	L50
   455 000003AA 88 59 07                        	MOV	BYTE [7+ECX],BL
   456 000003AD                                 L50:
   457 000003AD 46                              	INC	ESI
   458 000003AE 83 FE 0F                        	CMP	ESI,15
   459 000003B1 7E 8D                           	JLE	L60
   460 000003B3 5B                              	POP	EBX
   461 000003B4 5E                              	POP	ESI
   462 000003B5 5F                              	POP	EDI
   463 000003B6 5D                              	POP	EBP
   464 000003B7 C3                              	RET
   465 000003B8                                 	GLOBAL	_putfont
   466 000003B8                                 _putfont:
   467 000003B8 55                              	PUSH	EBP
   468 000003B9 89 E5                           	MOV	EBP,ESP
   469 000003BB 57                              	PUSH	EDI
   470 000003BC 56                              	PUSH	ESI
   471 000003BD 53                              	PUSH	EBX
   472 000003BE 83 EC 0C                        	SUB	ESP,12
   473 000003C1 8B 4D 0C                        	MOV	ECX,DWORD [12+EBP]
   474 000003C4 8B 45 08                        	MOV	EAX,DWORD [8+EBP]
   475 000003C7 89 4D EC                        	MOV	DWORD [-20+EBP],ECX
   476 000003CA 8B 55 20                        	MOV	EDX,DWORD [32+EBP]
   477 000003CD 8A 4D 18                        	MOV	CL,BYTE [24+EBP]
   478 000003D0 89 45 F0                        	MOV	DWORD [-16+EBP],EAX
   479 000003D3 8B 7D 10                        	MOV	EDI,DWORD [16+EBP]
   480 000003D6 8B 75 14                        	MOV	ESI,DWORD [20+EBP]
   481 000003D9 8B 45 1C                        	MOV	EAX,DWORD [28+EBP]
   482 000003DC 88 4D EB                        	MOV	BYTE [-21+EBP],CL
   483 000003DF 8B 1D 00000FE8                  	MOV	EBX,DWORD [4072]
   484 000003E5 83 FA 01                        	CMP	EDX,1
   485 000003E8 74 42                           	JE	L69
   486 000003EA 83 FA 03                        	CMP	EDX,3
   487 000003ED 74 08                           	JE	L70
   488 000003EF                                 L63:
   489 000003EF 8D 65 F4                        	LEA	ESP,DWORD [-12+EBP]
   490 000003F2 5B                              	POP	EBX
   491 000003F3 5E                              	POP	ESI
   492 000003F4 5F                              	POP	EDI
   493 000003F5 5D                              	POP	EBP
   494 000003F6 C3                              	RET
   495 000003F7                                 L70:
   496 000003F7 50                              	PUSH	EAX
   497 000003F8 E8 [00000000]                   	CALL	_utf8_to_johab
   498 000003FD 8B 4D F0                        	MOV	ECX,DWORD [-16+EBP]
   499 00000400 0F B7 C0                        	MOVZX	EAX,AX
   500 00000403 5A                              	POP	EDX
   501 00000404 89 4D 08                        	MOV	DWORD [8+EBP],ECX
   502 00000407 89 45 20                        	MOV	DWORD [32+EBP],EAX
   503 0000040A 89 5D 1C                        	MOV	DWORD [28+EBP],EBX
   504 0000040D 0F BE 45 EB                     	MOVSX	EAX,BYTE [-21+EBP]
   505 00000411 89 45 18                        	MOV	DWORD [24+EBP],EAX
   506 00000414 89 75 14                        	MOV	DWORD [20+EBP],ESI
   507 00000417 8B 45 EC                        	MOV	EAX,DWORD [-20+EBP]
   508 0000041A 89 7D 10                        	MOV	DWORD [16+EBP],EDI
   509 0000041D 89 45 0C                        	MOV	DWORD [12+EBP],EAX
   510 00000420 8D 65 F4                        	LEA	ESP,DWORD [-12+EBP]
   511 00000423 5B                              	POP	EBX
   512 00000424 5E                              	POP	ESI
   513 00000425 5F                              	POP	EDI
   514 00000426 5D                              	POP	EBP
   515 00000427 E9 [00000000]                   	JMP	_put_johab
   516 0000042C                                 L69:
   517 0000042C 8A 00                           	MOV	AL,BYTE [EAX]
   518 0000042E 3C 0A                           	CMP	AL,10
   519 00000430 74 BD                           	JE	L63
   520 00000432 3C 0D                           	CMP	AL,13
   521 00000434 74 B9                           	JE	L63
   522 00000436 3C 09                           	CMP	AL,9
   523 00000438 74 B5                           	JE	L63
   524 0000043A 0F B6 C0                        	MOVZX	EAX,AL
   525 0000043D C1 E0 04                        	SAL	EAX,4
   526 00000440 03 05 [00000000]                	ADD	EAX,DWORD [_system_font]
   527 00000446 89 45 1C                        	MOV	DWORD [28+EBP],EAX
   528 00000449 0F BE C1                        	MOVSX	EAX,CL
   529 0000044C 89 45 18                        	MOV	DWORD [24+EBP],EAX
   530 0000044F 8D 65 F4                        	LEA	ESP,DWORD [-12+EBP]
   531 00000452 5B                              	POP	EBX
   532 00000453 5E                              	POP	ESI
   533 00000454 5F                              	POP	EDI
   534 00000455 5D                              	POP	EBP
   535 00000456 E9 FFFFFED7                     	JMP	_putfont8
   536 0000045B                                 	GLOBAL	_putfonts
   537 0000045B                                 _putfonts:
   538 0000045B 55                              	PUSH	EBP
   539 0000045C 89 E5                           	MOV	EBP,ESP
   540 0000045E 57                              	PUSH	EDI
   541 0000045F 56                              	PUSH	ESI
   542 00000460 53                              	PUSH	EBX
   543 00000461 51                              	PUSH	ECX
   544 00000462 8B 5D 1C                        	MOV	EBX,DWORD [28+EBP]
   545 00000465 8A 45 18                        	MOV	AL,BYTE [24+EBP]
   546 00000468 88 45 F3                        	MOV	BYTE [-13+EBP],AL
   547 0000046B 8B 7D 10                        	MOV	EDI,DWORD [16+EBP]
   548 0000046E 80 3B 00                        	CMP	BYTE [EBX],0
   549 00000471 75 08                           	JNE	L77
   550 00000473                                 L79:
   551 00000473 8D 65 F4                        	LEA	ESP,DWORD [-12+EBP]
   552 00000476 5B                              	POP	EBX
   553 00000477 5E                              	POP	ESI
   554 00000478 5F                              	POP	EDI
   555 00000479 5D                              	POP	EBP
   556 0000047A C3                              	RET
   557 0000047B                                 L77:
   558 0000047B 0F B6 03                        	MOVZX	EAX,BYTE [EBX]
   559 0000047E 50                              	PUSH	EAX
   560 0000047F E8 [00000000]                   	CALL	_utf8_byte_len
   561 00000484 89 C6                           	MOV	ESI,EAX
   562 00000486 50                              	PUSH	EAX
   563 00000487 53                              	PUSH	EBX
   564 00000488 0F BE 45 F3                     	MOVSX	EAX,BYTE [-13+EBP]
   565 0000048C 50                              	PUSH	EAX
   566 0000048D FF 75 14                        	PUSH	DWORD [20+EBP]
   567 00000490 57                              	PUSH	EDI
   568 00000491 FF 75 0C                        	PUSH	DWORD [12+EBP]
   569 00000494 FF 75 08                        	PUSH	DWORD [8+EBP]
   570 00000497 E8 FFFFFF1C                     	CALL	_putfont
   571 0000049C 83 C4 20                        	ADD	ESP,32
   572 0000049F 83 FE 01                        	CMP	ESI,1
   573 000004A2 74 0C                           	JE	L80
   574 000004A4 83 C7 10                        	ADD	EDI,16
   575 000004A7                                 L76:
   576 000004A7 01 F3                           	ADD	EBX,ESI
   577 000004A9 80 3B 00                        	CMP	BYTE [EBX],0
   578 000004AC 75 CD                           	JNE	L77
   579 000004AE EB C3                           	JMP	L79
   580 000004B0                                 L80:
   581 000004B0 83 C7 08                        	ADD	EDI,8
   582 000004B3 EB F2                           	JMP	L76
   583 000004B5                                 	GLOBAL	_putfonts8_asc
   584 000004B5                                 _putfonts8_asc:
   585 000004B5 55                              	PUSH	EBP
   586 000004B6 89 E5                           	MOV	EBP,ESP
   587 000004B8 57                              	PUSH	EDI
   588 000004B9 56                              	PUSH	ESI
   589 000004BA 53                              	PUSH	EBX
   590 000004BB 53                              	PUSH	EBX
   591 000004BC 8B 5D 1C                        	MOV	EBX,DWORD [28+EBP]
   592 000004BF 8A 45 18                        	MOV	AL,BYTE [24+EBP]
   593 000004C2 88 45 F3                        	MOV	BYTE [-13+EBP],AL
   594 000004C5 8B 75 10                        	MOV	ESI,DWORD [16+EBP]
   595 000004C8 8B 7D 14                        	MOV	EDI,DWORD [20+EBP]
   596 000004CB 80 3B 00                        	CMP	BYTE [EBX],0
   597 000004CE 75 08                           	JNE	L86
   598 000004D0                                 L88:
   599 000004D0 8D 65 F4                        	LEA	ESP,DWORD [-12+EBP]
   600 000004D3 5B                              	POP	EBX
   601 000004D4 5E                              	POP	ESI
   602 000004D5 5F                              	POP	EDI
   603 000004D6 5D                              	POP	EBP
   604 000004D7 C3                              	RET
   605 000004D8                                 L86:
   606 000004D8 0F B6 03                        	MOVZX	EAX,BYTE [EBX]
   607 000004DB C1 E0 04                        	SAL	EAX,4
   608 000004DE 43                              	INC	EBX
   609 000004DF 03 05 [00000000]                	ADD	EAX,DWORD [_system_font]
   610 000004E5 50                              	PUSH	EAX
   611 000004E6 0F BE 45 F3                     	MOVSX	EAX,BYTE [-13+EBP]
   612 000004EA 50                              	PUSH	EAX
   613 000004EB 57                              	PUSH	EDI
   614 000004EC 56                              	PUSH	ESI
   615 000004ED 83 C6 08                        	ADD	ESI,8
   616 000004F0 FF 75 0C                        	PUSH	DWORD [12+EBP]
   617 000004F3 FF 75 08                        	PUSH	DWORD [8+EBP]
   618 000004F6 E8 FFFFFE37                     	CALL	_putfont8
   619 000004FB 83 C4 18                        	ADD	ESP,24
   620 000004FE 80 3B 00                        	CMP	BYTE [EBX],0
   621 00000501 75 D5                           	JNE	L86
   622 00000503 EB CB                           	JMP	L88
   623                                          [SECTION .data]
   624 00000034                                 _cursor.1:
   625 00000034 2A 2A 2A 2A 2A 2A 2A 2A 2A 2A   	DB	"**************.."
       0000003E 2A 2A 2A 2A 2E 2E 
   626 00000044 2A 4F 4F 4F 4F 4F 4F 4F 4F 4F   	DB	"*OOOOOOOOOOO*..."
       0000004E 4F 4F 2A 2E 2E 2E 
   627 00000054 2A 4F 4F 4F 4F 4F 4F 4F 4F 4F   	DB	"*OOOOOOOOOO*...."
       0000005E 4F 2A 2E 2E 2E 2E 
   628 00000064 2A 4F 4F 4F 4F 4F 4F 4F 4F 4F   	DB	"*OOOOOOOOO*....."
       0000006E 2A 2E 2E 2E 2E 2E 
   629 00000074 2A 4F 4F 4F 4F 4F 4F 4F 4F 2A   	DB	"*OOOOOOOO*......"
       0000007E 2E 2E 2E 2E 2E 2E 
   630 00000084 2A 4F 4F 4F 4F 4F 4F 4F 2A 2E   	DB	"*OOOOOOO*......."
       0000008E 2E 2E 2E 2E 2E 2E 
   631 00000094 2A 4F 4F 4F 4F 4F 4F 4F 2A 2E   	DB	"*OOOOOOO*......."
       0000009E 2E 2E 2E 2E 2E 2E 
   632 000000A4 2A 4F 4F 4F 4F 4F 4F 4F 4F 2A   	DB	"*OOOOOOOO*......"
       000000AE 2E 2E 2E 2E 2E 2E 
   633 000000B4 2A 4F 4F 4F 4F 2A 2A 4F 4F 4F   	DB	"*OOOO**OOO*....."
       000000BE 2A 2E 2E 2E 2E 2E 
   634 000000C4 2A 4F 4F 4F 2A 2E 2E 2A 4F 4F   	DB	"*OOO*..*OOO*...."
       000000CE 4F 2A 2E 2E 2E 2E 
   635 000000D4 2A 4F 4F 2A 2E 2E 2E 2E 2A 4F   	DB	"*OO*....*OOO*..."
       000000DE 4F 4F 2A 2E 2E 2E 
   636 000000E4 2A 4F 2A 2E 2E 2E 2E 2E 2E 2A   	DB	"*O*......*OOO*.."
       000000EE 4F 4F 4F 2A 2E 2E 
   637 000000F4 2A 2A 2E 2E 2E 2E 2E 2E 2E 2E   	DB	"**........*OOO*."
       000000FE 2A 4F 4F 4F 2A 2E 
   638 00000104 2A 2E 2E 2E 2E 2E 2E 2E 2E 2E   	DB	"*..........*OOO*"
       0000010E 2E 2A 4F 4F 4F 2A 
   639 00000114 2E 2E 2E 2E 2E 2E 2E 2E 2E 2E   	DB	"............*OO*"
       0000011E 2E 2E 2A 4F 4F 2A 
   640 00000124 2E 2E 2E 2E 2E 2E 2E 2E 2E 2E   	DB	".............***"
       0000012E 2E 2E 2E 2A 2A 2A 
   641                                          [SECTION .text]
   642 00000505                                 	GLOBAL	_init_mouse_cursor8
   643 00000505                                 _init_mouse_cursor8:
   644 00000505 55                              	PUSH	EBP
   645 00000506 89 E5                           	MOV	EBP,ESP
   646 00000508 57                              	PUSH	EDI
   647 00000509 56                              	PUSH	ESI
   648 0000050A 53                              	PUSH	EBX
   649 0000050B 31 DB                           	XOR	EBX,EBX
   650 0000050D 57                              	PUSH	EDI
   651 0000050E 31 FF                           	XOR	EDI,EDI
   652 00000510 8A 45 0C                        	MOV	AL,BYTE [12+EBP]
   653 00000513 8B 75 08                        	MOV	ESI,DWORD [8+EBP]
   654 00000516 88 45 F3                        	MOV	BYTE [-13+EBP],AL
   655 00000519                                 L102:
   656 00000519 31 D2                           	XOR	EDX,EDX
   657 0000051B                                 L101:
   658 0000051B 8D 04 3A                        	LEA	EAX,DWORD [EDX+EDI*1]
   659 0000051E 80 B8 [00000034] 2A             	CMP	BYTE [_cursor.1+EAX],42
   660 00000525 74 35                           	JE	L107
   661 00000527                                 L98:
   662 00000527 80 B8 [00000034] 4F             	CMP	BYTE [_cursor.1+EAX],79
   663 0000052E 74 26                           	JE	L108
   664 00000530                                 L99:
   665 00000530 80 B8 [00000034] 2E             	CMP	BYTE [_cursor.1+EAX],46
   666 00000537 74 15                           	JE	L109
   667 00000539                                 L96:
   668 00000539 42                              	INC	EDX
   669 0000053A 83 FA 0F                        	CMP	EDX,15
   670 0000053D 7E DC                           	JLE	L101
   671 0000053F 43                              	INC	EBX
   672 00000540 83 C7 10                        	ADD	EDI,16
   673 00000543 83 FB 0F                        	CMP	EBX,15
   674 00000546 7E D1                           	JLE	L102
   675 00000548 5E                              	POP	ESI
   676 00000549 5B                              	POP	EBX
   677 0000054A 5E                              	POP	ESI
   678 0000054B 5F                              	POP	EDI
   679 0000054C 5D                              	POP	EBP
   680 0000054D C3                              	RET
   681 0000054E                                 L109:
   682 0000054E 8A 4D F3                        	MOV	CL,BYTE [-13+EBP]
   683 00000551 88 0C 30                        	MOV	BYTE [EAX+ESI*1],CL
   684 00000554 EB E3                           	JMP	L96
   685 00000556                                 L108:
   686 00000556 C6 04 30 07                     	MOV	BYTE [EAX+ESI*1],7
   687 0000055A EB D4                           	JMP	L99
   688 0000055C                                 L107:
   689 0000055C C6 04 30 00                     	MOV	BYTE [EAX+ESI*1],0
   690 00000560 EB C5                           	JMP	L98
   691 00000562                                 	GLOBAL	_putblock8_8
   692 00000562                                 _putblock8_8:
   693 00000562 55                              	PUSH	EBP
   694 00000563 89 E5                           	MOV	EBP,ESP
   695 00000565 57                              	PUSH	EDI
   696 00000566 56                              	PUSH	ESI
   697 00000567 31 F6                           	XOR	ESI,ESI
   698 00000569 53                              	PUSH	EBX
   699 0000056A 83 EC 0C                        	SUB	ESP,12
   700 0000056D 3B 75 14                        	CMP	ESI,DWORD [20+EBP]
   701 00000570 7D 3E                           	JGE	L122
   702 00000572 31 FF                           	XOR	EDI,EDI
   703 00000574                                 L120:
   704 00000574 31 DB                           	XOR	EBX,EBX
   705 00000576 3B 5D 10                        	CMP	EBX,DWORD [16+EBP]
   706 00000579 7D 2C                           	JGE	L124
   707 0000057B 8B 45 20                        	MOV	EAX,DWORD [32+EBP]
   708 0000057E 01 F8                           	ADD	EAX,EDI
   709 00000580 89 45 EC                        	MOV	DWORD [-20+EBP],EAX
   710 00000583                                 L119:
   711 00000583 8B 45 1C                        	MOV	EAX,DWORD [28+EBP]
   712 00000586 8B 55 18                        	MOV	EDX,DWORD [24+EBP]
   713 00000589 01 F0                           	ADD	EAX,ESI
   714 0000058B 01 DA                           	ADD	EDX,EBX
   715 0000058D 0F AF 45 0C                     	IMUL	EAX,DWORD [12+EBP]
   716 00000591 01 D0                           	ADD	EAX,EDX
   717 00000593 8B 4D 08                        	MOV	ECX,DWORD [8+EBP]
   718 00000596 8B 55 EC                        	MOV	EDX,DWORD [-20+EBP]
   719 00000599 43                              	INC	EBX
   720 0000059A 8A 12                           	MOV	DL,BYTE [EDX]
   721 0000059C 88 14 08                        	MOV	BYTE [EAX+ECX*1],DL
   722 0000059F FF 45 EC                        	INC	DWORD [-20+EBP]
   723 000005A2 3B 5D 10                        	CMP	EBX,DWORD [16+EBP]
   724 000005A5 7C DC                           	JL	L119
   725 000005A7                                 L124:
   726 000005A7 46                              	INC	ESI
   727 000005A8 03 7D 24                        	ADD	EDI,DWORD [36+EBP]
   728 000005AB 3B 75 14                        	CMP	ESI,DWORD [20+EBP]
   729 000005AE 7C C4                           	JL	L120
   730 000005B0                                 L122:
   731 000005B0 83 C4 0C                        	ADD	ESP,12
   732 000005B3 5B                              	POP	EBX
   733 000005B4 5E                              	POP	ESI
   734 000005B5 5F                              	POP	EDI
   735 000005B6 5D                              	POP	EBP
   736 000005B7 C3                              	RET
