     1 00000000                                 [FORMAT "WCOFF"]
     2 00000000                                 [INSTRSET "i486p"]
     3 00000000                                 [OPTIMIZE 1]
     4 00000000                                 [OPTION 1]
     5 00000000                                 [BITS 32]
     6 00000000                                 	EXTERN	_init_gdtidt
     7 00000000                                 	EXTERN	_init_pic
     8 00000000                                 	EXTERN	_io_sti
     9 00000000                                 	EXTERN	_fifo32_init
    10 00000000                                 	EXTERN	_init_pit
    11 00000000                                 	EXTERN	_init_keyboard
    12 00000000                                 	EXTERN	_enable_mouse
    13 00000000                                 	EXTERN	_io_out8
    14 00000000                                 	EXTERN	_memtest
    15 00000000                                 	EXTERN	_memman_init
    16 00000000                                 	EXTERN	_memman_free
    17 00000000                                 	EXTERN	_init_palette
    18 00000000                                 	EXTERN	_shtctl_init
    19 00000000                                 	EXTERN	_task_init
    20 00000000                                 	EXTERN	_task_run
    21 00000000                                 	EXTERN	_sheet_alloc
    22 00000000                                 	EXTERN	_memman_alloc_4k
    23 00000000                                 	EXTERN	_sheet_setbuf
    24 00000000                                 	EXTERN	_init_screen8
    25 00000000                                 	EXTERN	_file_readfat
    26 00000000                                 	EXTERN	_file_search
    27 00000000                                 	EXTERN	_file_loadfile
    28 00000000                                 	EXTERN	_system_font
    29 00000000                                 	EXTERN	_memman_free_4k
    30 00000000                                 	EXTERN	_init_mouse_cursor8
    31 00000000                                 	EXTERN	_sheet_slide
    32 00000000                                 	EXTERN	_sheet_updown
    33 00000000                                 	EXTERN	_fifo32_put
    34 00000000                                 	EXTERN	_putfonts_sht
    35 00000000                                 	EXTERN	_fifo32_status
    36 00000000                                 	EXTERN	_io_cli
    37 00000000                                 	EXTERN	_fifo32_get
    38 00000000                                 	EXTERN	_sheet_free
    39 00000000                                 	EXTERN	_taskctl
    40 00000000                                 	EXTERN	_mouse_decode
    41 00000000                                 	EXTERN	_cons_putstr
    42 00000000                                 	EXTERN	_asm_end_app
    43 00000000                                 	EXTERN	_keytable0.0
    44 00000000                                 	EXTERN	_wait_KBC_sendready
    45 00000000                                 	EXTERN	_keytable1.1
    46 00000000                                 	EXTERN	_task_sleep
    47 00000000                                 	EXTERN	_hankaku
    48 00000000                                 	EXTERN	_change_wtitle8
    49 00000000                                 	EXTERN	_task_alloc
    50 00000000                                 	EXTERN	_console_task
    51 00000000                                 	EXTERN	_make_window8
    52 00000000                                 	EXTERN	_make_textbox8
    53 00000000                                 [FILE "bootpack.c"]
    54                                          [SECTION .data]
    55 00000000                                 _keytable0.0:
    56 00000000 00                              	DB	0
    57 00000001 00                              	DB	0
    58 00000002 31                              	DB	49
    59 00000003 32                              	DB	50
    60 00000004 33                              	DB	51
    61 00000005 34                              	DB	52
    62 00000006 35                              	DB	53
    63 00000007 36                              	DB	54
    64 00000008 37                              	DB	55
    65 00000009 38                              	DB	56
    66 0000000A 39                              	DB	57
    67 0000000B 30                              	DB	48
    68 0000000C 2D                              	DB	45
    69 0000000D 3D                              	DB	61
    70 0000000E 08                              	DB	8
    71 0000000F 00                              	DB	0
    72 00000010 51                              	DB	81
    73 00000011 57                              	DB	87
    74 00000012 45                              	DB	69
    75 00000013 52                              	DB	82
    76 00000014 54                              	DB	84
    77 00000015 59                              	DB	89
    78 00000016 55                              	DB	85
    79 00000017 49                              	DB	73
    80 00000018 4F                              	DB	79
    81 00000019 50                              	DB	80
    82 0000001A 5B                              	DB	91
    83 0000001B 5D                              	DB	93
    84 0000001C 0A                              	DB	10
    85 0000001D 00                              	DB	0
    86 0000001E 41                              	DB	65
    87 0000001F 53                              	DB	83
    88 00000020 44                              	DB	68
    89 00000021 46                              	DB	70
    90 00000022 47                              	DB	71
    91 00000023 48                              	DB	72
    92 00000024 4A                              	DB	74
    93 00000025 4B                              	DB	75
    94 00000026 4C                              	DB	76
    95 00000027 3B                              	DB	59
    96 00000028 27                              	DB	39
    97 00000029 60                              	DB	96
    98 0000002A 00                              	DB	0
    99 0000002B 5C                              	DB	92
   100 0000002C 5A                              	DB	90
   101 0000002D 58                              	DB	88
   102 0000002E 43                              	DB	67
   103 0000002F 56                              	DB	86
   104 00000030 42                              	DB	66
   105 00000031 4E                              	DB	78
   106 00000032 4D                              	DB	77
   107 00000033 2C                              	DB	44
   108 00000034 2E                              	DB	46
   109 00000035 2F                              	DB	47
   110 00000036 00                              	DB	0
   111 00000037 2A                              	DB	42
   112 00000038 00                              	DB	0
   113 00000039 20                              	DB	32
   114 0000003A 00                              	DB	0
   115 0000003B 00                              	DB	0
   116 0000003C 00                              	DB	0
   117 0000003D 00                              	DB	0
   118 0000003E 00                              	DB	0
   119 0000003F 00                              	DB	0
   120 00000040 00                              	DB	0
   121 00000041 00                              	DB	0
   122 00000042 00                              	DB	0
   123 00000043 00                              	DB	0
   124 00000044 00                              	DB	0
   125 00000045 00                              	DB	0
   126 00000046 00                              	DB	0
   127 00000047 37                              	DB	55
   128 00000048 38                              	DB	56
   129 00000049 39                              	DB	57
   130 0000004A 2D                              	DB	45
   131 0000004B 34                              	DB	52
   132 0000004C 35                              	DB	53
   133 0000004D 36                              	DB	54
   134 0000004E 2B                              	DB	43
   135 0000004F 31                              	DB	49
   136 00000050 32                              	DB	50
   137 00000051 33                              	DB	51
   138 00000052 30                              	DB	48
   139 00000053 2E                              	DB	46
   140 00000054 00                              	DB	0
   141 00000055 00                              	DB	0
   142 00000056 00                              	DB	0
   143 00000057 00                              	DB	0
   144 00000058 00                              	DB	0
   145 00000059 00                              	DB	0
   146 0000005A 00                              	DB	0
   147 0000005B 00                              	DB	0
   148 0000005C 00                              	DB	0
   149 0000005D 00                              	DB	0
   150 0000005E 00                              	DB	0
   151 0000005F 00                              	DB	0
   152 00000060 00                              	DB	0
   153 00000061 00                              	DB	0
   154 00000062 00                              	DB	0
   155 00000063 00                              	DB	0
   156 00000064 00                              	DB	0
   157 00000065 00                              	DB	0
   158 00000066 00                              	DB	0
   159 00000067 00                              	DB	0
   160 00000068 00                              	DB	0
   161 00000069 00                              	DB	0
   162 0000006A 00                              	DB	0
   163 0000006B 00                              	DB	0
   164 0000006C 00                              	DB	0
   165 0000006D 00                              	DB	0
   166 0000006E 00                              	DB	0
   167 0000006F 00                              	DB	0
   168 00000070 00                              	DB	0
   169 00000071 00                              	DB	0
   170 00000072 00                              	DB	0
   171 00000073 5C                              	DB	92
   172 00000074 00                              	DB	0
   173 00000075 00                              	DB	0
   174 00000076 00                              	DB	0
   175 00000077 00                              	DB	0
   176 00000078 00                              	DB	0
   177 00000079 00                              	DB	0
   178 0000007A 00                              	DB	0
   179 0000007B 00                              	DB	0
   180 0000007C 00                              	DB	0
   181 0000007D 5C                              	DB	92
   182 0000007E 00                              	DB	0
   183 0000007F 00                              	DB	0
   184 00000080                                 _keytable1.1:
   185 00000080 00                              	DB	0
   186 00000081 00                              	DB	0
   187 00000082 21                              	DB	33
   188 00000083 40                              	DB	64
   189 00000084 23                              	DB	35
   190 00000085 24                              	DB	36
   191 00000086 25                              	DB	37
   192 00000087 5E                              	DB	94
   193 00000088 26                              	DB	38
   194 00000089 2A                              	DB	42
   195 0000008A 28                              	DB	40
   196 0000008B 29                              	DB	41
   197 0000008C 5F                              	DB	95
   198 0000008D 2B                              	DB	43
   199 0000008E 08                              	DB	8
   200 0000008F 00                              	DB	0
   201 00000090 51                              	DB	81
   202 00000091 57                              	DB	87
   203 00000092 45                              	DB	69
   204 00000093 52                              	DB	82
   205 00000094 54                              	DB	84
   206 00000095 59                              	DB	89
   207 00000096 55                              	DB	85
   208 00000097 49                              	DB	73
   209 00000098 4F                              	DB	79
   210 00000099 50                              	DB	80
   211 0000009A 7B                              	DB	123
   212 0000009B 7D                              	DB	125
   213 0000009C 0A                              	DB	10
   214 0000009D 00                              	DB	0
   215 0000009E 41                              	DB	65
   216 0000009F 53                              	DB	83
   217 000000A0 44                              	DB	68
   218 000000A1 46                              	DB	70
   219 000000A2 47                              	DB	71
   220 000000A3 48                              	DB	72
   221 000000A4 4A                              	DB	74
   222 000000A5 4B                              	DB	75
   223 000000A6 4C                              	DB	76
   224 000000A7 3A                              	DB	58
   225 000000A8 22                              	DB	34
   226 000000A9 7E                              	DB	126
   227 000000AA 00                              	DB	0
   228 000000AB 7C                              	DB	124
   229 000000AC 5A                              	DB	90
   230 000000AD 58                              	DB	88
   231 000000AE 43                              	DB	67
   232 000000AF 56                              	DB	86
   233 000000B0 42                              	DB	66
   234 000000B1 4E                              	DB	78
   235 000000B2 4D                              	DB	77
   236 000000B3 3C                              	DB	60
   237 000000B4 3E                              	DB	62
   238 000000B5 3F                              	DB	63
   239 000000B6 00                              	DB	0
   240 000000B7 2A                              	DB	42
   241 000000B8 00                              	DB	0
   242 000000B9 20                              	DB	32
   243 000000BA 00                              	DB	0
   244 000000BB 00                              	DB	0
   245 000000BC 00                              	DB	0
   246 000000BD 00                              	DB	0
   247 000000BE 00                              	DB	0
   248 000000BF 00                              	DB	0
   249 000000C0 00                              	DB	0
   250 000000C1 00                              	DB	0
   251 000000C2 00                              	DB	0
   252 000000C3 00                              	DB	0
   253 000000C4 00                              	DB	0
   254 000000C5 00                              	DB	0
   255 000000C6 00                              	DB	0
   256 000000C7 37                              	DB	55
   257 000000C8 38                              	DB	56
   258 000000C9 39                              	DB	57
   259 000000CA 2D                              	DB	45
   260 000000CB 34                              	DB	52
   261 000000CC 35                              	DB	53
   262 000000CD 36                              	DB	54
   263 000000CE 2B                              	DB	43
   264 000000CF 31                              	DB	49
   265 000000D0 32                              	DB	50
   266 000000D1 33                              	DB	51
   267 000000D2 30                              	DB	48
   268 000000D3 2E                              	DB	46
   269 000000D4 00                              	DB	0
   270 000000D5 00                              	DB	0
   271 000000D6 00                              	DB	0
   272 000000D7 00                              	DB	0
   273 000000D8 00                              	DB	0
   274 000000D9 00                              	DB	0
   275 000000DA 00                              	DB	0
   276 000000DB 00                              	DB	0
   277 000000DC 00                              	DB	0
   278 000000DD 00                              	DB	0
   279 000000DE 00                              	DB	0
   280 000000DF 00                              	DB	0
   281 000000E0 00                              	DB	0
   282 000000E1 00                              	DB	0
   283 000000E2 00                              	DB	0
   284 000000E3 00                              	DB	0
   285 000000E4 00                              	DB	0
   286 000000E5 00                              	DB	0
   287 000000E6 00                              	DB	0
   288 000000E7 00                              	DB	0
   289 000000E8 00                              	DB	0
   290 000000E9 00                              	DB	0
   291 000000EA 00                              	DB	0
   292 000000EB 00                              	DB	0
   293 000000EC 00                              	DB	0
   294 000000ED 00                              	DB	0
   295 000000EE 00                              	DB	0
   296 000000EF 00                              	DB	0
   297 000000F0 00                              	DB	0
   298 000000F1 00                              	DB	0
   299 000000F2 00                              	DB	0
   300 000000F3 5F                              	DB	95
   301 000000F4 00                              	DB	0
   302 000000F5 00                              	DB	0
   303 000000F6 00                              	DB	0
   304 000000F7 00                              	DB	0
   305 000000F8 00                              	DB	0
   306 000000F9 00                              	DB	0
   307 000000FA 00                              	DB	0
   308 000000FB 00                              	DB	0
   309 000000FC 00                              	DB	0
   310 000000FD 7C                              	DB	124
   311 000000FE 00                              	DB	0
   312 000000FF 00                              	DB	0
   313 00000100                                 LC0:
   314 00000100 45 32 20 20 20 20 20 20 46 4E   	DB	"E2      FNT",0x00
       0000010A 54 00 
   315 0000010C                                 LC1:
   316 0000010C 48 30 34 20 20 20 20 20 46 4E   	DB	"H04     FNT",0x00
       00000116 54 00 
   317 00000118                                 LC2:
   318 00000118 EB A8 B8 EA BC AC 20 4F 53 20   	DB	0xEB,0xA8,0xB8,0xEA,0xBC,0xAC," OS v1.0",0x00
       00000122 76 31 2E 30 00 
   319 00000127                                 LC4:
   320 00000127 0A 42 72 65 61 6B 28 6D 6F 75   	DB	0x0A,"Break(mouse) :",0x0A,0x00
       00000131 73 65 29 20 3A 0A 00 
   321 00000138                                 LC3:
   322 00000138 0A 42 72 65 61 6B 28 6B 65 79   	DB	0x0A,"Break(key) :",0x0A,0x00
       00000142 29 20 3A 0A 00 
   323                                          [SECTION .text]
   324 00000000                                 	GLOBAL	_HariMain
   325 00000000                                 _HariMain:
   326 00000000 55                              	PUSH	EBP
   327 00000001 89 E5                           	MOV	EBP,ESP
   328 00000003 57                              	PUSH	EDI
   329 00000004 56                              	PUSH	ESI
   330 00000005 53                              	PUSH	EBX
   331 00000006 8D 5D D4                        	LEA	EBX,DWORD [-44+EBP]
   332 00000009 81 EC 00000460                  	SUB	ESP,1120
   333 0000000F C7 85 FFFFFBE0 00000000         	MOV	DWORD [-1056+EBP],0
   334 00000019 C7 85 FFFFFBD4 FFFFFFFF         	MOV	DWORD [-1068+EBP],-1
   335 00000023 C7 85 FFFFFBD0 00000000         	MOV	DWORD [-1072+EBP],0
   336 0000002D C7 85 FFFFFBCC 7FFFFFFF         	MOV	DWORD [-1076+EBP],2147483647
   337 00000037 C7 85 FFFFFBC8 00000000         	MOV	DWORD [-1080+EBP],0
   338 00000041 C7 85 FFFFFBC0 FFFFFFFF         	MOV	DWORD [-1088+EBP],-1
   339 0000004B C7 85 FFFFFBBC FFFFFFFF         	MOV	DWORD [-1092+EBP],-1
   340 00000055 C7 85 FFFFFBB8 00000000         	MOV	DWORD [-1096+EBP],0
   341 0000005F C7 85 FFFFFBB4 00000000         	MOV	DWORD [-1100+EBP],0
   342 00000069 C7 85 FFFFFBB0 00000000         	MOV	DWORD [-1104+EBP],0
   343 00000073 A0 00000FF1                     	MOV	AL,BYTE [4081]
   344 00000078 C0 F8 04                        	SAR	AL,4
   345 0000007B 89 C2                           	MOV	EDX,EAX
   346 0000007D 83 E2 07                        	AND	EDX,7
   347 00000080 89 95 FFFFFBAC                  	MOV	DWORD [-1108+EBP],EDX
   348 00000086 C7 85 FFFFFBA8 FFFFFFFF         	MOV	DWORD [-1112+EBP],-1
   349 00000090 E8 [00000000]                   	CALL	_init_gdtidt
   350 00000095 E8 [00000000]                   	CALL	_init_pic
   351 0000009A E8 [00000000]                   	CALL	_io_sti
   352 0000009F 8D 85 FFFFFD74                  	LEA	EAX,DWORD [-652+EBP]
   353 000000A5 6A 00                           	PUSH	0
   354 000000A7 50                              	PUSH	EAX
   355 000000A8 68 00000080                     	PUSH	128
   356 000000AD 53                              	PUSH	EBX
   357 000000AE E8 [00000000]                   	CALL	_fifo32_init
   358 000000B3 89 1D 00000FEC                  	MOV	DWORD [4076],EBX
   359 000000B9 E8 [00000000]                   	CALL	_init_pit
   360 000000BE 68 00000100                     	PUSH	256
   361 000000C3 53                              	PUSH	EBX
   362 000000C4 E8 [00000000]                   	CALL	_init_keyboard
   363 000000C9 8D 45 A4                        	LEA	EAX,DWORD [-92+EBP]
   364 000000CC 50                              	PUSH	EAX
   365 000000CD 68 00000200                     	PUSH	512
   366 000000D2 53                              	PUSH	EBX
   367 000000D3 E8 [00000000]                   	CALL	_enable_mouse
   368 000000D8 83 C4 24                        	ADD	ESP,36
   369 000000DB 68 000000F8                     	PUSH	248
   370 000000E0 6A 21                           	PUSH	33
   371 000000E2 E8 [00000000]                   	CALL	_io_out8
   372 000000E7 68 000000EF                     	PUSH	239
   373 000000EC 68 000000A1                     	PUSH	161
   374 000000F1 E8 [00000000]                   	CALL	_io_out8
   375 000000F6 8D 85 FFFFFCF4                  	LEA	EAX,DWORD [-780+EBP]
   376 000000FC 6A 00                           	PUSH	0
   377 000000FE 50                              	PUSH	EAX
   378 000000FF 8D 45 B4                        	LEA	EAX,DWORD [-76+EBP]
   379 00000102 6A 20                           	PUSH	32
   380 00000104 50                              	PUSH	EAX
   381 00000105 E8 [00000000]                   	CALL	_fifo32_init
   382 0000010A 83 C4 20                        	ADD	ESP,32
   383 0000010D 68 BFFFFFFF                     	PUSH	-1073741825
   384 00000112 68 00400000                     	PUSH	4194304
   385 00000117 E8 [00000000]                   	CALL	_memtest
   386 0000011C 68 003C0000                     	PUSH	3932160
   387 00000121 89 85 FFFFFBC4                  	MOV	DWORD [-1084+EBP],EAX
   388 00000127 E8 [00000000]                   	CALL	_memman_init
   389 0000012C 68 0009E000                     	PUSH	647168
   390 00000131 68 00001000                     	PUSH	4096
   391 00000136 68 003C0000                     	PUSH	3932160
   392 0000013B E8 [00000000]                   	CALL	_memman_free
   393 00000140 8B 85 FFFFFBC4                  	MOV	EAX,DWORD [-1084+EBP]
   394 00000146 2D 00400000                     	SUB	EAX,4194304
   395 0000014B 50                              	PUSH	EAX
   396 0000014C 68 00400000                     	PUSH	4194304
   397 00000151 68 003C0000                     	PUSH	3932160
   398 00000156 E8 [00000000]                   	CALL	_memman_free
   399 0000015B 83 C4 24                        	ADD	ESP,36
   400 0000015E E8 [00000000]                   	CALL	_init_palette
   401 00000163 0F BF 05 00000FF6               	MOVSX	EAX,WORD [4086]
   402 0000016A 50                              	PUSH	EAX
   403 0000016B 0F BF 05 00000FF4               	MOVSX	EAX,WORD [4084]
   404 00000172 50                              	PUSH	EAX
   405 00000173 FF 35 00000FF8                  	PUSH	DWORD [4088]
   406 00000179 68 003C0000                     	PUSH	3932160
   407 0000017E E8 [00000000]                   	CALL	_shtctl_init
   408 00000183 68 003C0000                     	PUSH	3932160
   409 00000188 89 85 FFFFFBF0                  	MOV	DWORD [-1040+EBP],EAX
   410 0000018E E8 [00000000]                   	CALL	_task_init
   411 00000193 6A 02                           	PUSH	2
   412 00000195 6A 01                           	PUSH	1
   413 00000197 89 85 FFFFFBE4                  	MOV	DWORD [-1052+EBP],EAX
   414 0000019D 50                              	PUSH	EAX
   415 0000019E 89 45 EC                        	MOV	DWORD [-20+EBP],EAX
   416 000001A1 E8 [00000000]                   	CALL	_task_run
   417 000001A6 83 C4 20                        	ADD	ESP,32
   418 000001A9 8B 95 FFFFFBE4                  	MOV	EDX,DWORD [-1052+EBP]
   419 000001AF 8B 85 FFFFFBF0                  	MOV	EAX,DWORD [-1040+EBP]
   420 000001B5 A3 00000FE4                     	MOV	DWORD [4068],EAX
   421 000001BA C6 82 000000BC 01               	MOV	BYTE [188+EDX],1
   422 000001C1 50                              	PUSH	EAX
   423 000001C2 E8 [00000000]                   	CALL	_sheet_alloc
   424 000001C7 0F BF 15 00000FF6               	MOVSX	EDX,WORD [4086]
   425 000001CE 89 85 FFFFFBEC                  	MOV	DWORD [-1044+EBP],EAX
   426 000001D4 0F BF 05 00000FF4               	MOVSX	EAX,WORD [4084]
   427 000001DB 0F AF C2                        	IMUL	EAX,EDX
   428 000001DE 50                              	PUSH	EAX
   429 000001DF 68 003C0000                     	PUSH	3932160
   430 000001E4 E8 [00000000]                   	CALL	_memman_alloc_4k
   431 000001E9 6A FF                           	PUSH	-1
   432 000001EB 89 C3                           	MOV	EBX,EAX
   433 000001ED 0F BF 05 00000FF6               	MOVSX	EAX,WORD [4086]
   434 000001F4 50                              	PUSH	EAX
   435 000001F5 0F BF 05 00000FF4               	MOVSX	EAX,WORD [4084]
   436 000001FC 50                              	PUSH	EAX
   437 000001FD 53                              	PUSH	EBX
   438 000001FE FF B5 FFFFFBEC                  	PUSH	DWORD [-1044+EBP]
   439 00000204 E8 [00000000]                   	CALL	_sheet_setbuf
   440 00000209 83 C4 20                        	ADD	ESP,32
   441 0000020C 0F BF 05 00000FF6               	MOVSX	EAX,WORD [4086]
   442 00000213 50                              	PUSH	EAX
   443 00000214 0F BF 05 00000FF4               	MOVSX	EAX,WORD [4084]
   444 0000021B 50                              	PUSH	EAX
   445 0000021C 53                              	PUSH	EBX
   446 0000021D E8 [00000000]                   	CALL	_init_screen8
   447 00000222 68 00002D00                     	PUSH	11520
   448 00000227 68 003C0000                     	PUSH	3932160
   449 0000022C C7 85 FFFFFBA0 00000000         	MOV	DWORD [-1120+EBP],0
   450 00000236 E8 [00000000]                   	CALL	_memman_alloc_4k
   451 0000023B 68 00100200                     	PUSH	1049088
   452 00000240 50                              	PUSH	EAX
   453 00000241 89 85 FFFFFBA4                  	MOV	DWORD [-1116+EBP],EAX
   454 00000247 E8 [00000000]                   	CALL	_file_readfat
   455 0000024C 68 000000E0                     	PUSH	224
   456 00000251 68 00102600                     	PUSH	1058304
   457 00000256 68 [00000100]                   	PUSH	LC0
   458 0000025B E8 [00000000]                   	CALL	_file_search
   459 00000260 83 C4 28                        	ADD	ESP,40
   460 00000263 89 C6                           	MOV	ESI,EAX
   461 00000265 68 000000E0                     	PUSH	224
   462 0000026A 68 00102600                     	PUSH	1058304
   463 0000026F 68 [0000010C]                   	PUSH	LC1
   464 00000274 E8 [00000000]                   	CALL	_file_search
   465 00000279 83 C4 0C                        	ADD	ESP,12
   466 0000027C 89 C7                           	MOV	EDI,EAX
   467 0000027E 85 C0                           	TEST	EAX,EAX
   468 00000280 74 09                           	JE	L2
   469 00000282 8B 40 1C                        	MOV	EAX,DWORD [28+EAX]
   470 00000285 89 85 FFFFFBA0                  	MOV	DWORD [-1120+EBP],EAX
   471 0000028B                                 L2:
   472 0000028B 8B 85 FFFFFBA0                  	MOV	EAX,DWORD [-1120+EBP]
   473 00000291 05 00001000                     	ADD	EAX,4096
   474 00000296 50                              	PUSH	EAX
   475 00000297 68 003C0000                     	PUSH	3932160
   476 0000029C E8 [00000000]                   	CALL	_memman_alloc_4k
   477 000002A1 85 F6                           	TEST	ESI,ESI
   478 000002A3 59                              	POP	ECX
   479 000002A4 89 C3                           	MOV	EBX,EAX
   480 000002A6 58                              	POP	EAX
   481 000002A7 0F 84 0000098E                  	JE	L3
   482 000002AD 68 00103E00                     	PUSH	1064448
   483 000002B2 FF B5 FFFFFBA4                  	PUSH	DWORD [-1116+EBP]
   484 000002B8 53                              	PUSH	EBX
   485 000002B9 FF 76 1C                        	PUSH	DWORD [28+ESI]
   486 000002BC 0F B7 46 1A                     	MOVZX	EAX,WORD [26+ESI]
   487 000002C0 50                              	PUSH	EAX
   488 000002C1 E8 [00000000]                   	CALL	_file_loadfile
   489 000002C6 83 C4 14                        	ADD	ESP,20
   490 000002C9                                 L4:
   491 000002C9 85 FF                           	TEST	EDI,EDI
   492 000002CB 0F 84 00000946                  	JE	L10
   493 000002D1 68 00103E00                     	PUSH	1064448
   494 000002D6 8D 83 00001000                  	LEA	EAX,DWORD [4096+EBX]
   495 000002DC FF B5 FFFFFBA4                  	PUSH	DWORD [-1116+EBP]
   496 000002E2 50                              	PUSH	EAX
   497 000002E3 FF 77 1C                        	PUSH	DWORD [28+EDI]
   498 000002E6 0F B7 47 1A                     	MOVZX	EAX,WORD [26+EDI]
   499 000002EA 50                              	PUSH	EAX
   500 000002EB E8 [00000000]                   	CALL	_file_loadfile
   501 000002F0 83 C4 14                        	ADD	ESP,20
   502 000002F3                                 L11:
   503 000002F3 8D 83 00001000                  	LEA	EAX,DWORD [4096+EBX]
   504 000002F9 89 1D [00000000]                	MOV	DWORD [_system_font],EBX
   505 000002FF A3 00000FE8                     	MOV	DWORD [4072],EAX
   506 00000304 8D 9D FFFFFBF4                  	LEA	EBX,DWORD [-1036+EBP]
   507 0000030A 68 00002D00                     	PUSH	11520
   508 0000030F FF B5 FFFFFBA4                  	PUSH	DWORD [-1116+EBP]
   509 00000315 68 003C0000                     	PUSH	3932160
   510 0000031A E8 [00000000]                   	CALL	_memman_free_4k
   511 0000031F 6A 01                           	PUSH	1
   512 00000321 FF B5 FFFFFBC4                  	PUSH	DWORD [-1084+EBP]
   513 00000327 FF B5 FFFFFBF0                  	PUSH	DWORD [-1040+EBP]
   514 0000032D E8 00000A2D                     	CALL	_open_console
   515 00000332 FF B5 FFFFFBF0                  	PUSH	DWORD [-1040+EBP]
   516 00000338 89 C7                           	MOV	EDI,EAX
   517 0000033A E8 [00000000]                   	CALL	_sheet_alloc
   518 0000033F 6A 63                           	PUSH	99
   519 00000341 6A 10                           	PUSH	16
   520 00000343 89 85 FFFFFBE8                  	MOV	DWORD [-1048+EBP],EAX
   521 00000349 6A 10                           	PUSH	16
   522 0000034B 53                              	PUSH	EBX
   523 0000034C 50                              	PUSH	EAX
   524 0000034D E8 [00000000]                   	CALL	_sheet_setbuf
   525 00000352 83 C4 30                        	ADD	ESP,48
   526 00000355 6A 63                           	PUSH	99
   527 00000357 53                              	PUSH	EBX
   528 00000358 BB 00000002                     	MOV	EBX,2
   529 0000035D E8 [00000000]                   	CALL	_init_mouse_cursor8
   530 00000362 0F BF 05 00000FF4               	MOVSX	EAX,WORD [4084]
   531 00000369 8D 48 F0                        	LEA	ECX,DWORD [-16+EAX]
   532 0000036C 89 C8                           	MOV	EAX,ECX
   533 0000036E 99                              	CDQ
   534 0000036F F7 FB                           	IDIV	EBX
   535 00000371 89 85 FFFFFBDC                  	MOV	DWORD [-1060+EBP],EAX
   536 00000377 0F BF 05 00000FF6               	MOVSX	EAX,WORD [4086]
   537 0000037E 6A 00                           	PUSH	0
   538 00000380 8D 48 D4                        	LEA	ECX,DWORD [-44+EAX]
   539 00000383 6A 00                           	PUSH	0
   540 00000385 89 C8                           	MOV	EAX,ECX
   541 00000387 99                              	CDQ
   542 00000388 F7 FB                           	IDIV	EBX
   543 0000038A FF B5 FFFFFBEC                  	PUSH	DWORD [-1044+EBP]
   544 00000390 89 85 FFFFFBD8                  	MOV	DWORD [-1064+EBP],EAX
   545 00000396 8D 5D B4                        	LEA	EBX,DWORD [-76+EBP]
   546 00000399 E8 [00000000]                   	CALL	_sheet_slide
   547 0000039E 6A 04                           	PUSH	4
   548 000003A0 6A 20                           	PUSH	32
   549 000003A2 57                              	PUSH	EDI
   550 000003A3 E8 [00000000]                   	CALL	_sheet_slide
   551 000003A8 83 C4 20                        	ADD	ESP,32
   552 000003AB FF B5 FFFFFBD8                  	PUSH	DWORD [-1064+EBP]
   553 000003B1 FF B5 FFFFFBDC                  	PUSH	DWORD [-1060+EBP]
   554 000003B7 FF B5 FFFFFBE8                  	PUSH	DWORD [-1048+EBP]
   555 000003BD E8 [00000000]                   	CALL	_sheet_slide
   556 000003C2 6A 00                           	PUSH	0
   557 000003C4 FF B5 FFFFFBEC                  	PUSH	DWORD [-1044+EBP]
   558 000003CA E8 [00000000]                   	CALL	_sheet_updown
   559 000003CF 6A 01                           	PUSH	1
   560 000003D1 57                              	PUSH	EDI
   561 000003D2 E8 [00000000]                   	CALL	_sheet_updown
   562 000003D7 6A 02                           	PUSH	2
   563 000003D9 FF B5 FFFFFBE8                  	PUSH	DWORD [-1048+EBP]
   564 000003DF E8 [00000000]                   	CALL	_sheet_updown
   565 000003E4 83 C4 24                        	ADD	ESP,36
   566 000003E7 57                              	PUSH	EDI
   567 000003E8 E8 00000895                     	CALL	_keywin_on
   568 000003ED 68 000000ED                     	PUSH	237
   569 000003F2 53                              	PUSH	EBX
   570 000003F3 E8 [00000000]                   	CALL	_fifo32_put
   571 000003F8 FF B5 FFFFFBAC                  	PUSH	DWORD [-1108+EBP]
   572 000003FE 53                              	PUSH	EBX
   573 000003FF E8 [00000000]                   	CALL	_fifo32_put
   574 00000404 6A 0C                           	PUSH	12
   575 00000406 68 [00000118]                   	PUSH	LC2
   576 0000040B 6A 0E                           	PUSH	14
   577 0000040D 6A 07                           	PUSH	7
   578 0000040F 6A 08                           	PUSH	8
   579 00000411 6A 08                           	PUSH	8
   580 00000413 FF B5 FFFFFBEC                  	PUSH	DWORD [-1044+EBP]
   581 00000419 E8 [00000000]                   	CALL	_putfonts_sht
   582 0000041E 83 C4 30                        	ADD	ESP,48
   583 00000421                                 L17:
   584 00000421 8D 5D B4                        	LEA	EBX,DWORD [-76+EBP]
   585 00000424 53                              	PUSH	EBX
   586 00000425 E8 [00000000]                   	CALL	_fifo32_status
   587 0000042A 5A                              	POP	EDX
   588 0000042B 85 C0                           	TEST	EAX,EAX
   589 0000042D 7E 0D                           	JLE	L20
   590 0000042F 83 BD FFFFFBA8 00               	CMP	DWORD [-1112+EBP],0
   591 00000436 0F 88 000007B5                  	JS	L99
   592 0000043C                                 L20:
   593 0000043C 8D 5D D4                        	LEA	EBX,DWORD [-44+EBP]
   594 0000043F E8 [00000000]                   	CALL	_io_cli
   595 00000444 53                              	PUSH	EBX
   596 00000445 E8 [00000000]                   	CALL	_fifo32_status
   597 0000044A 5E                              	POP	ESI
   598 0000044B 85 C0                           	TEST	EAX,EAX
   599 0000044D 0F 84 0000073F                  	JE	L100
   600 00000453 53                              	PUSH	EBX
   601 00000454 E8 [00000000]                   	CALL	_fifo32_get
   602 00000459 89 C6                           	MOV	ESI,EAX
   603 0000045B E8 [00000000]                   	CALL	_io_sti
   604 00000460 5B                              	POP	EBX
   605 00000461 85 FF                           	TEST	EDI,EDI
   606 00000463 74 27                           	JE	L27
   607 00000465 83 7F 1C 00                     	CMP	DWORD [28+EDI],0
   608 00000469 75 21                           	JNE	L27
   609 0000046B 8B 95 FFFFFBF0                  	MOV	EDX,DWORD [-1040+EBP]
   610 00000471 31 FF                           	XOR	EDI,EDI
   611 00000473 8B 42 10                        	MOV	EAX,DWORD [16+EDX]
   612 00000476 83 F8 01                        	CMP	EAX,1
   613 00000479 74 11                           	JE	L27
   614 0000047B 8B 95 FFFFFBF0                  	MOV	EDX,DWORD [-1040+EBP]
   615 00000481 8B 7C 82 10                     	MOV	EDI,DWORD [16+EDX+EAX*4]
   616 00000485 57                              	PUSH	EDI
   617 00000486 E8 000007F7                     	CALL	_keywin_on
   618 0000048B 59                              	POP	ECX
   619 0000048C                                 L27:
   620 0000048C 8D 86 FFFFFF00                  	LEA	EAX,DWORD [-256+ESI]
   621 00000492 3D 000000FF                     	CMP	EAX,255
   622 00000497 0F 86 00000390                  	JBE	L101
   623 0000049D 8D 86 FFFFFE00                  	LEA	EAX,DWORD [-512+ESI]
   624 000004A3 3D 000000FF                     	CMP	EAX,255
   625 000004A8 0F 86 00000093                  	JBE	L102
   626 000004AE 8D 86 FFFFFD00                  	LEA	EAX,DWORD [-768+ESI]
   627 000004B4 3D 000000FF                     	CMP	EAX,255
   628 000004B9 76 6E                           	JBE	L103
   629 000004BB 8D 86 FFFFFC00                  	LEA	EAX,DWORD [-1024+ESI]
   630 000004C1 3D 000003E7                     	CMP	EAX,999
   631 000004C6 76 43                           	JBE	L104
   632 000004C8 8D 86 FFFFF818                  	LEA	EAX,DWORD [-2024+ESI]
   633 000004CE 3D 000000FF                     	CMP	EAX,255
   634 000004D3 0F 87 FFFFFF48                  	JA	L17
   635 000004D9 6B C6 28                        	IMUL	EAX,ESI,40
   636 000004DC 03 85 FFFFFBF0                  	ADD	EAX,DWORD [-1040+EBP]
   637 000004E2 68 0000A500                     	PUSH	42240
   638 000004E7 FF B0 FFFEC7D4                  	PUSH	DWORD [-79916+EAX]
   639 000004ED 68 003C0000                     	PUSH	3932160
   640 000004F2 8D 98 FFFEC7D4                  	LEA	EBX,DWORD [-79916+EAX]
   641 000004F8 E8 [00000000]                   	CALL	_memman_free_4k
   642 000004FD 53                              	PUSH	EBX
   643 000004FE E8 [00000000]                   	CALL	_sheet_free
   644 00000503 83 C4 10                        	ADD	ESP,16
   645 00000506 E9 FFFFFF16                     	JMP	L17
   646 0000050B                                 L104:
   647 0000050B 69 F6 000000D4                  	IMUL	ESI,ESI,212
   648 00000511 03 35 [00000000]                	ADD	ESI,DWORD [_taskctl]
   649 00000517 8D 86 FFFCBFF8                  	LEA	EAX,DWORD [-213000+ESI]
   650 0000051D 50                              	PUSH	EAX
   651 0000051E E8 000008BE                     	CALL	_close_constask
   652 00000523                                 L94:
   653 00000523 58                              	POP	EAX
   654 00000524 E9 FFFFFEF8                     	JMP	L17
   655 00000529                                 L103:
   656 00000529 6B C6 28                        	IMUL	EAX,ESI,40
   657 0000052C 8B 95 FFFFFBF0                  	MOV	EDX,DWORD [-1040+EBP]
   658 00000532 8D 84 10 FFFF8C14               	LEA	EAX,DWORD [-29676+EAX+EDX*1]
   659 00000539 50                              	PUSH	EAX
   660 0000053A E8 000008E2                     	CALL	_close_console
   661 0000053F EB E2                           	JMP	L94
   662 00000541                                 L102:
   663 00000541 89 F2                           	MOV	EDX,ESI
   664 00000543 0F B6 C2                        	MOVZX	EAX,DL
   665 00000546 50                              	PUSH	EAX
   666 00000547 8D 45 A4                        	LEA	EAX,DWORD [-92+EBP]
   667 0000054A 50                              	PUSH	EAX
   668 0000054B E8 [00000000]                   	CALL	_mouse_decode
   669 00000550 59                              	POP	ECX
   670 00000551 5B                              	POP	EBX
   671 00000552 85 C0                           	TEST	EAX,EAX
   672 00000554 0F 84 FFFFFEC7                  	JE	L17
   673 0000055A 8B 45 AC                        	MOV	EAX,DWORD [-84+EBP]
   674 0000055D 8B 55 A8                        	MOV	EDX,DWORD [-88+EBP]
   675 00000560 01 85 FFFFFBD8                  	ADD	DWORD [-1064+EBP],EAX
   676 00000566 01 95 FFFFFBDC                  	ADD	DWORD [-1060+EBP],EDX
   677 0000056C 0F 88 000002AC                  	JS	L105
   678 00000572                                 L62:
   679 00000572 83 BD FFFFFBD8 00               	CMP	DWORD [-1064+EBP],0
   680 00000579 0F 88 00000290                  	JS	L106
   681 0000057F                                 L63:
   682 0000057F 0F BF 05 00000FF4               	MOVSX	EAX,WORD [4084]
   683 00000586 48                              	DEC	EAX
   684 00000587 39 85 FFFFFBDC                  	CMP	DWORD [-1060+EBP],EAX
   685 0000058D 7E 06                           	JLE	L64
   686 0000058F 89 85 FFFFFBDC                  	MOV	DWORD [-1060+EBP],EAX
   687 00000595                                 L64:
   688 00000595 0F BF 05 00000FF6               	MOVSX	EAX,WORD [4086]
   689 0000059C 48                              	DEC	EAX
   690 0000059D 39 85 FFFFFBD8                  	CMP	DWORD [-1064+EBP],EAX
   691 000005A3 7E 06                           	JLE	L65
   692 000005A5 89 85 FFFFFBD8                  	MOV	DWORD [-1064+EBP],EAX
   693 000005AB                                 L65:
   694 000005AB 8B 85 FFFFFBDC                  	MOV	EAX,DWORD [-1060+EBP]
   695 000005B1 8B 95 FFFFFBD8                  	MOV	EDX,DWORD [-1064+EBP]
   696 000005B7 89 85 FFFFFBD4                  	MOV	DWORD [-1068+EBP],EAX
   697 000005BD 89 95 FFFFFBD0                  	MOV	DWORD [-1072+EBP],EDX
   698 000005C3 F7 45 B0 00000001               	TEST	DWORD [-80+EBP],1
   699 000005CA 75 43                           	JNE	L107
   700 000005CC C7 85 FFFFFBC0 FFFFFFFF         	MOV	DWORD [-1088+EBP],-1
   701 000005D6 81 BD FFFFFBCC 7FFFFFFF         	CMP	DWORD [-1076+EBP],2147483647
   702 000005E0 0F 84 FFFFFE3B                  	JE	L17
   703 000005E6                                 L95:
   704 000005E6 FF B5 FFFFFBC8                  	PUSH	DWORD [-1080+EBP]
   705 000005EC FF B5 FFFFFBCC                  	PUSH	DWORD [-1076+EBP]
   706 000005F2 FF B5 FFFFFBE0                  	PUSH	DWORD [-1056+EBP]
   707 000005F8 E8 [00000000]                   	CALL	_sheet_slide
   708 000005FD C7 85 FFFFFBCC 7FFFFFFF         	MOV	DWORD [-1076+EBP],2147483647
   709 00000607                                 L96:
   710 00000607 83 C4 0C                        	ADD	ESP,12
   711 0000060A E9 FFFFFE12                     	JMP	L17
   712 0000060F                                 L107:
   713 0000060F 83 BD FFFFFBC0 00               	CMP	DWORD [-1088+EBP],0
   714 00000616 78 46                           	JS	L108
   715 00000618 8B 9D FFFFFBDC                  	MOV	EBX,DWORD [-1060+EBP]
   716 0000061E 8B 85 FFFFFBB8                  	MOV	EAX,DWORD [-1096+EBP]
   717 00000624 2B 9D FFFFFBC0                  	SUB	EBX,DWORD [-1088+EBP]
   718 0000062A 8B B5 FFFFFBD8                  	MOV	ESI,DWORD [-1064+EBP]
   719 00000630 2B B5 FFFFFBBC                  	SUB	ESI,DWORD [-1092+EBP]
   720 00000636 8B 95 FFFFFBD8                  	MOV	EDX,DWORD [-1064+EBP]
   721 0000063C 8D 5C 03 02                     	LEA	EBX,DWORD [2+EBX+EAX*1]
   722 00000640 89 95 FFFFFBBC                  	MOV	DWORD [-1092+EBP],EDX
   723 00000646 89 9D FFFFFBCC                  	MOV	DWORD [-1076+EBP],EBX
   724 0000064C 01 B5 FFFFFBC8                  	ADD	DWORD [-1080+EBP],ESI
   725 00000652 83 A5 FFFFFBCC FC               	AND	DWORD [-1076+EBP],-4
   726 00000659 E9 FFFFFDC3                     	JMP	L17
   727 0000065E                                 L108:
   728 0000065E 8B 85 FFFFFBF0                  	MOV	EAX,DWORD [-1040+EBP]
   729 00000664 8B 40 10                        	MOV	EAX,DWORD [16+EAX]
   730 00000667 89 85 FFFFFB98                  	MOV	DWORD [-1128+EBP],EAX
   731 0000066D 89 C1                           	MOV	ECX,EAX
   732 0000066F                                 L98:
   733 0000066F 49                              	DEC	ECX
   734 00000670 85 C9                           	TEST	ECX,ECX
   735 00000672 0F 8E FFFFFDA9                  	JLE	L17
   736 00000678 8B 95 FFFFFBF0                  	MOV	EDX,DWORD [-1040+EBP]
   737 0000067E 8B B5 FFFFFBD8                  	MOV	ESI,DWORD [-1064+EBP]
   738 00000684 8B 9D FFFFFBDC                  	MOV	EBX,DWORD [-1060+EBP]
   739 0000068A 8B 54 8A 14                     	MOV	EDX,DWORD [20+EDX+ECX*4]
   740 0000068E 89 95 FFFFFBE0                  	MOV	DWORD [-1056+EBP],EDX
   741 00000694 2B 72 10                        	SUB	ESI,DWORD [16+EDX]
   742 00000697 2B 5A 0C                        	SUB	EBX,DWORD [12+EDX]
   743 0000069A 78 D3                           	JS	L98
   744 0000069C 8B 42 04                        	MOV	EAX,DWORD [4+EDX]
   745 0000069F 39 C3                           	CMP	EBX,EAX
   746 000006A1 7D CC                           	JGE	L98
   747 000006A3 85 F6                           	TEST	ESI,ESI
   748 000006A5 78 C8                           	JS	L98
   749 000006A7 3B 72 08                        	CMP	ESI,DWORD [8+EDX]
   750 000006AA 7D C3                           	JGE	L98
   751 000006AC 0F AF C6                        	IMUL	EAX,ESI
   752 000006AF 89 85 FFFFFB94                  	MOV	DWORD [-1132+EBP],EAX
   753 000006B5 8B 12                           	MOV	EDX,DWORD [EDX]
   754 000006B7 8B 85 FFFFFB94                  	MOV	EAX,DWORD [-1132+EBP]
   755 000006BD 01 D8                           	ADD	EAX,EBX
   756 000006BF 0F B6 04 10                     	MOVZX	EAX,BYTE [EAX+EDX*1]
   757 000006C3 8B 95 FFFFFBE0                  	MOV	EDX,DWORD [-1056+EBP]
   758 000006C9 3B 42 14                        	CMP	EAX,DWORD [20+EDX]
   759 000006CC 74 A1                           	JE	L98
   760 000006CE 8B 85 FFFFFB98                  	MOV	EAX,DWORD [-1128+EBP]
   761 000006D4 48                              	DEC	EAX
   762 000006D5 50                              	PUSH	EAX
   763 000006D6 52                              	PUSH	EDX
   764 000006D7 E8 [00000000]                   	CALL	_sheet_updown
   765 000006DC 39 BD FFFFFBE0                  	CMP	DWORD [-1056+EBP],EDI
   766 000006E2 58                              	POP	EAX
   767 000006E3 5A                              	POP	EDX
   768 000006E4 74 14                           	JE	L74
   769 000006E6 57                              	PUSH	EDI
   770 000006E7 E8 00000568                     	CALL	_keywin_off
   771 000006EC 8B BD FFFFFBE0                  	MOV	EDI,DWORD [-1056+EBP]
   772 000006F2 57                              	PUSH	EDI
   773 000006F3 E8 0000058A                     	CALL	_keywin_on
   774 000006F8 5A                              	POP	EDX
   775 000006F9 59                              	POP	ECX
   776 000006FA                                 L74:
   777 000006FA 83 FB 02                        	CMP	EBX,2
   778 000006FD 7E 50                           	JLE	L75
   779 000006FF 8B 95 FFFFFBE0                  	MOV	EDX,DWORD [-1056+EBP]
   780 00000705 8B 42 04                        	MOV	EAX,DWORD [4+EDX]
   781 00000708 83 E8 03                        	SUB	EAX,3
   782 0000070B 39 C3                           	CMP	EBX,EAX
   783 0000070D 7D 40                           	JGE	L75
   784 0000070F 83 FE 02                        	CMP	ESI,2
   785 00000712 7E 3B                           	JLE	L75
   786 00000714 83 FE 14                        	CMP	ESI,20
   787 00000717 7F 36                           	JG	L75
   788 00000719 8B 85 FFFFFBDC                  	MOV	EAX,DWORD [-1060+EBP]
   789 0000071F 8B 95 FFFFFBD8                  	MOV	EDX,DWORD [-1064+EBP]
   790 00000725 89 85 FFFFFBC0                  	MOV	DWORD [-1088+EBP],EAX
   791 0000072B 89 95 FFFFFBBC                  	MOV	DWORD [-1092+EBP],EDX
   792 00000731 8B 85 FFFFFBE0                  	MOV	EAX,DWORD [-1056+EBP]
   793 00000737 8B 95 FFFFFBE0                  	MOV	EDX,DWORD [-1056+EBP]
   794 0000073D 8B 40 0C                        	MOV	EAX,DWORD [12+EAX]
   795 00000740 8B 52 10                        	MOV	EDX,DWORD [16+EDX]
   796 00000743 89 85 FFFFFBB8                  	MOV	DWORD [-1096+EBP],EAX
   797 00000749 89 95 FFFFFBC8                  	MOV	DWORD [-1080+EBP],EDX
   798 0000074F                                 L75:
   799 0000074F 8B 85 FFFFFBE0                  	MOV	EAX,DWORD [-1056+EBP]
   800 00000755 8B 50 04                        	MOV	EDX,DWORD [4+EAX]
   801 00000758 8D 42 EB                        	LEA	EAX,DWORD [-21+EDX]
   802 0000075B 39 D8                           	CMP	EAX,EBX
   803 0000075D 0F 8F FFFFFCBE                  	JG	L17
   804 00000763 8D 42 FB                        	LEA	EAX,DWORD [-5+EDX]
   805 00000766 39 C3                           	CMP	EBX,EAX
   806 00000768 0F 8D FFFFFCB3                  	JGE	L17
   807 0000076E 83 FE 04                        	CMP	ESI,4
   808 00000771 0F 8E FFFFFCAA                  	JLE	L17
   809 00000777 83 FE 12                        	CMP	ESI,18
   810 0000077A 0F 8F FFFFFCA1                  	JG	L17
   811 00000780 8B 95 FFFFFBE0                  	MOV	EDX,DWORD [-1056+EBP]
   812 00000786 F6 42 1C 10                     	TEST	BYTE [28+EDX],16
   813 0000078A 74 42                           	JE	L109
   814 0000078C 8B 95 FFFFFBE0                  	MOV	EDX,DWORD [-1056+EBP]
   815 00000792 8B 5A 24                        	MOV	EBX,DWORD [36+EDX]
   816 00000795 68 [00000127]                   	PUSH	LC4
   817 0000079A FF B3 000000A4                  	PUSH	DWORD [164+EBX]
   818 000007A0 E8 [00000000]                   	CALL	_cons_putstr
   819 000007A5 E8 [00000000]                   	CALL	_io_cli
   820 000007AA 8D 43 30                        	LEA	EAX,DWORD [48+EBX]
   821 000007AD 89 43 54                        	MOV	DWORD [84+EBX],EAX
   822 000007B0 C7 43 4C [00000000]             	MOV	DWORD [76+EBX],_asm_end_app
   823 000007B7 E8 [00000000]                   	CALL	_io_sti
   824 000007BC 6A 00                           	PUSH	0
   825 000007BE 6A FF                           	PUSH	-1
   826 000007C0 53                              	PUSH	EBX
   827 000007C1 E8 [00000000]                   	CALL	_task_run
   828 000007C6 83 C4 14                        	ADD	ESP,20
   829 000007C9 E9 FFFFFC53                     	JMP	L17
   830 000007CE                                 L109:
   831 000007CE 8B 5A 24                        	MOV	EBX,DWORD [36+EDX]
   832 000007D1 6A FF                           	PUSH	-1
   833 000007D3 52                              	PUSH	EDX
   834 000007D4 E8 [00000000]                   	CALL	_sheet_updown
   835 000007D9 57                              	PUSH	EDI
   836 000007DA E8 00000475                     	CALL	_keywin_off
   837 000007DF 8B 95 FFFFFBF0                  	MOV	EDX,DWORD [-1040+EBP]
   838 000007E5 8B 42 10                        	MOV	EAX,DWORD [16+EDX]
   839 000007E8 8B 7C 82 10                     	MOV	EDI,DWORD [16+EDX+EAX*4]
   840 000007EC 57                              	PUSH	EDI
   841 000007ED E8 00000490                     	CALL	_keywin_on
   842 000007F2 E8 [00000000]                   	CALL	_io_cli
   843 000007F7 8D 43 10                        	LEA	EAX,DWORD [16+EBX]
   844 000007FA 6A 04                           	PUSH	4
   845 000007FC 50                              	PUSH	EAX
   846 000007FD E8 [00000000]                   	CALL	_fifo32_put
   847 00000802 E8 [00000000]                   	CALL	_io_sti
   848 00000807 83 C4 18                        	ADD	ESP,24
   849 0000080A E9 FFFFFC12                     	JMP	L17
   850 0000080F                                 L106:
   851 0000080F C7 85 FFFFFBD8 00000000         	MOV	DWORD [-1064+EBP],0
   852 00000819 E9 FFFFFD61                     	JMP	L63
   853 0000081E                                 L105:
   854 0000081E C7 85 FFFFFBDC 00000000         	MOV	DWORD [-1060+EBP],0
   855 00000828 E9 FFFFFD45                     	JMP	L62
   856 0000082D                                 L101:
   857 0000082D 81 FE 0000017F                  	CMP	ESI,383
   858 00000833 0F 8F 0000034D                  	JG	L31
   859 00000839 83 BD FFFFFBB4 00               	CMP	DWORD [-1100+EBP],0
   860 00000840 0F 85 00000335                  	JNE	L32
   861 00000846 8A 86 [FFFFFF00]                	MOV	AL,BYTE [_keytable0.0-256+ESI]
   862 0000084C                                 L97:
   863 0000084C 88 85 FFFFFF74                  	MOV	BYTE [-140+EBP],AL
   864 00000852                                 L34:
   865 00000852 8A 95 FFFFFF74                  	MOV	DL,BYTE [-140+EBP]
   866 00000858 8D 42 BF                        	LEA	EAX,DWORD [-65+EDX]
   867 0000085B 3C 19                           	CMP	AL,25
   868 0000085D 77 1D                           	JA	L35
   869 0000085F F7 85 FFFFFBAC 00000004         	TEST	DWORD [-1108+EBP],4
   870 00000869 0F 85 000002FD                  	JNE	L92
   871 0000086F 83 BD FFFFFBB4 00               	CMP	DWORD [-1100+EBP],0
   872 00000876 0F 84 000002E2                  	JE	L37
   873 0000087C                                 L35:
   874 0000087C 8A 85 FFFFFF74                  	MOV	AL,BYTE [-140+EBP]
   875 00000882 84 C0                           	TEST	AL,AL
   876 00000884 74 1B                           	JE	L39
   877 00000886 85 FF                           	TEST	EDI,EDI
   878 00000888 74 17                           	JE	L39
   879 0000088A 0F BE C0                        	MOVSX	EAX,AL
   880 0000088D 05 00000100                     	ADD	EAX,256
   881 00000892 50                              	PUSH	EAX
   882 00000893 8B 47 24                        	MOV	EAX,DWORD [36+EDI]
   883 00000896 83 C0 10                        	ADD	EAX,16
   884 00000899 50                              	PUSH	EAX
   885 0000089A E8 [00000000]                   	CALL	_fifo32_put
   886 0000089F 58                              	POP	EAX
   887 000008A0 5A                              	POP	EDX
   888 000008A1                                 L39:
   889 000008A1 81 FE 0000010F                  	CMP	ESI,271
   890 000008A7 0F 84 0000027C                  	JE	L110
   891 000008AD                                 L40:
   892 000008AD 81 FE 0000012A                  	CMP	ESI,298
   893 000008B3 0F 84 00000264                  	JE	L111
   894 000008B9                                 L42:
   895 000008B9 81 FE 00000136                  	CMP	ESI,310
   896 000008BF 0F 84 0000024C                  	JE	L112
   897 000008C5                                 L43:
   898 000008C5 81 FE 000001AA                  	CMP	ESI,426
   899 000008CB 0F 84 00000234                  	JE	L113
   900 000008D1                                 L44:
   901 000008D1 81 FE 000001B6                  	CMP	ESI,438
   902 000008D7 0F 84 0000021C                  	JE	L114
   903 000008DD                                 L45:
   904 000008DD 81 FE 0000011D                  	CMP	ESI,285
   905 000008E3 0F 84 00000204                  	JE	L115
   906 000008E9                                 L46:
   907 000008E9 81 FE 0000019D                  	CMP	ESI,413
   908 000008EF 0F 84 000001EC                  	JE	L116
   909 000008F5                                 L47:
   910 000008F5 81 FE 0000013A                  	CMP	ESI,314
   911 000008FB 0F 84 000001B7                  	JE	L117
   912 00000901                                 L48:
   913 00000901 81 FE 00000145                  	CMP	ESI,325
   914 00000907 0F 84 00000182                  	JE	L118
   915 0000090D                                 L49:
   916 0000090D 81 FE 00000146                  	CMP	ESI,326
   917 00000913 0F 84 0000014D                  	JE	L119
   918 00000919                                 L50:
   919 00000919 81 FE 0000013B                  	CMP	ESI,315
   920 0000091F 0F 84 00000121                  	JE	L120
   921 00000925                                 L51:
   922 00000925 81 FE 00000157                  	CMP	ESI,343
   923 0000092B 0F 84 000000FB                  	JE	L121
   924 00000931                                 L52:
   925 00000931 81 FE 000001FA                  	CMP	ESI,506
   926 00000937 0F 84 000000E0                  	JE	L122
   927 0000093D                                 L53:
   928 0000093D 81 FE 000001FE                  	CMP	ESI,510
   929 00000943 0F 84 000000BB                  	JE	L123
   930 00000949                                 L54:
   931 00000949 81 FE 0000012E                  	CMP	ESI,302
   932 0000094F 74 60                           	JE	L124
   933 00000951                                 L55:
   934 00000951 81 FE 0000013C                  	CMP	ESI,316
   935 00000957 0F 85 FFFFFAC4                  	JNE	L17
   936 0000095D 83 BD FFFFFBB4 00               	CMP	DWORD [-1100+EBP],0
   937 00000964 0F 84 FFFFFAB7                  	JE	L17
   938 0000096A 85 FF                           	TEST	EDI,EDI
   939 0000096C 74 07                           	JE	L58
   940 0000096E 57                              	PUSH	EDI
   941 0000096F E8 000002E0                     	CALL	_keywin_off
   942 00000974 5E                              	POP	ESI
   943 00000975                                 L58:
   944 00000975 6A 01                           	PUSH	1
   945 00000977 FF B5 FFFFFBC4                  	PUSH	DWORD [-1084+EBP]
   946 0000097D FF B5 FFFFFBF0                  	PUSH	DWORD [-1040+EBP]
   947 00000983 E8 000003D7                     	CALL	_open_console
   948 00000988 6A 04                           	PUSH	4
   949 0000098A 6A 20                           	PUSH	32
   950 0000098C 89 C7                           	MOV	EDI,EAX
   951 0000098E 50                              	PUSH	EAX
   952 0000098F E8 [00000000]                   	CALL	_sheet_slide
   953 00000994 8B 85 FFFFFBF0                  	MOV	EAX,DWORD [-1040+EBP]
   954 0000099A FF 70 10                        	PUSH	DWORD [16+EAX]
   955 0000099D 57                              	PUSH	EDI
   956 0000099E E8 [00000000]                   	CALL	_sheet_updown
   957 000009A3 83 C4 20                        	ADD	ESP,32
   958 000009A6 57                              	PUSH	EDI
   959 000009A7 E8 000002D6                     	CALL	_keywin_on
   960 000009AC E9 FFFFFB72                     	JMP	L94
   961 000009B1                                 L124:
   962 000009B1 83 BD FFFFFBB0 00               	CMP	DWORD [-1104+EBP],0
   963 000009B8 74 97                           	JE	L55
   964 000009BA 85 FF                           	TEST	EDI,EDI
   965 000009BC 74 93                           	JE	L55
   966 000009BE 8B 5F 24                        	MOV	EBX,DWORD [36+EDI]
   967 000009C1 85 DB                           	TEST	EBX,EBX
   968 000009C3 74 8C                           	JE	L55
   969 000009C5 83 7B 34 00                     	CMP	DWORD [52+EBX],0
   970 000009C9 74 86                           	JE	L55
   971 000009CB 68 [00000138]                   	PUSH	LC3
   972 000009D0 FF B3 000000A4                  	PUSH	DWORD [164+EBX]
   973 000009D6 E8 [00000000]                   	CALL	_cons_putstr
   974 000009DB E8 [00000000]                   	CALL	_io_cli
   975 000009E0 8D 43 30                        	LEA	EAX,DWORD [48+EBX]
   976 000009E3 89 43 54                        	MOV	DWORD [84+EBX],EAX
   977 000009E6 C7 43 4C [00000000]             	MOV	DWORD [76+EBX],_asm_end_app
   978 000009ED E8 [00000000]                   	CALL	_io_sti
   979 000009F2 6A 00                           	PUSH	0
   980 000009F4 6A FF                           	PUSH	-1
   981 000009F6 53                              	PUSH	EBX
   982 000009F7 E8 [00000000]                   	CALL	_task_run
   983 000009FC 83 C4 14                        	ADD	ESP,20
   984 000009FF E9 FFFFFF4D                     	JMP	L55
   985 00000A04                                 L123:
   986 00000A04 E8 [00000000]                   	CALL	_wait_KBC_sendready
   987 00000A09 FF B5 FFFFFBA8                  	PUSH	DWORD [-1112+EBP]
   988 00000A0F 6A 64                           	PUSH	100
   989 00000A11 E8 [00000000]                   	CALL	_io_out8
   990 00000A16 58                              	POP	EAX
   991 00000A17 5A                              	POP	EDX
   992 00000A18 E9 FFFFFF2C                     	JMP	L54
   993 00000A1D                                 L122:
   994 00000A1D C7 85 FFFFFBA8 FFFFFFFF         	MOV	DWORD [-1112+EBP],-1
   995 00000A27 E9 FFFFFF11                     	JMP	L53
   996 00000A2C                                 L121:
   997 00000A2C 8B 95 FFFFFBF0                  	MOV	EDX,DWORD [-1040+EBP]
   998 00000A32 8B 42 10                        	MOV	EAX,DWORD [16+EDX]
   999 00000A35 48                              	DEC	EAX
  1000 00000A36 50                              	PUSH	EAX
  1001 00000A37 FF 72 18                        	PUSH	DWORD [24+EDX]
  1002 00000A3A E8 [00000000]                   	CALL	_sheet_updown
  1003 00000A3F 59                              	POP	ECX
  1004 00000A40 5B                              	POP	EBX
  1005 00000A41 E9 FFFFFEEB                     	JMP	L52
  1006 00000A46                                 L120:
  1007 00000A46 85 FF                           	TEST	EDI,EDI
  1008 00000A48 0F 84 FFFFFED7                  	JE	L51
  1009 00000A4E 68 0000013B                     	PUSH	315
  1010 00000A53 8B 47 24                        	MOV	EAX,DWORD [36+EDI]
  1011 00000A56 83 C0 10                        	ADD	EAX,16
  1012 00000A59 50                              	PUSH	EAX
  1013 00000A5A E8 [00000000]                   	CALL	_fifo32_put
  1014 00000A5F 58                              	POP	EAX
  1015 00000A60 5A                              	POP	EDX
  1016 00000A61 E9 FFFFFEBF                     	JMP	L51
  1017 00000A66                                 L119:
  1018 00000A66 68 000000ED                     	PUSH	237
  1019 00000A6B 8D 5D B4                        	LEA	EBX,DWORD [-76+EBP]
  1020 00000A6E 53                              	PUSH	EBX
  1021 00000A6F 83 B5 FFFFFBAC 01               	XOR	DWORD [-1108+EBP],1
  1022 00000A76 E8 [00000000]                   	CALL	_fifo32_put
  1023 00000A7B FF B5 FFFFFBAC                  	PUSH	DWORD [-1108+EBP]
  1024 00000A81 53                              	PUSH	EBX
  1025 00000A82 E8 [00000000]                   	CALL	_fifo32_put
  1026 00000A87 83 C4 10                        	ADD	ESP,16
  1027 00000A8A E9 FFFFFE8A                     	JMP	L50
  1028 00000A8F                                 L118:
  1029 00000A8F 68 000000ED                     	PUSH	237
  1030 00000A94 8D 5D B4                        	LEA	EBX,DWORD [-76+EBP]
  1031 00000A97 53                              	PUSH	EBX
  1032 00000A98 83 B5 FFFFFBAC 02               	XOR	DWORD [-1108+EBP],2
  1033 00000A9F E8 [00000000]                   	CALL	_fifo32_put
  1034 00000AA4 FF B5 FFFFFBAC                  	PUSH	DWORD [-1108+EBP]
  1035 00000AAA 53                              	PUSH	EBX
  1036 00000AAB E8 [00000000]                   	CALL	_fifo32_put
  1037 00000AB0 83 C4 10                        	ADD	ESP,16
  1038 00000AB3 E9 FFFFFE55                     	JMP	L49
  1039 00000AB8                                 L117:
  1040 00000AB8 68 000000ED                     	PUSH	237
  1041 00000ABD 8D 5D B4                        	LEA	EBX,DWORD [-76+EBP]
  1042 00000AC0 53                              	PUSH	EBX
  1043 00000AC1 83 B5 FFFFFBAC 04               	XOR	DWORD [-1108+EBP],4
  1044 00000AC8 E8 [00000000]                   	CALL	_fifo32_put
  1045 00000ACD FF B5 FFFFFBAC                  	PUSH	DWORD [-1108+EBP]
  1046 00000AD3 53                              	PUSH	EBX
  1047 00000AD4 E8 [00000000]                   	CALL	_fifo32_put
  1048 00000AD9 83 C4 10                        	ADD	ESP,16
  1049 00000ADC E9 FFFFFE20                     	JMP	L48
  1050 00000AE1                                 L116:
  1051 00000AE1 83 A5 FFFFFBB0 FE               	AND	DWORD [-1104+EBP],-2
  1052 00000AE8 E9 FFFFFE08                     	JMP	L47
  1053 00000AED                                 L115:
  1054 00000AED 83 8D FFFFFBB0 01               	OR	DWORD [-1104+EBP],1
  1055 00000AF4 E9 FFFFFDF0                     	JMP	L46
  1056 00000AF9                                 L114:
  1057 00000AF9 83 A5 FFFFFBB4 FD               	AND	DWORD [-1100+EBP],-3
  1058 00000B00 E9 FFFFFDD8                     	JMP	L45
  1059 00000B05                                 L113:
  1060 00000B05 83 A5 FFFFFBB4 FE               	AND	DWORD [-1100+EBP],-2
  1061 00000B0C E9 FFFFFDC0                     	JMP	L44
  1062 00000B11                                 L112:
  1063 00000B11 83 8D FFFFFBB4 02               	OR	DWORD [-1100+EBP],2
  1064 00000B18 E9 FFFFFDA8                     	JMP	L43
  1065 00000B1D                                 L111:
  1066 00000B1D 83 8D FFFFFBB4 01               	OR	DWORD [-1100+EBP],1
  1067 00000B24 E9 FFFFFD90                     	JMP	L42
  1068 00000B29                                 L110:
  1069 00000B29 85 FF                           	TEST	EDI,EDI
  1070 00000B2B 0F 84 FFFFFD7C                  	JE	L40
  1071 00000B31 57                              	PUSH	EDI
  1072 00000B32 E8 0000011D                     	CALL	_keywin_off
  1073 00000B37 8B 4F 18                        	MOV	ECX,DWORD [24+EDI]
  1074 00000B3A 49                              	DEC	ECX
  1075 00000B3B 5B                              	POP	EBX
  1076 00000B3C 75 0A                           	JNE	L41
  1077 00000B3E 8B 85 FFFFFBF0                  	MOV	EAX,DWORD [-1040+EBP]
  1078 00000B44 8B 48 10                        	MOV	ECX,DWORD [16+EAX]
  1079 00000B47 49                              	DEC	ECX
  1080 00000B48                                 L41:
  1081 00000B48 8B 95 FFFFFBF0                  	MOV	EDX,DWORD [-1040+EBP]
  1082 00000B4E 8B 7C 8A 14                     	MOV	EDI,DWORD [20+EDX+ECX*4]
  1083 00000B52 57                              	PUSH	EDI
  1084 00000B53 E8 0000012A                     	CALL	_keywin_on
  1085 00000B58 59                              	POP	ECX
  1086 00000B59 E9 FFFFFD4F                     	JMP	L40
  1087 00000B5E                                 L37:
  1088 00000B5E 8D 42 20                        	LEA	EAX,DWORD [32+EDX]
  1089 00000B61 88 85 FFFFFF74                  	MOV	BYTE [-140+EBP],AL
  1090 00000B67 E9 FFFFFD10                     	JMP	L35
  1091 00000B6C                                 L92:
  1092 00000B6C 83 BD FFFFFBB4 00               	CMP	DWORD [-1100+EBP],0
  1093 00000B73 0F 84 FFFFFD03                  	JE	L35
  1094 00000B79 EB E3                           	JMP	L37
  1095 00000B7B                                 L32:
  1096 00000B7B 8A 86 [FFFFFF80]                	MOV	AL,BYTE [_keytable1.1-256+ESI]
  1097 00000B81 E9 FFFFFCC6                     	JMP	L97
  1098 00000B86                                 L31:
  1099 00000B86 C6 85 FFFFFF74 00               	MOV	BYTE [-140+EBP],0
  1100 00000B8D E9 FFFFFCC0                     	JMP	L34
  1101 00000B92                                 L100:
  1102 00000B92 83 BD FFFFFBD4 00               	CMP	DWORD [-1068+EBP],0
  1103 00000B99 79 2B                           	JNS	L125
  1104 00000B9B 81 BD FFFFFBCC 7FFFFFFF         	CMP	DWORD [-1076+EBP],2147483647
  1105 00000BA5 75 15                           	JNE	L126
  1106 00000BA7 FF B5 FFFFFBE4                  	PUSH	DWORD [-1052+EBP]
  1107 00000BAD E8 [00000000]                   	CALL	_task_sleep
  1108 00000BB2 E8 [00000000]                   	CALL	_io_sti
  1109 00000BB7 E9 FFFFF967                     	JMP	L94
  1110 00000BBC                                 L126:
  1111 00000BBC E8 [00000000]                   	CALL	_io_sti
  1112 00000BC1 E9 FFFFFA20                     	JMP	L95
  1113 00000BC6                                 L125:
  1114 00000BC6 E8 [00000000]                   	CALL	_io_sti
  1115 00000BCB FF B5 FFFFFBD0                  	PUSH	DWORD [-1072+EBP]
  1116 00000BD1 FF B5 FFFFFBD4                  	PUSH	DWORD [-1068+EBP]
  1117 00000BD7 FF B5 FFFFFBE8                  	PUSH	DWORD [-1048+EBP]
  1118 00000BDD E8 [00000000]                   	CALL	_sheet_slide
  1119 00000BE2 C7 85 FFFFFBD4 FFFFFFFF         	MOV	DWORD [-1068+EBP],-1
  1120 00000BEC E9 FFFFFA16                     	JMP	L96
  1121 00000BF1                                 L99:
  1122 00000BF1 53                              	PUSH	EBX
  1123 00000BF2 E8 [00000000]                   	CALL	_fifo32_get
  1124 00000BF7 89 85 FFFFFBA8                  	MOV	DWORD [-1112+EBP],EAX
  1125 00000BFD E8 [00000000]                   	CALL	_wait_KBC_sendready
  1126 00000C02 FF B5 FFFFFBA8                  	PUSH	DWORD [-1112+EBP]
  1127 00000C08 6A 64                           	PUSH	100
  1128 00000C0A E8 [00000000]                   	CALL	_io_out8
  1129 00000C0F 83 C4 0C                        	ADD	ESP,12
  1130 00000C12 E9 FFFFF825                     	JMP	L20
  1131 00000C17                                 L10:
  1132 00000C17 31 F6                           	XOR	ESI,ESI
  1133 00000C19 3B B5 FFFFFBA0                  	CMP	ESI,DWORD [-1120+EBP]
  1134 00000C1F 0F 8D FFFFF6CE                  	JGE	L11
  1135 00000C25                                 L16:
  1136 00000C25 C6 84 1E 00001000 00            	MOV	BYTE [4096+ESI+EBX*1],0
  1137 00000C2D 46                              	INC	ESI
  1138 00000C2E 3B B5 FFFFFBA0                  	CMP	ESI,DWORD [-1120+EBP]
  1139 00000C34 7C EF                           	JL	L16
  1140 00000C36 E9 FFFFF6B8                     	JMP	L11
  1141 00000C3B                                 L3:
  1142 00000C3B 31 F6                           	XOR	ESI,ESI
  1143 00000C3D                                 L9:
  1144 00000C3D 8A 86 [00000000]                	MOV	AL,BYTE [_hankaku+ESI]
  1145 00000C43 88 04 1E                        	MOV	BYTE [ESI+EBX*1],AL
  1146 00000C46 46                              	INC	ESI
  1147 00000C47 81 FE 00000FFF                  	CMP	ESI,4095
  1148 00000C4D 7E EE                           	JLE	L9
  1149 00000C4F E9 FFFFF675                     	JMP	L4
  1150 00000C54                                 	GLOBAL	_keywin_off
  1151 00000C54                                 _keywin_off:
  1152 00000C54 55                              	PUSH	EBP
  1153 00000C55 89 E5                           	MOV	EBP,ESP
  1154 00000C57 53                              	PUSH	EBX
  1155 00000C58 6A 00                           	PUSH	0
  1156 00000C5A 8B 5D 08                        	MOV	EBX,DWORD [8+EBP]
  1157 00000C5D 53                              	PUSH	EBX
  1158 00000C5E E8 [00000000]                   	CALL	_change_wtitle8
  1159 00000C63 F6 43 1C 20                     	TEST	BYTE [28+EBX],32
  1160 00000C67 59                              	POP	ECX
  1161 00000C68 58                              	POP	EAX
  1162 00000C69 75 05                           	JNE	L129
  1163 00000C6B                                 L127:
  1164 00000C6B 8B 5D FC                        	MOV	EBX,DWORD [-4+EBP]
  1165 00000C6E C9                              	LEAVE
  1166 00000C6F C3                              	RET
  1167 00000C70                                 L129:
  1168 00000C70 6A 03                           	PUSH	3
  1169 00000C72 8B 43 24                        	MOV	EAX,DWORD [36+EBX]
  1170 00000C75 83 C0 10                        	ADD	EAX,16
  1171 00000C78 50                              	PUSH	EAX
  1172 00000C79 E8 [00000000]                   	CALL	_fifo32_put
  1173 00000C7E 58                              	POP	EAX
  1174 00000C7F 5A                              	POP	EDX
  1175 00000C80 EB E9                           	JMP	L127
  1176 00000C82                                 	GLOBAL	_keywin_on
  1177 00000C82                                 _keywin_on:
  1178 00000C82 55                              	PUSH	EBP
  1179 00000C83 89 E5                           	MOV	EBP,ESP
  1180 00000C85 53                              	PUSH	EBX
  1181 00000C86 6A 01                           	PUSH	1
  1182 00000C88 8B 5D 08                        	MOV	EBX,DWORD [8+EBP]
  1183 00000C8B 53                              	PUSH	EBX
  1184 00000C8C E8 [00000000]                   	CALL	_change_wtitle8
  1185 00000C91 F6 43 1C 20                     	TEST	BYTE [28+EBX],32
  1186 00000C95 59                              	POP	ECX
  1187 00000C96 58                              	POP	EAX
  1188 00000C97 75 05                           	JNE	L132
  1189 00000C99                                 L130:
  1190 00000C99 8B 5D FC                        	MOV	EBX,DWORD [-4+EBP]
  1191 00000C9C C9                              	LEAVE
  1192 00000C9D C3                              	RET
  1193 00000C9E                                 L132:
  1194 00000C9E 6A 02                           	PUSH	2
  1195 00000CA0 8B 43 24                        	MOV	EAX,DWORD [36+EBX]
  1196 00000CA3 83 C0 10                        	ADD	EAX,16
  1197 00000CA6 50                              	PUSH	EAX
  1198 00000CA7 E8 [00000000]                   	CALL	_fifo32_put
  1199 00000CAC 58                              	POP	EAX
  1200 00000CAD 5A                              	POP	EDX
  1201 00000CAE EB E9                           	JMP	L130
  1202 00000CB0                                 	GLOBAL	_open_constask
  1203 00000CB0                                 _open_constask:
  1204 00000CB0 55                              	PUSH	EBP
  1205 00000CB1 89 E5                           	MOV	EBP,ESP
  1206 00000CB3 56                              	PUSH	ESI
  1207 00000CB4 53                              	PUSH	EBX
  1208 00000CB5 E8 [00000000]                   	CALL	_task_alloc
  1209 00000CBA 68 00000200                     	PUSH	512
  1210 00000CBF 68 003C0000                     	PUSH	3932160
  1211 00000CC4 89 C3                           	MOV	EBX,EAX
  1212 00000CC6 E8 [00000000]                   	CALL	_memman_alloc_4k
  1213 00000CCB 68 00010000                     	PUSH	65536
  1214 00000CD0 68 003C0000                     	PUSH	3932160
  1215 00000CD5 89 C6                           	MOV	ESI,EAX
  1216 00000CD7 E8 [00000000]                   	CALL	_memman_alloc_4k
  1217 00000CDC 8B 55 08                        	MOV	EDX,DWORD [8+EBP]
  1218 00000CDF C7 43 4C [00000000]             	MOV	DWORD [76+EBX],_console_task
  1219 00000CE6 89 83 000000AC                  	MOV	DWORD [172+EBX],EAX
  1220 00000CEC 05 0000FFF0                     	ADD	EAX,65520
  1221 00000CF1 89 43 64                        	MOV	DWORD [100+EBX],EAX
  1222 00000CF4 C7 43 74 00000008               	MOV	DWORD [116+EBX],8
  1223 00000CFB C7 43 78 00000010               	MOV	DWORD [120+EBX],16
  1224 00000D02 C7 43 7C 00000008               	MOV	DWORD [124+EBX],8
  1225 00000D09 C7 83 00000080 00000008         	MOV	DWORD [128+EBX],8
  1226 00000D13 C7 83 00000084 00000008         	MOV	DWORD [132+EBX],8
  1227 00000D1D C7 83 00000088 00000008         	MOV	DWORD [136+EBX],8
  1228 00000D27 89 50 04                        	MOV	DWORD [4+EAX],EDX
  1229 00000D2A 8B 53 64                        	MOV	EDX,DWORD [100+EBX]
  1230 00000D2D 8B 45 0C                        	MOV	EAX,DWORD [12+EBP]
  1231 00000D30 89 42 08                        	MOV	DWORD [8+EDX],EAX
  1232 00000D33 8B 53 64                        	MOV	EDX,DWORD [100+EBX]
  1233 00000D36 8B 45 10                        	MOV	EAX,DWORD [16+EBP]
  1234 00000D39 89 42 0C                        	MOV	DWORD [12+EDX],EAX
  1235 00000D3C 6A 02                           	PUSH	2
  1236 00000D3E 6A 02                           	PUSH	2
  1237 00000D40 53                              	PUSH	EBX
  1238 00000D41 E8 [00000000]                   	CALL	_task_run
  1239 00000D46 8D 43 10                        	LEA	EAX,DWORD [16+EBX]
  1240 00000D49 53                              	PUSH	EBX
  1241 00000D4A 56                              	PUSH	ESI
  1242 00000D4B 68 00000080                     	PUSH	128
  1243 00000D50 50                              	PUSH	EAX
  1244 00000D51 E8 [00000000]                   	CALL	_fifo32_init
  1245 00000D56 8D 65 F8                        	LEA	ESP,DWORD [-8+EBP]
  1246 00000D59 89 D8                           	MOV	EAX,EBX
  1247 00000D5B 5B                              	POP	EBX
  1248 00000D5C 5E                              	POP	ESI
  1249 00000D5D 5D                              	POP	EBP
  1250 00000D5E C3                              	RET
  1251                                          [SECTION .data]
  1252 00000147                                 LC5:
  1253 00000147 EC BD 98 EC 86 94 00            	DB	0xEC,0xBD,0x98,0xEC,0x86,0x94,0x00
  1254                                          [SECTION .text]
  1255 00000D5F                                 	GLOBAL	_open_console
  1256 00000D5F                                 _open_console:
  1257 00000D5F 55                              	PUSH	EBP
  1258 00000D60 89 E5                           	MOV	EBP,ESP
  1259 00000D62 56                              	PUSH	ESI
  1260 00000D63 53                              	PUSH	EBX
  1261 00000D64 FF 75 08                        	PUSH	DWORD [8+EBP]
  1262 00000D67 E8 [00000000]                   	CALL	_sheet_alloc
  1263 00000D6C 68 00026800                     	PUSH	157696
  1264 00000D71 68 003C0000                     	PUSH	3932160
  1265 00000D76 89 C3                           	MOV	EBX,EAX
  1266 00000D78 E8 [00000000]                   	CALL	_memman_alloc_4k
  1267 00000D7D 6A FF                           	PUSH	-1
  1268 00000D7F 68 00000134                     	PUSH	308
  1269 00000D84 89 C6                           	MOV	ESI,EAX
  1270 00000D86 68 00000200                     	PUSH	512
  1271 00000D8B 50                              	PUSH	EAX
  1272 00000D8C 53                              	PUSH	EBX
  1273 00000D8D E8 [00000000]                   	CALL	_sheet_setbuf
  1274 00000D92 83 C4 20                        	ADD	ESP,32
  1275 00000D95 6A 00                           	PUSH	0
  1276 00000D97 68 [00000147]                   	PUSH	LC5
  1277 00000D9C 68 00000134                     	PUSH	308
  1278 00000DA1 68 00000200                     	PUSH	512
  1279 00000DA6 56                              	PUSH	ESI
  1280 00000DA7 E8 [00000000]                   	CALL	_make_window8
  1281 00000DAC 6A 00                           	PUSH	0
  1282 00000DAE 68 00000110                     	PUSH	272
  1283 00000DB3 68 000001F0                     	PUSH	496
  1284 00000DB8 6A 1C                           	PUSH	28
  1285 00000DBA 6A 08                           	PUSH	8
  1286 00000DBC 53                              	PUSH	EBX
  1287 00000DBD E8 [00000000]                   	CALL	_make_textbox8
  1288 00000DC2 83 C4 2C                        	ADD	ESP,44
  1289 00000DC5 FF 75 10                        	PUSH	DWORD [16+EBP]
  1290 00000DC8 FF 75 0C                        	PUSH	DWORD [12+EBP]
  1291 00000DCB 53                              	PUSH	EBX
  1292 00000DCC E8 FFFFFEDF                     	CALL	_open_constask
  1293 00000DD1 83 4B 1C 20                     	OR	DWORD [28+EBX],32
  1294 00000DD5 89 43 24                        	MOV	DWORD [36+EBX],EAX
  1295 00000DD8 8D 65 F8                        	LEA	ESP,DWORD [-8+EBP]
  1296 00000DDB 89 D8                           	MOV	EAX,EBX
  1297 00000DDD 5B                              	POP	EBX
  1298 00000DDE 5E                              	POP	ESI
  1299 00000DDF 5D                              	POP	EBP
  1300 00000DE0 C3                              	RET
  1301 00000DE1                                 	GLOBAL	_close_constask
  1302 00000DE1                                 _close_constask:
  1303 00000DE1 55                              	PUSH	EBP
  1304 00000DE2 89 E5                           	MOV	EBP,ESP
  1305 00000DE4 53                              	PUSH	EBX
  1306 00000DE5 8B 5D 08                        	MOV	EBX,DWORD [8+EBP]
  1307 00000DE8 53                              	PUSH	EBX
  1308 00000DE9 E8 [00000000]                   	CALL	_task_sleep
  1309 00000DEE 68 00010000                     	PUSH	65536
  1310 00000DF3 FF B3 000000AC                  	PUSH	DWORD [172+EBX]
  1311 00000DF9 68 003C0000                     	PUSH	3932160
  1312 00000DFE E8 [00000000]                   	CALL	_memman_free_4k
  1313 00000E03 68 00000200                     	PUSH	512
  1314 00000E08 FF 73 10                        	PUSH	DWORD [16+EBX]
  1315 00000E0B 68 003C0000                     	PUSH	3932160
  1316 00000E10 E8 [00000000]                   	CALL	_memman_free_4k
  1317 00000E15 C7 43 04 00000000               	MOV	DWORD [4+EBX],0
  1318 00000E1C 8B 5D FC                        	MOV	EBX,DWORD [-4+EBP]
  1319 00000E1F C9                              	LEAVE
  1320 00000E20 C3                              	RET
  1321 00000E21                                 	GLOBAL	_close_console
  1322 00000E21                                 _close_console:
  1323 00000E21 55                              	PUSH	EBP
  1324 00000E22 89 E5                           	MOV	EBP,ESP
  1325 00000E24 56                              	PUSH	ESI
  1326 00000E25 53                              	PUSH	EBX
  1327 00000E26 8B 5D 08                        	MOV	EBX,DWORD [8+EBP]
  1328 00000E29 8B 73 24                        	MOV	ESI,DWORD [36+EBX]
  1329 00000E2C 68 00026800                     	PUSH	157696
  1330 00000E31 FF 33                           	PUSH	DWORD [EBX]
  1331 00000E33 68 003C0000                     	PUSH	3932160
  1332 00000E38 E8 [00000000]                   	CALL	_memman_free_4k
  1333 00000E3D 53                              	PUSH	EBX
  1334 00000E3E E8 [00000000]                   	CALL	_sheet_free
  1335 00000E43 89 75 08                        	MOV	DWORD [8+EBP],ESI
  1336 00000E46 83 C4 10                        	ADD	ESP,16
  1337 00000E49 8D 65 F8                        	LEA	ESP,DWORD [-8+EBP]
  1338 00000E4C 5B                              	POP	EBX
  1339 00000E4D 5E                              	POP	ESI
  1340 00000E4E 5D                              	POP	EBP
  1341 00000E4F EB 90                           	JMP	_close_constask
