     1 00000000                                 [FORMAT "WCOFF"]
     2 00000000                                 [INSTRSET "i486p"]
     3 00000000                                 [OPTIMIZE 1]
     4 00000000                                 [OPTION 1]
     5 00000000                                 [BITS 32]
     6 00000000                                 	EXTERN	_memman_alloc_4k
     7 00000000                                 	EXTERN	_tek_getsize
     8 00000000                                 	EXTERN	_tek_decomp
     9 00000000                                 	EXTERN	_memman_free_4k
    10 00000000                                 [FILE "file.c"]
    11                                          [SECTION .text]
    12 00000000                                 	GLOBAL	_file_readfat
    13 00000000                                 _file_readfat:
    14 00000000 55                              	PUSH	EBP
    15 00000001 31 C9                           	XOR	ECX,ECX
    16 00000003 89 E5                           	MOV	EBP,ESP
    17 00000005 57                              	PUSH	EDI
    18 00000006 56                              	PUSH	ESI
    19 00000007 53                              	PUSH	EBX
    20 00000008 8B 7D 08                        	MOV	EDI,DWORD [8+EBP]
    21 0000000B 8B 75 0C                        	MOV	ESI,DWORD [12+EBP]
    22 0000000E 31 DB                           	XOR	EBX,EBX
    23 00000010                                 L6:
    24 00000010 0F B6 44 31 01                  	MOVZX	EAX,BYTE [1+ECX+ESI*1]
    25 00000015 0F B6 14 31                     	MOVZX	EDX,BYTE [ECX+ESI*1]
    26 00000019 C1 E0 08                        	SAL	EAX,8
    27 0000001C 09 C2                           	OR	EDX,EAX
    28 0000001E 81 E2 00000FFF                  	AND	EDX,4095
    29 00000024 89 14 9F                        	MOV	DWORD [EDI+EBX*4],EDX
    30 00000027 8A 44 31 01                     	MOV	AL,BYTE [1+ECX+ESI*1]
    31 0000002B 0F B6 54 31 02                  	MOVZX	EDX,BYTE [2+ECX+ESI*1]
    32 00000030 C0 E8 04                        	SHR	AL,4
    33 00000033 83 C1 03                        	ADD	ECX,3
    34 00000036 C1 E2 04                        	SAL	EDX,4
    35 00000039 0F B6 C0                        	MOVZX	EAX,AL
    36 0000003C 09 D0                           	OR	EAX,EDX
    37 0000003E 89 44 9F 04                     	MOV	DWORD [4+EDI+EBX*4],EAX
    38 00000042 83 C3 02                        	ADD	EBX,2
    39 00000045 81 FB 00000B3F                  	CMP	EBX,2879
    40 0000004B 7E C3                           	JLE	L6
    41 0000004D 5B                              	POP	EBX
    42 0000004E 5E                              	POP	ESI
    43 0000004F 5F                              	POP	EDI
    44 00000050 5D                              	POP	EBP
    45 00000051 C3                              	RET
    46 00000052                                 	GLOBAL	_file_loadfile
    47 00000052                                 _file_loadfile:
    48 00000052 55                              	PUSH	EBP
    49 00000053 89 E5                           	MOV	EBP,ESP
    50 00000055 57                              	PUSH	EDI
    51 00000056 56                              	PUSH	ESI
    52 00000057 53                              	PUSH	EBX
    53 00000058 8B 4D 0C                        	MOV	ECX,DWORD [12+EBP]
    54 0000005B 8B 75 08                        	MOV	ESI,DWORD [8+EBP]
    55 0000005E 8B 5D 10                        	MOV	EBX,DWORD [16+EBP]
    56 00000061                                 L10:
    57 00000061 81 F9 00000200                  	CMP	ECX,512
    58 00000067 7E 2F                           	JLE	L27
    59 00000069 31 D2                           	XOR	EDX,EDX
    60 0000006B                                 L23:
    61 0000006B 89 F0                           	MOV	EAX,ESI
    62 0000006D 8B 7D 18                        	MOV	EDI,DWORD [24+EBP]
    63 00000070 C1 E0 09                        	SAL	EAX,9
    64 00000073 01 D0                           	ADD	EAX,EDX
    65 00000075 8A 04 38                        	MOV	AL,BYTE [EAX+EDI*1]
    66 00000078 88 04 1A                        	MOV	BYTE [EDX+EBX*1],AL
    67 0000007B 42                              	INC	EDX
    68 0000007C 81 FA 000001FF                  	CMP	EDX,511
    69 00000082 7E E7                           	JLE	L23
    70 00000084 8B 45 14                        	MOV	EAX,DWORD [20+EBP]
    71 00000087 81 E9 00000200                  	SUB	ECX,512
    72 0000008D 81 C3 00000200                  	ADD	EBX,512
    73 00000093 8B 34 B0                        	MOV	ESI,DWORD [EAX+ESI*4]
    74 00000096 EB C9                           	JMP	L10
    75 00000098                                 L27:
    76 00000098 31 D2                           	XOR	EDX,EDX
    77 0000009A 39 CA                           	CMP	EDX,ECX
    78 0000009C 7D 15                           	JGE	L9
    79 0000009E                                 L18:
    80 0000009E 89 F0                           	MOV	EAX,ESI
    81 000000A0 8B 7D 18                        	MOV	EDI,DWORD [24+EBP]
    82 000000A3 C1 E0 09                        	SAL	EAX,9
    83 000000A6 01 D0                           	ADD	EAX,EDX
    84 000000A8 8A 04 38                        	MOV	AL,BYTE [EAX+EDI*1]
    85 000000AB 88 04 1A                        	MOV	BYTE [EDX+EBX*1],AL
    86 000000AE 42                              	INC	EDX
    87 000000AF 39 CA                           	CMP	EDX,ECX
    88 000000B1 7C EB                           	JL	L18
    89 000000B3                                 L9:
    90 000000B3 5B                              	POP	EBX
    91 000000B4 5E                              	POP	ESI
    92 000000B5 5F                              	POP	EDI
    93 000000B6 5D                              	POP	EBP
    94 000000B7 C3                              	RET
    95 000000B8                                 	GLOBAL	_file_search
    96 000000B8                                 _file_search:
    97 000000B8 55                              	PUSH	EBP
    98 000000B9 31 C9                           	XOR	ECX,ECX
    99 000000BB 89 E5                           	MOV	EBP,ESP
   100 000000BD 57                              	PUSH	EDI
   101 000000BE 56                              	PUSH	ESI
   102 000000BF 53                              	PUSH	EBX
   103 000000C0 83 EC 10                        	SUB	ESP,16
   104 000000C3 8B 75 08                        	MOV	ESI,DWORD [8+EBP]
   105 000000C6                                 L33:
   106 000000C6 C6 44 0D E4 20                  	MOV	BYTE [-28+EBP+ECX*1],32
   107 000000CB 41                              	INC	ECX
   108 000000CC 83 F9 0A                        	CMP	ECX,10
   109 000000CF 7E F5                           	JLE	L33
   110 000000D1 31 C9                           	XOR	ECX,ECX
   111 000000D3 31 DB                           	XOR	EBX,EBX
   112 000000D5 80 3E 00                        	CMP	BYTE [ESI],0
   113 000000D8 74 29                           	JE	L60
   114 000000DA                                 L42:
   115 000000DA 31 C0                           	XOR	EAX,EAX
   116 000000DC 83 F9 0A                        	CMP	ECX,10
   117 000000DF 7F 50                           	JG	L28
   118 000000E1 8A 14 33                        	MOV	DL,BYTE [EBX+ESI*1]
   119 000000E4 80 FA 2E                        	CMP	DL,46
   120 000000E7 74 5E                           	JE	L64
   121 000000E9                                 L39:
   122 000000E9 8D 42 9F                        	LEA	EAX,DWORD [-97+EDX]
   123 000000EC 88 54 0D E4                     	MOV	BYTE [-28+EBP+ECX*1],DL
   124 000000F0 3C 19                           	CMP	AL,25
   125 000000F2 77 07                           	JA	L41
   126 000000F4 8D 42 E0                        	LEA	EAX,DWORD [-32+EDX]
   127 000000F7 88 44 0D E4                     	MOV	BYTE [-28+EBP+ECX*1],AL
   128 000000FB                                 L41:
   129 000000FB 41                              	INC	ECX
   130 000000FC                                 L36:
   131 000000FC 43                              	INC	EBX
   132 000000FD 80 3C 33 00                     	CMP	BYTE [EBX+ESI*1],0
   133 00000101 75 D7                           	JNE	L42
   134 00000103                                 L60:
   135 00000103 8B 55 0C                        	MOV	EDX,DWORD [12+EBP]
   136 00000106 31 F6                           	XOR	ESI,ESI
   137 00000108 8D BA 00001BE0                  	LEA	EDI,DWORD [7136+EDX]
   138 0000010E                                 L56:
   139 0000010E 80 3A 00                        	CMP	BYTE [EDX],0
   140 00000111 74 30                           	JE	L44
   141 00000113 F6 42 0B 18                     	TEST	BYTE [11+EDX],24
   142 00000117 75 20                           	JNE	L54
   143 00000119 8B 5D 0C                        	MOV	EBX,DWORD [12+EBP]
   144 0000011C 31 C9                           	XOR	ECX,ECX
   145 0000011E 01 F3                           	ADD	EBX,ESI
   146 00000120                                 L55:
   147 00000120 8A 44 0D E4                     	MOV	AL,BYTE [-28+EBP+ECX*1]
   148 00000124 38 03                           	CMP	BYTE [EBX],AL
   149 00000126 75 11                           	JNE	L54
   150 00000128 41                              	INC	ECX
   151 00000129 43                              	INC	EBX
   152 0000012A 89 D0                           	MOV	EAX,EDX
   153 0000012C 83 F9 0A                        	CMP	ECX,10
   154 0000012F 7E EF                           	JLE	L55
   155 00000131                                 L28:
   156 00000131 83 C4 10                        	ADD	ESP,16
   157 00000134 5B                              	POP	EBX
   158 00000135 5E                              	POP	ESI
   159 00000136 5F                              	POP	EDI
   160 00000137 5D                              	POP	EBP
   161 00000138 C3                              	RET
   162 00000139                                 L54:
   163 00000139 83 C2 20                        	ADD	EDX,32
   164 0000013C 83 C6 20                        	ADD	ESI,32
   165 0000013F 39 FA                           	CMP	EDX,EDI
   166 00000141 7E CB                           	JLE	L56
   167 00000143                                 L44:
   168 00000143 31 C0                           	XOR	EAX,EAX
   169 00000145 EB EA                           	JMP	L28
   170 00000147                                 L64:
   171 00000147 83 F9 08                        	CMP	ECX,8
   172 0000014A 7F 9D                           	JG	L39
   173 0000014C B9 00000008                     	MOV	ECX,8
   174 00000151 EB A9                           	JMP	L36
   175 00000153                                 	GLOBAL	_file_loadfile2
   176 00000153                                 _file_loadfile2:
   177 00000153 55                              	PUSH	EBP
   178 00000154 89 E5                           	MOV	EBP,ESP
   179 00000156 57                              	PUSH	EDI
   180 00000157 56                              	PUSH	ESI
   181 00000158 53                              	PUSH	EBX
   182 00000159 52                              	PUSH	EDX
   183 0000015A 8B 45 0C                        	MOV	EAX,DWORD [12+EBP]
   184 0000015D 8B 00                           	MOV	EAX,DWORD [EAX]
   185 0000015F 50                              	PUSH	EAX
   186 00000160 89 45 F0                        	MOV	DWORD [-16+EBP],EAX
   187 00000163 68 003C0000                     	PUSH	3932160
   188 00000168 E8 [00000000]                   	CALL	_memman_alloc_4k
   189 0000016D 68 00103E00                     	PUSH	1064448
   190 00000172 FF 75 10                        	PUSH	DWORD [16+EBP]
   191 00000175 50                              	PUSH	EAX
   192 00000176 89 C7                           	MOV	EDI,EAX
   193 00000178 FF 75 F0                        	PUSH	DWORD [-16+EBP]
   194 0000017B FF 75 08                        	PUSH	DWORD [8+EBP]
   195 0000017E E8 FFFFFECF                     	CALL	_file_loadfile
   196 00000183 83 C4 1C                        	ADD	ESP,28
   197 00000186 83 7D F0 10                     	CMP	DWORD [-16+EBP],16
   198 0000018A 7F 0A                           	JG	L68
   199 0000018C                                 L66:
   200 0000018C 8D 65 F4                        	LEA	ESP,DWORD [-12+EBP]
   201 0000018F 89 F8                           	MOV	EAX,EDI
   202 00000191 5B                              	POP	EBX
   203 00000192 5E                              	POP	ESI
   204 00000193 5F                              	POP	EDI
   205 00000194 5D                              	POP	EBP
   206 00000195 C3                              	RET
   207 00000196                                 L68:
   208 00000196 57                              	PUSH	EDI
   209 00000197 E8 [00000000]                   	CALL	_tek_getsize
   210 0000019C 89 C6                           	MOV	ESI,EAX
   211 0000019E 58                              	POP	EAX
   212 0000019F 85 F6                           	TEST	ESI,ESI
   213 000001A1 7E E9                           	JLE	L66
   214 000001A3 56                              	PUSH	ESI
   215 000001A4 68 003C0000                     	PUSH	3932160
   216 000001A9 E8 [00000000]                   	CALL	_memman_alloc_4k
   217 000001AE 56                              	PUSH	ESI
   218 000001AF 89 C3                           	MOV	EBX,EAX
   219 000001B1 50                              	PUSH	EAX
   220 000001B2 57                              	PUSH	EDI
   221 000001B3 E8 [00000000]                   	CALL	_tek_decomp
   222 000001B8 FF 75 F0                        	PUSH	DWORD [-16+EBP]
   223 000001BB 57                              	PUSH	EDI
   224 000001BC 89 DF                           	MOV	EDI,EBX
   225 000001BE 68 003C0000                     	PUSH	3932160
   226 000001C3 E8 [00000000]                   	CALL	_memman_free_4k
   227 000001C8 83 C4 20                        	ADD	ESP,32
   228 000001CB 8B 45 0C                        	MOV	EAX,DWORD [12+EBP]
   229 000001CE 89 30                           	MOV	DWORD [EAX],ESI
   230 000001D0 EB BA                           	JMP	L66
