     1 00000000                                 [FORMAT "WCOFF"]
     2 00000000                                 [INSTRSET "i486p"]
     3 00000000                                 [OPTIMIZE 1]
     4 00000000                                 [OPTION 1]
     5 00000000                                 [BITS 32]
     6 00000000                                 	EXTERN	_boxfill8
     7 00000000                                 	EXTERN	_putstr_utf8
     8 00000000                                 	EXTERN	_sheet_refresh
     9 00000000                                 	EXTERN	_putfonts8_asc
    10 00000000                                 	EXTERN	_putfonts
    11 00000000                                 [FILE "window.c"]
    12                                          [SECTION .text]
    13 00000000                                 	GLOBAL	_make_window8
    14 00000000                                 _make_window8:
    15 00000000 55                              	PUSH	EBP
    16 00000001 89 E5                           	MOV	EBP,ESP
    17 00000003 57                              	PUSH	EDI
    18 00000004 56                              	PUSH	ESI
    19 00000005 53                              	PUSH	EBX
    20 00000006 83 EC 18                        	SUB	ESP,24
    21 00000009 8B 45 10                        	MOV	EAX,DWORD [16+EBP]
    22 0000000C 8B 5D 0C                        	MOV	EBX,DWORD [12+EBP]
    23 0000000F 89 45 F0                        	MOV	DWORD [-16+EBP],EAX
    24 00000012 8B 75 08                        	MOV	ESI,DWORD [8+EBP]
    25 00000015 8B 45 14                        	MOV	EAX,DWORD [20+EBP]
    26 00000018 89 45 EC                        	MOV	DWORD [-20+EBP],EAX
    27 0000001B 0F BE 45 18                     	MOVSX	EAX,BYTE [24+EBP]
    28 0000001F 89 45 E8                        	MOV	DWORD [-24+EBP],EAX
    29 00000022 8D 43 FF                        	LEA	EAX,DWORD [-1+EBX]
    30 00000025 6A 00                           	PUSH	0
    31 00000027 89 45 E4                        	MOV	DWORD [-28+EBP],EAX
    32 0000002A 50                              	PUSH	EAX
    33 0000002B 6A 00                           	PUSH	0
    34 0000002D 6A 00                           	PUSH	0
    35 0000002F 6A 08                           	PUSH	8
    36 00000031 53                              	PUSH	EBX
    37 00000032 56                              	PUSH	ESI
    38 00000033 E8 [00000000]                   	CALL	_boxfill8
    39 00000038 8D 43 FE                        	LEA	EAX,DWORD [-2+EBX]
    40 0000003B 6A 01                           	PUSH	1
    41 0000003D 89 45 E0                        	MOV	DWORD [-32+EBP],EAX
    42 00000040 50                              	PUSH	EAX
    43 00000041 6A 01                           	PUSH	1
    44 00000043 6A 01                           	PUSH	1
    45 00000045 6A 07                           	PUSH	7
    46 00000047 53                              	PUSH	EBX
    47 00000048 56                              	PUSH	ESI
    48 00000049 E8 [00000000]                   	CALL	_boxfill8
    49 0000004E 8B 45 F0                        	MOV	EAX,DWORD [-16+EBP]
    50 00000051 83 C4 38                        	ADD	ESP,56
    51 00000054 48                              	DEC	EAX
    52 00000055 89 45 DC                        	MOV	DWORD [-36+EBP],EAX
    53 00000058 50                              	PUSH	EAX
    54 00000059 6A 00                           	PUSH	0
    55 0000005B 6A 00                           	PUSH	0
    56 0000005D 6A 00                           	PUSH	0
    57 0000005F 6A 08                           	PUSH	8
    58 00000061 53                              	PUSH	EBX
    59 00000062 56                              	PUSH	ESI
    60 00000063 E8 [00000000]                   	CALL	_boxfill8
    61 00000068 8B 7D F0                        	MOV	EDI,DWORD [-16+EBP]
    62 0000006B 83 EF 02                        	SUB	EDI,2
    63 0000006E 57                              	PUSH	EDI
    64 0000006F 6A 01                           	PUSH	1
    65 00000071 6A 01                           	PUSH	1
    66 00000073 6A 01                           	PUSH	1
    67 00000075 6A 07                           	PUSH	7
    68 00000077 53                              	PUSH	EBX
    69 00000078 56                              	PUSH	ESI
    70 00000079 E8 [00000000]                   	CALL	_boxfill8
    71 0000007E 83 C4 38                        	ADD	ESP,56
    72 00000081 57                              	PUSH	EDI
    73 00000082 FF 75 E0                        	PUSH	DWORD [-32+EBP]
    74 00000085 6A 01                           	PUSH	1
    75 00000087 FF 75 E0                        	PUSH	DWORD [-32+EBP]
    76 0000008A 6A 0F                           	PUSH	15
    77 0000008C 53                              	PUSH	EBX
    78 0000008D 56                              	PUSH	ESI
    79 0000008E E8 [00000000]                   	CALL	_boxfill8
    80 00000093 FF 75 DC                        	PUSH	DWORD [-36+EBP]
    81 00000096 FF 75 E4                        	PUSH	DWORD [-28+EBP]
    82 00000099 6A 00                           	PUSH	0
    83 0000009B FF 75 E4                        	PUSH	DWORD [-28+EBP]
    84 0000009E 6A 00                           	PUSH	0
    85 000000A0 53                              	PUSH	EBX
    86 000000A1 56                              	PUSH	ESI
    87 000000A2 E8 [00000000]                   	CALL	_boxfill8
    88 000000A7 8B 45 F0                        	MOV	EAX,DWORD [-16+EBP]
    89 000000AA 83 C4 38                        	ADD	ESP,56
    90 000000AD 83 E8 03                        	SUB	EAX,3
    91 000000B0 50                              	PUSH	EAX
    92 000000B1 8D 43 FD                        	LEA	EAX,DWORD [-3+EBX]
    93 000000B4 50                              	PUSH	EAX
    94 000000B5 6A 02                           	PUSH	2
    95 000000B7 6A 02                           	PUSH	2
    96 000000B9 6A 08                           	PUSH	8
    97 000000BB 53                              	PUSH	EBX
    98 000000BC 56                              	PUSH	ESI
    99 000000BD E8 [00000000]                   	CALL	_boxfill8
   100 000000C2 57                              	PUSH	EDI
   101 000000C3 FF 75 E0                        	PUSH	DWORD [-32+EBP]
   102 000000C6 57                              	PUSH	EDI
   103 000000C7 6A 01                           	PUSH	1
   104 000000C9 6A 0F                           	PUSH	15
   105 000000CB 53                              	PUSH	EBX
   106 000000CC 56                              	PUSH	ESI
   107 000000CD E8 [00000000]                   	CALL	_boxfill8
   108 000000D2 83 C4 38                        	ADD	ESP,56
   109 000000D5 FF 75 DC                        	PUSH	DWORD [-36+EBP]
   110 000000D8 FF 75 E4                        	PUSH	DWORD [-28+EBP]
   111 000000DB FF 75 DC                        	PUSH	DWORD [-36+EBP]
   112 000000DE 6A 00                           	PUSH	0
   113 000000E0 6A 00                           	PUSH	0
   114 000000E2 53                              	PUSH	EBX
   115 000000E3 56                              	PUSH	ESI
   116 000000E4 E8 [00000000]                   	CALL	_boxfill8
   117 000000E9 89 75 08                        	MOV	DWORD [8+EBP],ESI
   118 000000EC 8B 45 E8                        	MOV	EAX,DWORD [-24+EBP]
   119 000000EF 89 5D 0C                        	MOV	DWORD [12+EBP],EBX
   120 000000F2 89 45 14                        	MOV	DWORD [20+EBP],EAX
   121 000000F5 83 C4 1C                        	ADD	ESP,28
   122 000000F8 8B 45 EC                        	MOV	EAX,DWORD [-20+EBP]
   123 000000FB 89 45 10                        	MOV	DWORD [16+EBP],EAX
   124 000000FE 8D 65 F4                        	LEA	ESP,DWORD [-12+EBP]
   125 00000101 5B                              	POP	EBX
   126 00000102 5E                              	POP	ESI
   127 00000103 5F                              	POP	EDI
   128 00000104 5D                              	POP	EBP
   129 00000105 EB 00                           	JMP	_make_wtitle8
   130                                          [SECTION .data]
   131 00000000                                 _closebtn.0:
   132 00000000 4F 4F 4F 4F 4F 4F 4F 4F 4F 4F   	DB	"OOOOOOOOOOOOOOO@"
       0000000A 4F 4F 4F 4F 4F 40 
   133 00000010 4F 51 51 51 51 51 51 51 51 51   	DB	"OQQQQQQQQQQQQQ$@"
       0000001A 51 51 51 51 24 40 
   134 00000020 4F 51 51 51 51 51 51 51 51 51   	DB	"OQQQQQQQQQQQQQ$@"
       0000002A 51 51 51 51 24 40 
   135 00000030 4F 51 51 51 40 40 51 51 51 51   	DB	"OQQQ@@QQQQ@@QQ$@"
       0000003A 40 40 51 51 24 40 
   136 00000040 4F 51 51 51 51 40 40 51 51 40   	DB	"OQQQQ@@QQ@@QQQ$@"
       0000004A 40 51 51 51 24 40 
   137 00000050 4F 51 51 51 51 51 40 40 40 40   	DB	"OQQQQQ@@@@QQQQ$@"
       0000005A 51 51 51 51 24 40 
   138 00000060 4F 51 51 51 51 51 51 40 40 51   	DB	"OQQQQQQ@@QQQQQ$@"
       0000006A 51 51 51 51 24 40 
   139 00000070 4F 51 51 51 51 51 40 40 40 40   	DB	"OQQQQQ@@@@QQQQ$@"
       0000007A 51 51 51 51 24 40 
   140 00000080 4F 51 51 51 51 40 40 51 51 40   	DB	"OQQQQ@@QQ@@QQQ$@"
       0000008A 40 51 51 51 24 40 
   141 00000090 4F 51 51 51 40 40 51 51 51 51   	DB	"OQQQ@@QQQQ@@QQ$@"
       0000009A 40 40 51 51 24 40 
   142 000000A0 4F 51 51 51 51 51 51 51 51 51   	DB	"OQQQQQQQQQQQQQ$@"
       000000AA 51 51 51 51 24 40 
   143 000000B0 4F 51 51 51 51 51 51 51 51 51   	DB	"OQQQQQQQQQQQQQ$@"
       000000BA 51 51 51 51 24 40 
   144 000000C0 4F 24 24 24 24 24 24 24 24 24   	DB	"O$$$$$$$$$$$$$$@"
       000000CA 24 24 24 24 24 40 
   145 000000D0 40 40 40 40 40 40 40 40 40 40   	DB	"@@@@@@@@@@@@@@@@"
       000000DA 40 40 40 40 40 40 
   146                                          [SECTION .text]
   147 00000107                                 	GLOBAL	_make_wtitle8
   148 00000107                                 _make_wtitle8:
   149 00000107 55                              	PUSH	EBP
   150 00000108 89 E5                           	MOV	EBP,ESP
   151 0000010A 57                              	PUSH	EDI
   152 0000010B 56                              	PUSH	ESI
   153 0000010C 53                              	PUSH	EBX
   154 0000010D 50                              	PUSH	EAX
   155 0000010E 80 7D 14 00                     	CMP	BYTE [20+EBP],0
   156 00000112 0F 84 00000097                  	JE	L3
   157 00000118 B3 07                           	MOV	BL,7
   158 0000011A B2 0C                           	MOV	DL,12
   159 0000011C                                 L4:
   160 0000011C 8B 45 0C                        	MOV	EAX,DWORD [12+EBP]
   161 0000011F 6A 14                           	PUSH	20
   162 00000121 83 E8 04                        	SUB	EAX,4
   163 00000124 31 FF                           	XOR	EDI,EDI
   164 00000126 50                              	PUSH	EAX
   165 00000127 6A 03                           	PUSH	3
   166 00000129 6A 03                           	PUSH	3
   167 0000012B 0F B6 C2                        	MOVZX	EAX,DL
   168 0000012E 50                              	PUSH	EAX
   169 0000012F FF 75 0C                        	PUSH	DWORD [12+EBP]
   170 00000132 FF 75 08                        	PUSH	DWORD [8+EBP]
   171 00000135 E8 [00000000]                   	CALL	_boxfill8
   172 0000013A FF 75 10                        	PUSH	DWORD [16+EBP]
   173 0000013D 0F BE C3                        	MOVSX	EAX,BL
   174 00000140 50                              	PUSH	EAX
   175 00000141 6A 04                           	PUSH	4
   176 00000143 6A 18                           	PUSH	24
   177 00000145 FF 75 0C                        	PUSH	DWORD [12+EBP]
   178 00000148 FF 75 08                        	PUSH	DWORD [8+EBP]
   179 0000014B E8 [00000000]                   	CALL	_putstr_utf8
   180 00000150 83 C4 34                        	ADD	ESP,52
   181 00000153 6B 5D 0C 05                     	IMUL	EBX,DWORD [12+EBP],5
   182 00000157 C7 45 F0 00000000               	MOV	DWORD [-16+EBP],0
   183 0000015E                                 L20:
   184 0000015E 8B 45 0C                        	MOV	EAX,DWORD [12+EBP]
   185 00000161 8B 55 08                        	MOV	EDX,DWORD [8+EBP]
   186 00000164 01 D8                           	ADD	EAX,EBX
   187 00000166 31 F6                           	XOR	ESI,ESI
   188 00000168 8D 4C 02 EB                     	LEA	ECX,DWORD [-21+EDX+EAX*1]
   189 0000016C                                 L19:
   190 0000016C 8A 94 3E [00000000]             	MOV	DL,BYTE [_closebtn.0+ESI+EDI*1]
   191 00000173 80 FA 40                        	CMP	DL,64
   192 00000176 74 33                           	JE	L25
   193 00000178 80 FA 24                        	CMP	DL,36
   194 0000017B 74 2A                           	JE	L26
   195 0000017D 80 FA 51                        	CMP	DL,81
   196 00000180 B2 08                           	MOV	DL,8
   197 00000182 0F 95 C0                        	SETNE	AL
   198 00000185 28 C2                           	SUB	DL,AL
   199 00000187                                 L14:
   200 00000187 46                              	INC	ESI
   201 00000188 88 11                           	MOV	BYTE [ECX],DL
   202 0000018A 41                              	INC	ECX
   203 0000018B 83 FE 0F                        	CMP	ESI,15
   204 0000018E 7E DC                           	JLE	L19
   205 00000190 FF 45 F0                        	INC	DWORD [-16+EBP]
   206 00000193 83 C7 10                        	ADD	EDI,16
   207 00000196 03 5D 0C                        	ADD	EBX,DWORD [12+EBP]
   208 00000199 83 7D F0 0D                     	CMP	DWORD [-16+EBP],13
   209 0000019D 7E BF                           	JLE	L20
   210 0000019F 8D 65 F4                        	LEA	ESP,DWORD [-12+EBP]
   211 000001A2 5B                              	POP	EBX
   212 000001A3 5E                              	POP	ESI
   213 000001A4 5F                              	POP	EDI
   214 000001A5 5D                              	POP	EBP
   215 000001A6 C3                              	RET
   216 000001A7                                 L26:
   217 000001A7 B2 0F                           	MOV	DL,15
   218 000001A9 EB DC                           	JMP	L14
   219 000001AB                                 L25:
   220 000001AB 31 D2                           	XOR	EDX,EDX
   221 000001AD EB D8                           	JMP	L14
   222 000001AF                                 L3:
   223 000001AF B3 08                           	MOV	BL,8
   224 000001B1 B2 0F                           	MOV	DL,15
   225 000001B3 E9 FFFFFF64                     	JMP	L4
   226 000001B8                                 	GLOBAL	_change_wtitle8
   227 000001B8                                 _change_wtitle8:
   228 000001B8 55                              	PUSH	EBP
   229 000001B9 89 E5                           	MOV	EBP,ESP
   230 000001BB 57                              	PUSH	EDI
   231 000001BC 56                              	PUSH	ESI
   232 000001BD 53                              	PUSH	EBX
   233 000001BE 83 EC 14                        	SUB	ESP,20
   234 000001C1 8B 45 08                        	MOV	EAX,DWORD [8+EBP]
   235 000001C4 80 7D 0C 00                     	CMP	BYTE [12+EBP],0
   236 000001C8 8B 10                           	MOV	EDX,DWORD [EAX]
   237 000001CA 8B 48 04                        	MOV	ECX,DWORD [4+EAX]
   238 000001CD 89 55 E4                        	MOV	DWORD [-28+EBP],EDX
   239 000001D0 0F 84 00000088                  	JE	L28
   240 000001D6 C6 45 EB 07                     	MOV	BYTE [-21+EBP],7
   241 000001DA C6 45 EA 0C                     	MOV	BYTE [-22+EBP],12
   242 000001DE C6 45 E9 08                     	MOV	BYTE [-23+EBP],8
   243 000001E2 C6 45 E8 0F                     	MOV	BYTE [-24+EBP],15
   244 000001E6                                 L29:
   245 000001E6 6B F9 03                        	IMUL	EDI,ECX,3
   246 000001E9 C7 45 EC 00000011               	MOV	DWORD [-20+EBP],17
   247 000001F0 89 7D E0                        	MOV	DWORD [-32+EBP],EDI
   248 000001F3                                 L42:
   249 000001F3 C7 45 F0 00000003               	MOV	DWORD [-16+EBP],3
   250 000001FA 8D 41 FC                        	LEA	EAX,DWORD [-4+ECX]
   251 000001FD 39 45 F0                        	CMP	DWORD [-16+EBP],EAX
   252 00000200 7F 29                           	JG	L46
   253 00000202 8B 45 E4                        	MOV	EAX,DWORD [-28+EBP]
   254 00000205 8B 55 E0                        	MOV	EDX,DWORD [-32+EBP]
   255 00000208 8D 74 38 03                     	LEA	ESI,DWORD [3+EAX+EDI*1]
   256 0000020C 8D 5C 10 03                     	LEA	EBX,DWORD [3+EAX+EDX*1]
   257 00000210                                 L41:
   258 00000210 8A 13                           	MOV	DL,BYTE [EBX]
   259 00000212 3A 55 E9                        	CMP	DL,BYTE [-23+EBP]
   260 00000215 74 3A                           	JE	L47
   261 00000217                                 L38:
   262 00000217 3A 55 E8                        	CMP	DL,BYTE [-24+EBP]
   263 0000021A 74 30                           	JE	L48
   264 0000021C                                 L39:
   265 0000021C 88 16                           	MOV	BYTE [ESI],DL
   266 0000021E 8D 41 FC                        	LEA	EAX,DWORD [-4+ECX]
   267 00000221 FF 45 F0                        	INC	DWORD [-16+EBP]
   268 00000224 46                              	INC	ESI
   269 00000225 43                              	INC	EBX
   270 00000226 39 45 F0                        	CMP	DWORD [-16+EBP],EAX
   271 00000229 7E E5                           	JLE	L41
   272 0000022B                                 L46:
   273 0000022B 01 CF                           	ADD	EDI,ECX
   274 0000022D 01 4D E0                        	ADD	DWORD [-32+EBP],ECX
   275 00000230 FF 4D EC                        	DEC	DWORD [-20+EBP]
   276 00000233 79 BE                           	JNS	L42
   277 00000235 6A 15                           	PUSH	21
   278 00000237 51                              	PUSH	ECX
   279 00000238 6A 03                           	PUSH	3
   280 0000023A 6A 03                           	PUSH	3
   281 0000023C FF 75 08                        	PUSH	DWORD [8+EBP]
   282 0000023F E8 [00000000]                   	CALL	_sheet_refresh
   283 00000244 8D 65 F4                        	LEA	ESP,DWORD [-12+EBP]
   284 00000247 5B                              	POP	EBX
   285 00000248 5E                              	POP	ESI
   286 00000249 5F                              	POP	EDI
   287 0000024A 5D                              	POP	EBP
   288 0000024B C3                              	RET
   289 0000024C                                 L48:
   290 0000024C 8A 55 EA                        	MOV	DL,BYTE [-22+EBP]
   291 0000024F EB CB                           	JMP	L39
   292 00000251                                 L47:
   293 00000251 8D 41 EA                        	LEA	EAX,DWORD [-22+ECX]
   294 00000254 39 45 F0                        	CMP	DWORD [-16+EBP],EAX
   295 00000257 7F BE                           	JG	L38
   296 00000259 8A 55 EB                        	MOV	DL,BYTE [-21+EBP]
   297 0000025C EB BE                           	JMP	L39
   298 0000025E                                 L28:
   299 0000025E C6 45 EB 08                     	MOV	BYTE [-21+EBP],8
   300 00000262 C6 45 EA 0F                     	MOV	BYTE [-22+EBP],15
   301 00000266 C6 45 E9 07                     	MOV	BYTE [-23+EBP],7
   302 0000026A C6 45 E8 0C                     	MOV	BYTE [-24+EBP],12
   303 0000026E E9 FFFFFF73                     	JMP	L29
   304 00000273                                 	GLOBAL	_putfonts8_asc_sht
   305 00000273                                 _putfonts8_asc_sht:
   306 00000273 55                              	PUSH	EBP
   307 00000274 89 E5                           	MOV	EBP,ESP
   308 00000276 57                              	PUSH	EDI
   309 00000277 56                              	PUSH	ESI
   310 00000278 53                              	PUSH	EBX
   311 00000279 83 EC 0C                        	SUB	ESP,12
   312 0000027C 8B 45 08                        	MOV	EAX,DWORD [8+EBP]
   313 0000027F 8B 7D 10                        	MOV	EDI,DWORD [16+EBP]
   314 00000282 89 45 F0                        	MOV	DWORD [-16+EBP],EAX
   315 00000285 8B 5D 14                        	MOV	EBX,DWORD [20+EBP]
   316 00000288 8B 45 0C                        	MOV	EAX,DWORD [12+EBP]
   317 0000028B 89 45 EC                        	MOV	DWORD [-20+EBP],EAX
   318 0000028E 8B 45 1C                        	MOV	EAX,DWORD [28+EBP]
   319 00000291 89 45 E8                        	MOV	DWORD [-24+EBP],EAX
   320 00000294 8D 47 0F                        	LEA	EAX,DWORD [15+EDI]
   321 00000297 50                              	PUSH	EAX
   322 00000298 8B 45 EC                        	MOV	EAX,DWORD [-20+EBP]
   323 0000029B 8B 75 20                        	MOV	ESI,DWORD [32+EBP]
   324 0000029E 0F BE DB                        	MOVSX	EBX,BL
   325 000002A1 8D 34 F0                        	LEA	ESI,DWORD [EAX+ESI*8]
   326 000002A4 8D 46 FF                        	LEA	EAX,DWORD [-1+ESI]
   327 000002A7 50                              	PUSH	EAX
   328 000002A8 57                              	PUSH	EDI
   329 000002A9 FF 75 EC                        	PUSH	DWORD [-20+EBP]
   330 000002AC 0F B6 45 18                     	MOVZX	EAX,BYTE [24+EBP]
   331 000002B0 50                              	PUSH	EAX
   332 000002B1 8B 45 F0                        	MOV	EAX,DWORD [-16+EBP]
   333 000002B4 FF 70 04                        	PUSH	DWORD [4+EAX]
   334 000002B7 FF 30                           	PUSH	DWORD [EAX]
   335 000002B9 E8 [00000000]                   	CALL	_boxfill8
   336 000002BE FF 75 E8                        	PUSH	DWORD [-24+EBP]
   337 000002C1 53                              	PUSH	EBX
   338 000002C2 57                              	PUSH	EDI
   339 000002C3 FF 75 EC                        	PUSH	DWORD [-20+EBP]
   340 000002C6 8B 45 F0                        	MOV	EAX,DWORD [-16+EBP]
   341 000002C9 FF 70 04                        	PUSH	DWORD [4+EAX]
   342 000002CC FF 30                           	PUSH	DWORD [EAX]
   343 000002CE E8 [00000000]                   	CALL	_putfonts8_asc
   344 000002D3 89 7D 10                        	MOV	DWORD [16+EBP],EDI
   345 000002D6 8D 47 10                        	LEA	EAX,DWORD [16+EDI]
   346 000002D9 89 75 14                        	MOV	DWORD [20+EBP],ESI
   347 000002DC 89 45 18                        	MOV	DWORD [24+EBP],EAX
   348 000002DF 83 C4 34                        	ADD	ESP,52
   349 000002E2 8B 45 EC                        	MOV	EAX,DWORD [-20+EBP]
   350 000002E5 89 45 0C                        	MOV	DWORD [12+EBP],EAX
   351 000002E8 8B 45 F0                        	MOV	EAX,DWORD [-16+EBP]
   352 000002EB 89 45 08                        	MOV	DWORD [8+EBP],EAX
   353 000002EE 8D 65 F4                        	LEA	ESP,DWORD [-12+EBP]
   354 000002F1 5B                              	POP	EBX
   355 000002F2 5E                              	POP	ESI
   356 000002F3 5F                              	POP	EDI
   357 000002F4 5D                              	POP	EBP
   358 000002F5 E9 [00000000]                   	JMP	_sheet_refresh
   359 000002FA                                 	GLOBAL	_putfonts_sht
   360 000002FA                                 _putfonts_sht:
   361 000002FA 55                              	PUSH	EBP
   362 000002FB 89 E5                           	MOV	EBP,ESP
   363 000002FD 57                              	PUSH	EDI
   364 000002FE 56                              	PUSH	ESI
   365 000002FF 53                              	PUSH	EBX
   366 00000300 83 EC 0C                        	SUB	ESP,12
   367 00000303 8B 45 08                        	MOV	EAX,DWORD [8+EBP]
   368 00000306 8B 7D 10                        	MOV	EDI,DWORD [16+EBP]
   369 00000309 89 45 F0                        	MOV	DWORD [-16+EBP],EAX
   370 0000030C 8B 5D 14                        	MOV	EBX,DWORD [20+EBP]
   371 0000030F 8B 45 0C                        	MOV	EAX,DWORD [12+EBP]
   372 00000312 89 45 EC                        	MOV	DWORD [-20+EBP],EAX
   373 00000315 8B 45 1C                        	MOV	EAX,DWORD [28+EBP]
   374 00000318 89 45 E8                        	MOV	DWORD [-24+EBP],EAX
   375 0000031B 8D 47 0F                        	LEA	EAX,DWORD [15+EDI]
   376 0000031E 50                              	PUSH	EAX
   377 0000031F 8B 45 EC                        	MOV	EAX,DWORD [-20+EBP]
   378 00000322 8B 75 20                        	MOV	ESI,DWORD [32+EBP]
   379 00000325 0F BE DB                        	MOVSX	EBX,BL
   380 00000328 8D 34 F0                        	LEA	ESI,DWORD [EAX+ESI*8]
   381 0000032B 8D 46 FF                        	LEA	EAX,DWORD [-1+ESI]
   382 0000032E 50                              	PUSH	EAX
   383 0000032F 57                              	PUSH	EDI
   384 00000330 FF 75 EC                        	PUSH	DWORD [-20+EBP]
   385 00000333 0F B6 45 18                     	MOVZX	EAX,BYTE [24+EBP]
   386 00000337 50                              	PUSH	EAX
   387 00000338 8B 45 F0                        	MOV	EAX,DWORD [-16+EBP]
   388 0000033B FF 70 04                        	PUSH	DWORD [4+EAX]
   389 0000033E FF 30                           	PUSH	DWORD [EAX]
   390 00000340 E8 [00000000]                   	CALL	_boxfill8
   391 00000345 FF 75 E8                        	PUSH	DWORD [-24+EBP]
   392 00000348 53                              	PUSH	EBX
   393 00000349 57                              	PUSH	EDI
   394 0000034A FF 75 EC                        	PUSH	DWORD [-20+EBP]
   395 0000034D 8B 45 F0                        	MOV	EAX,DWORD [-16+EBP]
   396 00000350 FF 70 04                        	PUSH	DWORD [4+EAX]
   397 00000353 FF 30                           	PUSH	DWORD [EAX]
   398 00000355 E8 [00000000]                   	CALL	_putfonts
   399 0000035A 89 7D 10                        	MOV	DWORD [16+EBP],EDI
   400 0000035D 8D 47 10                        	LEA	EAX,DWORD [16+EDI]
   401 00000360 89 75 14                        	MOV	DWORD [20+EBP],ESI
   402 00000363 89 45 18                        	MOV	DWORD [24+EBP],EAX
   403 00000366 83 C4 34                        	ADD	ESP,52
   404 00000369 8B 45 EC                        	MOV	EAX,DWORD [-20+EBP]
   405 0000036C 89 45 0C                        	MOV	DWORD [12+EBP],EAX
   406 0000036F 8B 45 F0                        	MOV	EAX,DWORD [-16+EBP]
   407 00000372 89 45 08                        	MOV	DWORD [8+EBP],EAX
   408 00000375 8D 65 F4                        	LEA	ESP,DWORD [-12+EBP]
   409 00000378 5B                              	POP	EBX
   410 00000379 5E                              	POP	ESI
   411 0000037A 5F                              	POP	EDI
   412 0000037B 5D                              	POP	EBP
   413 0000037C E9 [00000000]                   	JMP	_sheet_refresh
   414 00000381                                 	GLOBAL	_make_textbox8
   415 00000381                                 _make_textbox8:
   416 00000381 55                              	PUSH	EBP
   417 00000382 89 E5                           	MOV	EBP,ESP
   418 00000384 57                              	PUSH	EDI
   419 00000385 56                              	PUSH	ESI
   420 00000386 53                              	PUSH	EBX
   421 00000387 83 EC 14                        	SUB	ESP,20
   422 0000038A 8B 45 0C                        	MOV	EAX,DWORD [12+EBP]
   423 0000038D 8B 75 10                        	MOV	ESI,DWORD [16+EBP]
   424 00000390 03 45 14                        	ADD	EAX,DWORD [20+EBP]
   425 00000393 83 EE 03                        	SUB	ESI,3
   426 00000396 56                              	PUSH	ESI
   427 00000397 89 45 F0                        	MOV	DWORD [-16+EBP],EAX
   428 0000039A 8B 45 10                        	MOV	EAX,DWORD [16+EBP]
   429 0000039D 03 45 18                        	ADD	EAX,DWORD [24+EBP]
   430 000003A0 89 45 EC                        	MOV	DWORD [-20+EBP],EAX
   431 000003A3 8B 45 F0                        	MOV	EAX,DWORD [-16+EBP]
   432 000003A6 40                              	INC	EAX
   433 000003A7 50                              	PUSH	EAX
   434 000003A8 89 45 E8                        	MOV	DWORD [-24+EBP],EAX
   435 000003AB 8B 45 0C                        	MOV	EAX,DWORD [12+EBP]
   436 000003AE 56                              	PUSH	ESI
   437 000003AF 83 E8 02                        	SUB	EAX,2
   438 000003B2 50                              	PUSH	EAX
   439 000003B3 89 45 E4                        	MOV	DWORD [-28+EBP],EAX
   440 000003B6 8B 45 08                        	MOV	EAX,DWORD [8+EBP]
   441 000003B9 6A 0F                           	PUSH	15
   442 000003BB FF 70 04                        	PUSH	DWORD [4+EAX]
   443 000003BE FF 30                           	PUSH	DWORD [EAX]
   444 000003C0 E8 [00000000]                   	CALL	_boxfill8
   445 000003C5 8B 7D 0C                        	MOV	EDI,DWORD [12+EBP]
   446 000003C8 8B 45 EC                        	MOV	EAX,DWORD [-20+EBP]
   447 000003CB 83 EF 03                        	SUB	EDI,3
   448 000003CE 40                              	INC	EAX
   449 000003CF 50                              	PUSH	EAX
   450 000003D0 89 45 E0                        	MOV	DWORD [-32+EBP],EAX
   451 000003D3 57                              	PUSH	EDI
   452 000003D4 8B 45 08                        	MOV	EAX,DWORD [8+EBP]
   453 000003D7 56                              	PUSH	ESI
   454 000003D8 57                              	PUSH	EDI
   455 000003D9 6A 0F                           	PUSH	15
   456 000003DB FF 70 04                        	PUSH	DWORD [4+EAX]
   457 000003DE FF 30                           	PUSH	DWORD [EAX]
   458 000003E0 E8 [00000000]                   	CALL	_boxfill8
   459 000003E5 8B 45 08                        	MOV	EAX,DWORD [8+EBP]
   460 000003E8 83 C4 38                        	ADD	ESP,56
   461 000003EB 8B 5D EC                        	MOV	EBX,DWORD [-20+EBP]
   462 000003EE 83 C3 02                        	ADD	EBX,2
   463 000003F1 53                              	PUSH	EBX
   464 000003F2 FF 75 E8                        	PUSH	DWORD [-24+EBP]
   465 000003F5 53                              	PUSH	EBX
   466 000003F6 57                              	PUSH	EDI
   467 000003F7 6A 07                           	PUSH	7
   468 000003F9 FF 70 04                        	PUSH	DWORD [4+EAX]
   469 000003FC FF 30                           	PUSH	DWORD [EAX]
   470 000003FE E8 [00000000]                   	CALL	_boxfill8
   471 00000403 8B 45 F0                        	MOV	EAX,DWORD [-16+EBP]
   472 00000406 53                              	PUSH	EBX
   473 00000407 83 C0 02                        	ADD	EAX,2
   474 0000040A 50                              	PUSH	EAX
   475 0000040B 56                              	PUSH	ESI
   476 0000040C 50                              	PUSH	EAX
   477 0000040D 8B 45 08                        	MOV	EAX,DWORD [8+EBP]
   478 00000410 6A 07                           	PUSH	7
   479 00000412 FF 70 04                        	PUSH	DWORD [4+EAX]
   480 00000415 FF 30                           	PUSH	DWORD [EAX]
   481 00000417 E8 [00000000]                   	CALL	_boxfill8
   482 0000041C 8B 45 08                        	MOV	EAX,DWORD [8+EBP]
   483 0000041F 83 C4 38                        	ADD	ESP,56
   484 00000422 8B 5D 10                        	MOV	EBX,DWORD [16+EBP]
   485 00000425 83 EB 02                        	SUB	EBX,2
   486 00000428 8B 7D 0C                        	MOV	EDI,DWORD [12+EBP]
   487 0000042B 53                              	PUSH	EBX
   488 0000042C 4F                              	DEC	EDI
   489 0000042D FF 75 F0                        	PUSH	DWORD [-16+EBP]
   490 00000430 53                              	PUSH	EBX
   491 00000431 57                              	PUSH	EDI
   492 00000432 6A 00                           	PUSH	0
   493 00000434 FF 70 04                        	PUSH	DWORD [4+EAX]
   494 00000437 FF 30                           	PUSH	DWORD [EAX]
   495 00000439 E8 [00000000]                   	CALL	_boxfill8
   496 0000043E 8B 45 08                        	MOV	EAX,DWORD [8+EBP]
   497 00000441 FF 75 EC                        	PUSH	DWORD [-20+EBP]
   498 00000444 FF 75 E4                        	PUSH	DWORD [-28+EBP]
   499 00000447 53                              	PUSH	EBX
   500 00000448 FF 75 E4                        	PUSH	DWORD [-28+EBP]
   501 0000044B 6A 00                           	PUSH	0
   502 0000044D FF 70 04                        	PUSH	DWORD [4+EAX]
   503 00000450 FF 30                           	PUSH	DWORD [EAX]
   504 00000452 E8 [00000000]                   	CALL	_boxfill8
   505 00000457 8B 45 08                        	MOV	EAX,DWORD [8+EBP]
   506 0000045A 83 C4 38                        	ADD	ESP,56
   507 0000045D FF 75 E0                        	PUSH	DWORD [-32+EBP]
   508 00000460 FF 75 F0                        	PUSH	DWORD [-16+EBP]
   509 00000463 FF 75 E0                        	PUSH	DWORD [-32+EBP]
   510 00000466 FF 75 E4                        	PUSH	DWORD [-28+EBP]
   511 00000469 6A 08                           	PUSH	8
   512 0000046B FF 70 04                        	PUSH	DWORD [4+EAX]
   513 0000046E FF 30                           	PUSH	DWORD [EAX]
   514 00000470 E8 [00000000]                   	CALL	_boxfill8
   515 00000475 8B 45 08                        	MOV	EAX,DWORD [8+EBP]
   516 00000478 FF 75 E0                        	PUSH	DWORD [-32+EBP]
   517 0000047B FF 75 E8                        	PUSH	DWORD [-24+EBP]
   518 0000047E 53                              	PUSH	EBX
   519 0000047F FF 75 E8                        	PUSH	DWORD [-24+EBP]
   520 00000482 6A 08                           	PUSH	8
   521 00000484 FF 70 04                        	PUSH	DWORD [4+EAX]
   522 00000487 FF 30                           	PUSH	DWORD [EAX]
   523 00000489 E8 [00000000]                   	CALL	_boxfill8
   524 0000048E 8B 45 10                        	MOV	EAX,DWORD [16+EBP]
   525 00000491 83 C4 38                        	ADD	ESP,56
   526 00000494 48                              	DEC	EAX
   527 00000495 FF 75 EC                        	PUSH	DWORD [-20+EBP]
   528 00000498 FF 75 F0                        	PUSH	DWORD [-16+EBP]
   529 0000049B 50                              	PUSH	EAX
   530 0000049C 57                              	PUSH	EDI
   531 0000049D 0F B6 45 1C                     	MOVZX	EAX,BYTE [28+EBP]
   532 000004A1 50                              	PUSH	EAX
   533 000004A2 8B 45 08                        	MOV	EAX,DWORD [8+EBP]
   534 000004A5 FF 70 04                        	PUSH	DWORD [4+EAX]
   535 000004A8 FF 30                           	PUSH	DWORD [EAX]
   536 000004AA E8 [00000000]                   	CALL	_boxfill8
   537 000004AF 8D 65 F4                        	LEA	ESP,DWORD [-12+EBP]
   538 000004B2 5B                              	POP	EBX
   539 000004B3 5E                              	POP	ESI
   540 000004B4 5F                              	POP	EDI
   541 000004B5 5D                              	POP	EBP
   542 000004B6 C3                              	RET
