     1 00000000                                 [FORMAT "WCOFF"]
     2 00000000                                 [INSTRSET "i486p"]
     3 00000000                                 [OPTIMIZE 1]
     4 00000000                                 [OPTION 1]
     5 00000000                                 [BITS 32]
     6 00000000                                 	EXTERN	__alloca
     7 00000000                                 	EXTERN	_api_cmdline
     8 00000000                                 	EXTERN	_api_putstr
     9 00000000                                 	EXTERN	_api_end
    10 00000000                                 	EXTERN	_strtol
    11 00000000                                 	EXTERN	_api_openwin
    12 00000000                                 	EXTERN	_api_boxfilwin
    13 00000000                                 	EXTERN	_api_fopen
    14 00000000                                 	EXTERN	_api_fsize
    15 00000000                                 	EXTERN	_api_fread
    16 00000000                                 	EXTERN	_api_fclose
    17 00000000                                 	EXTERN	_api_getkey
    18 00000000                                 	EXTERN	_api_refreshwin
    19 00000000                                 	EXTERN	_api_putstrwin
    20 00000000                                 [FILE "tview.c"]
    21                                          [SECTION .data]
    22 00000000                                 LC0:
    23 00000000 20 3E 74 76 69 65 77 20 66 69   	DB	" >tview file [-w30 -h10 -t4]",0x0A,0x00
       0000000A 6C 65 20 5B 2D 77 33 30 20 2D 
       00000014 68 31 30 20 2D 74 34 5D 0A 00 
    24 0000001E                                 LC1:
    25 0000001E 74 76 69 65 77 00               	DB	"tview",0x00
    26 00000024                                 LC2:
    27 00000024 66 69 6C 65 20 6F 70 65 6E 20   	DB	"file open error.",0x0A,0x00
       0000002E 65 72 72 6F 72 2E 0A 00 
    28                                          [SECTION .text]
    29 00000000                                 	GLOBAL	_HariMain
    30 00000000                                 _HariMain:
    31 00000000 55                              	PUSH	EBP
    32 00000001 B8 000F9444                     	MOV	EAX,1020996
    33 00000006 89 E5                           	MOV	EBP,ESP
    34 00000008 57                              	PUSH	EDI
    35 00000009 56                              	PUSH	ESI
    36 0000000A 31 FF                           	XOR	EDI,EDI
    37 0000000C 53                              	PUSH	EBX
    38 0000000D 8D 9D FFF06BD4                  	LEA	EBX,DWORD [-1020972+EBP]
    39 00000013 E8 [00000000]                   	CALL	__alloca
    40 00000018 6A 1E                           	PUSH	30
    41 0000001A 53                              	PUSH	EBX
    42 0000001B C7 85 FFF06BCC 00000064         	MOV	DWORD [-1020980+EBP],100
    43 00000025 C7 85 FFF06BC8 0000001E         	MOV	DWORD [-1020984+EBP],30
    44 0000002F C7 85 FFF06BC4 00000004         	MOV	DWORD [-1020988+EBP],4
    45 00000039 C7 85 FFF06BC0 00000001         	MOV	DWORD [-1020992+EBP],1
    46 00000043 C7 85 FFF06BBC 00000001         	MOV	DWORD [-1020996+EBP],1
    47 0000004D C7 85 FFF06BB4 00000000         	MOV	DWORD [-1021004+EBP],0
    48 00000057 C7 85 FFF06BB0 00000000         	MOV	DWORD [-1021008+EBP],0
    49 00000061 E8 [00000000]                   	CALL	_api_cmdline
    50 00000066 89 D9                           	MOV	ECX,EBX
    51 00000068 5E                              	POP	ESI
    52 00000069 89 9D FFF06BD0                  	MOV	DWORD [-1020976+EBP],EBX
    53 0000006F 58                              	POP	EAX
    54 00000070 80 BD FFF06BD4 20               	CMP	BYTE [-1020972+EBP],32
    55 00000077 76 19                           	JBE	L95
    56 00000079 8D 95 FFF06BD5                  	LEA	EDX,DWORD [-1020971+EBP]
    57 0000007F                                 L6:
    58 0000007F 89 D0                           	MOV	EAX,EDX
    59 00000081 89 95 FFF06BD0                  	MOV	DWORD [-1020976+EBP],EDX
    60 00000087 8D 51 02                        	LEA	EDX,DWORD [2+ECX]
    61 0000008A 89 C1                           	MOV	ECX,EAX
    62 0000008C 80 7A FF 20                     	CMP	BYTE [-1+EDX],32
    63 00000090 77 ED                           	JA	L6
    64 00000092                                 L95:
    65 00000092 8B 85 FFF06BD0                  	MOV	EAX,DWORD [-1020976+EBP]
    66 00000098 80 38 00                        	CMP	BYTE [EAX],0
    67 0000009B 0F 84 0000012D                  	JE	L97
    68 000000A1 FF B5 FFF06BD0                  	PUSH	DWORD [-1020976+EBP]
    69 000000A7 E8 000003FD                     	CALL	_skipspace
    70 000000AC 5B                              	POP	EBX
    71 000000AD 89 C2                           	MOV	EDX,EAX
    72 000000AF 89 85 FFF06BD0                  	MOV	DWORD [-1020976+EBP],EAX
    73 000000B5 8A 08                           	MOV	CL,BYTE [EAX]
    74 000000B7 80 F9 2D                        	CMP	CL,45
    75 000000BA 74 40                           	JE	L108
    76 000000BC 85 FF                           	TEST	EDI,EDI
    77 000000BE 74 12                           	JE	L109
    78 000000C0                                 L23:
    79 000000C0 68 [00000000]                   	PUSH	LC0
    80 000000C5 E8 [00000000]                   	CALL	_api_putstr
    81 000000CA E8 [00000000]                   	CALL	_api_end
    82 000000CF 5E                              	POP	ESI
    83 000000D0 EB C0                           	JMP	L95
    84 000000D2                                 L109:
    85 000000D2 89 C7                           	MOV	EDI,EAX
    86 000000D4 80 F9 20                        	CMP	CL,32
    87 000000D7 76 15                           	JBE	L99
    88 000000D9                                 L30:
    89 000000D9 8B 95 FFF06BD0                  	MOV	EDX,DWORD [-1020976+EBP]
    90 000000DF 8D 42 01                        	LEA	EAX,DWORD [1+EDX]
    91 000000E2 89 85 FFF06BD0                  	MOV	DWORD [-1020976+EBP],EAX
    92 000000E8 80 7A 01 20                     	CMP	BYTE [1+EDX],32
    93 000000EC 77 EB                           	JA	L30
    94 000000EE                                 L99:
    95 000000EE 8B 85 FFF06BD0                  	MOV	EAX,DWORD [-1020976+EBP]
    96 000000F4 89 85 FFF06BB0                  	MOV	DWORD [-1021008+EBP],EAX
    97 000000FA EB 96                           	JMP	L95
    98 000000FC                                 L108:
    99 000000FC 8A 40 01                        	MOV	AL,BYTE [1+EAX]
   100 000000FF 3C 77                           	CMP	AL,119
   101 00000101 0F 84 00000081                  	JE	L110
   102 00000107 3C 68                           	CMP	AL,104
   103 00000109 74 36                           	JE	L111
   104 0000010B 3C 74                           	CMP	AL,116
   105 0000010D 75 B1                           	JNE	L23
   106 0000010F 6A 00                           	PUSH	0
   107 00000111 8D 85 FFF06BD0                  	LEA	EAX,DWORD [-1020976+EBP]
   108 00000117 50                              	PUSH	EAX
   109 00000118 8D 42 02                        	LEA	EAX,DWORD [2+EDX]
   110 0000011B 50                              	PUSH	EAX
   111 0000011C E8 [00000000]                   	CALL	_strtol
   112 00000121 83 C4 0C                        	ADD	ESP,12
   113 00000124 85 C0                           	TEST	EAX,EAX
   114 00000126 89 85 FFF06BC4                  	MOV	DWORD [-1020988+EBP],EAX
   115 0000012C 0F 8F FFFFFF60                  	JG	L95
   116 00000132 C7 85 FFF06BC4 00000004         	MOV	DWORD [-1020988+EBP],4
   117 0000013C E9 FFFFFF51                     	JMP	L95
   118 00000141                                 L111:
   119 00000141 6A 00                           	PUSH	0
   120 00000143 8D 85 FFF06BD0                  	LEA	EAX,DWORD [-1020976+EBP]
   121 00000149 50                              	PUSH	EAX
   122 0000014A 8D 42 02                        	LEA	EAX,DWORD [2+EDX]
   123 0000014D 50                              	PUSH	EAX
   124 0000014E E8 [00000000]                   	CALL	_strtol
   125 00000153 83 C4 0C                        	ADD	ESP,12
   126 00000156 85 C0                           	TEST	EAX,EAX
   127 00000158 89 85 FFF06BC8                  	MOV	DWORD [-1020984+EBP],EAX
   128 0000015E 7E 1C                           	JLE	L112
   129 00000160                                 L17:
   130 00000160 83 BD FFF06BC8 2D               	CMP	DWORD [-1020984+EBP],45
   131 00000167 0F 8E FFFFFF25                  	JLE	L95
   132 0000016D C7 85 FFF06BC8 0000002D         	MOV	DWORD [-1020984+EBP],45
   133 00000177 E9 FFFFFF16                     	JMP	L95
   134 0000017C                                 L112:
   135 0000017C C7 85 FFF06BC8 00000001         	MOV	DWORD [-1020984+EBP],1
   136 00000186 EB D8                           	JMP	L17
   137 00000188                                 L110:
   138 00000188 6A 00                           	PUSH	0
   139 0000018A 8D 85 FFF06BD0                  	LEA	EAX,DWORD [-1020976+EBP]
   140 00000190 50                              	PUSH	EAX
   141 00000191 8D 42 02                        	LEA	EAX,DWORD [2+EDX]
   142 00000194 50                              	PUSH	EAX
   143 00000195 E8 [00000000]                   	CALL	_strtol
   144 0000019A 83 C4 0C                        	ADD	ESP,12
   145 0000019D 83 F8 13                        	CMP	EAX,19
   146 000001A0 89 85 FFF06BCC                  	MOV	DWORD [-1020980+EBP],EAX
   147 000001A6 7F 0A                           	JG	L13
   148 000001A8 C7 85 FFF06BCC 00000014         	MOV	DWORD [-1020980+EBP],20
   149 000001B2                                 L13:
   150 000001B2 83 BD FFF06BCC 7E               	CMP	DWORD [-1020980+EBP],126
   151 000001B9 0F 8E FFFFFED3                  	JLE	L95
   152 000001BF C7 85 FFF06BCC 0000007E         	MOV	DWORD [-1020980+EBP],126
   153 000001C9 E9 FFFFFEC4                     	JMP	L95
   154 000001CE                                 L97:
   155 000001CE 85 FF                           	TEST	EDI,EDI
   156 000001D0 0F 84 FFFFFEEA                  	JE	L23
   157 000001D6 8B B5 FFF06BC8                  	MOV	ESI,DWORD [-1020984+EBP]
   158 000001DC 8B 9D FFF06BCC                  	MOV	EBX,DWORD [-1020980+EBP]
   159 000001E2 C1 E6 04                        	SAL	ESI,4
   160 000001E5 68 [0000001E]                   	PUSH	LC1
   161 000001EA C1 E3 03                        	SAL	EBX,3
   162 000001ED 6A FF                           	PUSH	-1
   163 000001EF 8D 46 25                        	LEA	EAX,DWORD [37+ESI]
   164 000001F2 83 C6 1E                        	ADD	ESI,30
   165 000001F5 50                              	PUSH	EAX
   166 000001F6 8D 43 10                        	LEA	EAX,DWORD [16+EBX]
   167 000001F9 50                              	PUSH	EAX
   168 000001FA 83 C3 09                        	ADD	EBX,9
   169 000001FD 8D 85 FFF42BF4                  	LEA	EAX,DWORD [-775180+EBP]
   170 00000203 50                              	PUSH	EAX
   171 00000204 E8 [00000000]                   	CALL	_api_openwin
   172 00000209 6A 07                           	PUSH	7
   173 0000020B 56                              	PUSH	ESI
   174 0000020C 53                              	PUSH	EBX
   175 0000020D 89 85 FFF06BB8                  	MOV	DWORD [-1021000+EBP],EAX
   176 00000213 6A 1B                           	PUSH	27
   177 00000215 6A 06                           	PUSH	6
   178 00000217 50                              	PUSH	EAX
   179 00000218 E8 [00000000]                   	CALL	_api_boxfilwin
   180 0000021D 83 C4 2C                        	ADD	ESP,44
   181 00000220 8B 8D FFF06BB0                  	MOV	ECX,DWORD [-1021008+EBP]
   182 00000226 C6 01 00                        	MOV	BYTE [ECX],0
   183 00000229 57                              	PUSH	EDI
   184 0000022A E8 [00000000]                   	CALL	_api_fopen
   185 0000022F 5B                              	POP	EBX
   186 00000230 89 C7                           	MOV	EDI,EAX
   187 00000232 85 C0                           	TEST	EAX,EAX
   188 00000234 75 10                           	JNE	L33
   189 00000236 68 [00000024]                   	PUSH	LC2
   190 0000023B E8 [00000000]                   	CALL	_api_putstr
   191 00000240 E8 [00000000]                   	CALL	_api_end
   192 00000245 59                              	POP	ECX
   193 00000246                                 L33:
   194 00000246 6A 00                           	PUSH	0
   195 00000248 57                              	PUSH	EDI
   196 00000249 E8 [00000000]                   	CALL	_api_fsize
   197 0000024E 89 C6                           	MOV	ESI,EAX
   198 00000250 58                              	POP	EAX
   199 00000251 5A                              	POP	EDX
   200 00000252 81 FE 0003BFFE                  	CMP	ESI,245758
   201 00000258 7E 05                           	JLE	L34
   202 0000025A BE 0003BFFE                     	MOV	ESI,245758
   203 0000025F                                 L34:
   204 0000025F 57                              	PUSH	EDI
   205 00000260 8D 9D FFF06BF5                  	LEA	EBX,DWORD [-1020939+EBP]
   206 00000266 56                              	PUSH	ESI
   207 00000267 53                              	PUSH	EBX
   208 00000268 C6 85 FFF06BF4 0A               	MOV	BYTE [-1020940+EBP],10
   209 0000026F E8 [00000000]                   	CALL	_api_fread
   210 00000274 57                              	PUSH	EDI
   211 00000275 89 DF                           	MOV	EDI,EBX
   212 00000277 E8 [00000000]                   	CALL	_api_fclose
   213 0000027C C6 84 35 FFF06BF5 00            	MOV	BYTE [-1020939+EBP+ESI*1],0
   214 00000284 83 C4 10                        	ADD	ESP,16
   215 00000287 89 9D FFF06BD0                  	MOV	DWORD [-1020976+EBP],EBX
   216 0000028D 80 BD FFF06BF5 00               	CMP	BYTE [-1020939+EBP],0
   217 00000294 74 24                           	JE	L101
   218 00000296                                 L40:
   219 00000296 8B 85 FFF06BD0                  	MOV	EAX,DWORD [-1020976+EBP]
   220 0000029C 8A 00                           	MOV	AL,BYTE [EAX]
   221 0000029E 3C 0D                           	CMP	AL,13
   222 000002A0 74 03                           	JE	L37
   223 000002A2 88 07                           	MOV	BYTE [EDI],AL
   224 000002A4 47                              	INC	EDI
   225 000002A5                                 L37:
   226 000002A5 8B 95 FFF06BD0                  	MOV	EDX,DWORD [-1020976+EBP]
   227 000002AB 8D 42 01                        	LEA	EAX,DWORD [1+EDX]
   228 000002AE 89 85 FFF06BD0                  	MOV	DWORD [-1020976+EBP],EAX
   229 000002B4 80 7A 01 00                     	CMP	BYTE [1+EDX],0
   230 000002B8 75 DC                           	JNE	L40
   231 000002BA                                 L101:
   232 000002BA 8D 85 FFF06BF5                  	LEA	EAX,DWORD [-1020939+EBP]
   233 000002C0 C6 07 00                        	MOV	BYTE [EDI],0
   234 000002C3 89 85 FFF06BD0                  	MOV	DWORD [-1020976+EBP],EAX
   235 000002C9                                 L41:
   236 000002C9 FF B5 FFF06BC4                  	PUSH	DWORD [-1020988+EBP]
   237 000002CF FF B5 FFF06BD0                  	PUSH	DWORD [-1020976+EBP]
   238 000002D5 FF B5 FFF06BB4                  	PUSH	DWORD [-1021004+EBP]
   239 000002DB FF B5 FFF06BC8                  	PUSH	DWORD [-1020984+EBP]
   240 000002E1 FF B5 FFF06BCC                  	PUSH	DWORD [-1020980+EBP]
   241 000002E7 FF B5 FFF06BB8                  	PUSH	DWORD [-1021000+EBP]
   242 000002ED E8 000001CC                     	CALL	_textview
   243 000002F2 6A 01                           	PUSH	1
   244 000002F4 E8 [00000000]                   	CALL	_api_getkey
   245 000002F9 83 C4 1C                        	ADD	ESP,28
   246 000002FC 89 C7                           	MOV	EDI,EAX
   247 000002FE 83 F8 51                        	CMP	EAX,81
   248 00000301 0F 84 00000198                  	JE	L45
   249 00000307 83 F8 71                        	CMP	EAX,113
   250 0000030A 0F 84 0000018F                  	JE	L45
   251 00000310                                 L44:
   252 00000310 8D 4F BF                        	LEA	ECX,DWORD [-65+EDI]
   253 00000313 83 F9 05                        	CMP	ECX,5
   254 00000316 77 10                           	JA	L46
   255 00000318 C7 85 FFF06BC0 00000001         	MOV	DWORD [-1020992+EBP],1
   256 00000322 D3 A5 FFF06BC0                  	SAL	DWORD [-1020992+EBP],CL
   257 00000328                                 L46:
   258 00000328 8D 4F 9F                        	LEA	ECX,DWORD [-97+EDI]
   259 0000032B 83 F9 05                        	CMP	ECX,5
   260 0000032E 77 10                           	JA	L47
   261 00000330 C7 85 FFF06BBC 00000001         	MOV	DWORD [-1020996+EBP],1
   262 0000033A D3 A5 FFF06BBC                  	SAL	DWORD [-1020996+EBP],CL
   263 00000340                                 L47:
   264 00000340 83 FF 3C                        	CMP	EDI,60
   265 00000343 0F 84 0000012E                  	JE	L113
   266 00000349                                 L48:
   267 00000349 83 FF 3E                        	CMP	EDI,62
   268 0000034C 0F 84 0000010A                  	JE	L114
   269 00000352                                 L49:
   270 00000352 83 FF 34                        	CMP	EDI,52
   271 00000355 0F 84 000000D5                  	JE	L51
   272 0000035B                                 L50:
   273 0000035B 83 FF 36                        	CMP	EDI,54
   274 0000035E 0F 84 000000AE                  	JE	L57
   275 00000364                                 L56:
   276 00000364 83 FF 38                        	CMP	EDI,56
   277 00000367 74 52                           	JE	L62
   278 00000369                                 L61:
   279 00000369 83 FF 32                        	CMP	EDI,50
   280 0000036C                                 L107:
   281 0000036C 0F 85 FFFFFF57                  	JNE	L41
   282 00000372 31 F6                           	XOR	ESI,ESI
   283 00000374 3B B5 FFF06BBC                  	CMP	ESI,DWORD [-1020996+EBP]
   284 0000037A 7D 32                           	JGE	L82
   285 0000037C                                 L92:
   286 0000037C 8B BD FFF06BD0                  	MOV	EDI,DWORD [-1020976+EBP]
   287 00000382 8A 07                           	MOV	AL,BYTE [EDI]
   288 00000384 84 C0                           	TEST	AL,AL
   289 00000386 74 0F                           	JE	L86
   290 00000388 3C 0A                           	CMP	AL,10
   291 0000038A 74 0B                           	JE	L86
   292 0000038C                                 L90:
   293 0000038C 47                              	INC	EDI
   294 0000038D 8A 07                           	MOV	AL,BYTE [EDI]
   295 0000038F 84 C0                           	TEST	AL,AL
   296 00000391 74 04                           	JE	L86
   297 00000393 3C 0A                           	CMP	AL,10
   298 00000395 75 F5                           	JNE	L90
   299 00000397                                 L86:
   300 00000397 80 3F 00                        	CMP	BYTE [EDI],0
   301 0000039A 74 12                           	JE	L82
   302 0000039C 8D 47 01                        	LEA	EAX,DWORD [1+EDI]
   303 0000039F 46                              	INC	ESI
   304 000003A0 89 85 FFF06BD0                  	MOV	DWORD [-1020976+EBP],EAX
   305 000003A6 3B B5 FFF06BBC                  	CMP	ESI,DWORD [-1020996+EBP]
   306 000003AC 7C CE                           	JL	L92
   307 000003AE                                 L82:
   308 000003AE 6A 00                           	PUSH	0
   309 000003B0 E8 [00000000]                   	CALL	_api_getkey
   310 000003B5 5A                              	POP	EDX
   311 000003B6 83 F8 32                        	CMP	EAX,50
   312 000003B9 EB B1                           	JMP	L107
   313 000003BB                                 L62:
   314 000003BB 31 F6                           	XOR	ESI,ESI
   315 000003BD 3B B5 FFF06BBC                  	CMP	ESI,DWORD [-1020996+EBP]
   316 000003C3 7D 3B                           	JGE	L66
   317 000003C5                                 L75:
   318 000003C5 8D 85 FFF06BF5                  	LEA	EAX,DWORD [-1020939+EBP]
   319 000003CB 8B 95 FFF06BD0                  	MOV	EDX,DWORD [-1020976+EBP]
   320 000003D1 39 C2                           	CMP	EDX,EAX
   321 000003D3 74 2B                           	JE	L66
   322 000003D5 8D 42 FF                        	LEA	EAX,DWORD [-1+EDX]
   323 000003D8 89 85 FFF06BD0                  	MOV	DWORD [-1020976+EBP],EAX
   324 000003DE 80 78 FF 0A                     	CMP	BYTE [-1+EAX],10
   325 000003E2 74 13                           	JE	L104
   326 000003E4                                 L74:
   327 000003E4 8B 85 FFF06BD0                  	MOV	EAX,DWORD [-1020976+EBP]
   328 000003EA 48                              	DEC	EAX
   329 000003EB 89 85 FFF06BD0                  	MOV	DWORD [-1020976+EBP],EAX
   330 000003F1 80 78 FF 0A                     	CMP	BYTE [-1+EAX],10
   331 000003F5 75 ED                           	JNE	L74
   332 000003F7                                 L104:
   333 000003F7 46                              	INC	ESI
   334 000003F8 3B B5 FFF06BBC                  	CMP	ESI,DWORD [-1020996+EBP]
   335 000003FE 7C C5                           	JL	L75
   336 00000400                                 L66:
   337 00000400 6A 00                           	PUSH	0
   338 00000402 E8 [00000000]                   	CALL	_api_getkey
   339 00000407 59                              	POP	ECX
   340 00000408 83 F8 38                        	CMP	EAX,56
   341 0000040B 74 AE                           	JE	L62
   342 0000040D E9 FFFFFF57                     	JMP	L61
   343 00000412                                 L57:
   344 00000412 8B 8D FFF06BC0                  	MOV	ECX,DWORD [-1020992+EBP]
   345 00000418 6A 00                           	PUSH	0
   346 0000041A 01 8D FFF06BB4                  	ADD	DWORD [-1021004+EBP],ECX
   347 00000420 E8 [00000000]                   	CALL	_api_getkey
   348 00000425 83 F8 36                        	CMP	EAX,54
   349 00000428 5B                              	POP	EBX
   350 00000429 74 E7                           	JE	L57
   351 0000042B E9 FFFFFF34                     	JMP	L56
   352 00000430                                 L51:
   353 00000430 8B 85 FFF06BC0                  	MOV	EAX,DWORD [-1020992+EBP]
   354 00000436 29 85 FFF06BB4                  	SUB	DWORD [-1021004+EBP],EAX
   355 0000043C 78 12                           	JS	L115
   356 0000043E                                 L54:
   357 0000043E 6A 00                           	PUSH	0
   358 00000440 E8 [00000000]                   	CALL	_api_getkey
   359 00000445 5E                              	POP	ESI
   360 00000446 83 F8 34                        	CMP	EAX,52
   361 00000449 74 E5                           	JE	L51
   362 0000044B E9 FFFFFF0B                     	JMP	L50
   363 00000450                                 L115:
   364 00000450 C7 85 FFF06BB4 00000000         	MOV	DWORD [-1021004+EBP],0
   365 0000045A EB E2                           	JMP	L54
   366 0000045C                                 L114:
   367 0000045C 81 BD FFF06BC4 000000FF         	CMP	DWORD [-1020988+EBP],255
   368 00000466 0F 8F FFFFFEE6                  	JG	L49
   369 0000046C D1 A5 FFF06BC4                  	SAL	DWORD [-1020988+EBP],1
   370 00000472 E9 FFFFFEDB                     	JMP	L49
   371 00000477                                 L113:
   372 00000477 83 BD FFF06BC4 01               	CMP	DWORD [-1020988+EBP],1
   373 0000047E 0F 8E FFFFFEC5                  	JLE	L48
   374 00000484 8B 85 FFF06BC4                  	MOV	EAX,DWORD [-1020988+EBP]
   375 0000048A BA 00000002                     	MOV	EDX,2
   376 0000048F 89 D1                           	MOV	ECX,EDX
   377 00000491 99                              	CDQ
   378 00000492 F7 F9                           	IDIV	ECX
   379 00000494 89 85 FFF06BC4                  	MOV	DWORD [-1020988+EBP],EAX
   380 0000049A E9 FFFFFEAA                     	JMP	L48
   381 0000049F                                 L45:
   382 0000049F E8 [00000000]                   	CALL	_api_end
   383 000004A4 E9 FFFFFE67                     	JMP	L44
   384 000004A9                                 	GLOBAL	_skipspace
   385 000004A9                                 _skipspace:
   386 000004A9 55                              	PUSH	EBP
   387 000004AA 89 E5                           	MOV	EBP,ESP
   388 000004AC 8B 45 08                        	MOV	EAX,DWORD [8+EBP]
   389 000004AF 80 38 20                        	CMP	BYTE [EAX],32
   390 000004B2 74 02                           	JE	L121
   391 000004B4                                 L123:
   392 000004B4 5D                              	POP	EBP
   393 000004B5 C3                              	RET
   394 000004B6                                 L121:
   395 000004B6 40                              	INC	EAX
   396 000004B7 80 38 20                        	CMP	BYTE [EAX],32
   397 000004BA 74 FA                           	JE	L121
   398 000004BC EB F6                           	JMP	L123
   399 000004BE                                 	GLOBAL	_textview
   400 000004BE                                 _textview:
   401 000004BE 55                              	PUSH	EBP
   402 000004BF 89 E5                           	MOV	EBP,ESP
   403 000004C1 57                              	PUSH	EDI
   404 000004C2 56                              	PUSH	ESI
   405 000004C3 53                              	PUSH	EBX
   406 000004C4 83 EC 14                        	SUB	ESP,20
   407 000004C7 8B 45 08                        	MOV	EAX,DWORD [8+EBP]
   408 000004CA 8B 75 10                        	MOV	ESI,DWORD [16+EBP]
   409 000004CD 89 45 F0                        	MOV	DWORD [-16+EBP],EAX
   410 000004D0 8B 55 0C                        	MOV	EDX,DWORD [12+EBP]
   411 000004D3 8B 45 14                        	MOV	EAX,DWORD [20+EBP]
   412 000004D6 89 55 EC                        	MOV	DWORD [-20+EBP],EDX
   413 000004D9 89 45 E8                        	MOV	DWORD [-24+EBP],EAX
   414 000004DC 8B 55 18                        	MOV	EDX,DWORD [24+EBP]
   415 000004DF 8B 45 1C                        	MOV	EAX,DWORD [28+EBP]
   416 000004E2 89 55 E4                        	MOV	DWORD [-28+EBP],EDX
   417 000004E5 89 45 E0                        	MOV	DWORD [-32+EBP],EAX
   418 000004E8 89 F0                           	MOV	EAX,ESI
   419 000004EA C1 E0 04                        	SAL	EAX,4
   420 000004ED 6A 07                           	PUSH	7
   421 000004EF 83 C0 1C                        	ADD	EAX,28
   422 000004F2 50                              	PUSH	EAX
   423 000004F3 8B 55 EC                        	MOV	EDX,DWORD [-20+EBP]
   424 000004F6 8D 04 D5 00000007               	LEA	EAX,DWORD [7+EDX*8]
   425 000004FD 50                              	PUSH	EAX
   426 000004FE 6A 1D                           	PUSH	29
   427 00000500 6A 08                           	PUSH	8
   428 00000502 8B 45 F0                        	MOV	EAX,DWORD [-16+EBP]
   429 00000505 40                              	INC	EAX
   430 00000506 50                              	PUSH	EAX
   431 00000507 E8 [00000000]                   	CALL	_api_boxfilwin
   432 0000050C 83 C4 18                        	ADD	ESP,24
   433 0000050F 85 F6                           	TEST	ESI,ESI
   434 00000511 7E 28                           	JLE	L131
   435 00000513 BF 0000001D                     	MOV	EDI,29
   436 00000518 89 F3                           	MOV	EBX,ESI
   437 0000051A                                 L129:
   438 0000051A FF 75 E0                        	PUSH	DWORD [-32+EBP]
   439 0000051D FF 75 E4                        	PUSH	DWORD [-28+EBP]
   440 00000520 FF 75 E8                        	PUSH	DWORD [-24+EBP]
   441 00000523 57                              	PUSH	EDI
   442 00000524 83 C7 10                        	ADD	EDI,16
   443 00000527 FF 75 EC                        	PUSH	DWORD [-20+EBP]
   444 0000052A FF 75 F0                        	PUSH	DWORD [-16+EBP]
   445 0000052D E8 0000003F                     	CALL	_lineview
   446 00000532 83 C4 18                        	ADD	ESP,24
   447 00000535 4B                              	DEC	EBX
   448 00000536 89 45 E4                        	MOV	DWORD [-28+EBP],EAX
   449 00000539 75 DF                           	JNE	L129
   450 0000053B                                 L131:
   451 0000053B C1 E6 04                        	SAL	ESI,4
   452 0000053E 8B 55 EC                        	MOV	EDX,DWORD [-20+EBP]
   453 00000541 C7 45 10 0000001D               	MOV	DWORD [16+EBP],29
   454 00000548 8D 46 1D                        	LEA	EAX,DWORD [29+ESI]
   455 0000054B 89 45 18                        	MOV	DWORD [24+EBP],EAX
   456 0000054E 8D 04 D5 00000008               	LEA	EAX,DWORD [8+EDX*8]
   457 00000555 89 45 14                        	MOV	DWORD [20+EBP],EAX
   458 00000558 8B 45 F0                        	MOV	EAX,DWORD [-16+EBP]
   459 0000055B C7 45 0C 00000008               	MOV	DWORD [12+EBP],8
   460 00000562 89 45 08                        	MOV	DWORD [8+EBP],EAX
   461 00000565 8D 65 F4                        	LEA	ESP,DWORD [-12+EBP]
   462 00000568 5B                              	POP	EBX
   463 00000569 5E                              	POP	ESI
   464 0000056A 5F                              	POP	EDI
   465 0000056B 5D                              	POP	EBP
   466 0000056C E9 [00000000]                   	JMP	_api_refreshwin
   467 00000571                                 	GLOBAL	_lineview
   468 00000571                                 _lineview:
   469 00000571 55                              	PUSH	EBP
   470 00000572 89 E5                           	MOV	EBP,ESP
   471 00000574 57                              	PUSH	EDI
   472 00000575 56                              	PUSH	ESI
   473 00000576 53                              	PUSH	EBX
   474 00000577 81 EC 00000208                  	SUB	ESP,520
   475 0000057D 8B 75 14                        	MOV	ESI,DWORD [20+EBP]
   476 00000580 8B 7D 18                        	MOV	EDI,DWORD [24+EBP]
   477 00000583 F7 DE                           	NEG	ESI
   478 00000585 C7 85 FFFFFDF0 00000000         	MOV	DWORD [-528+EBP],0
   479 0000058F                                 L133:
   480 0000058F 8A 1F                           	MOV	BL,BYTE [EDI]
   481 00000591 84 DB                           	TEST	BL,BL
   482 00000593 0F 84 000000B5                  	JE	L134
   483 00000599 80 FB 0A                        	CMP	BL,10
   484 0000059C 0F 84 0000012A                  	JE	L166
   485 000005A2 80 FB 09                        	CMP	BL,9
   486 000005A5 0F 84 0000010D                  	JE	L167
   487 000005AB 84 DB                           	TEST	BL,BL
   488 000005AD 79 1A                           	JNS	L144
   489 000005AF 88 D8                           	MOV	AL,BL
   490 000005B1 83 E0 E0                        	AND	EAX,-32
   491 000005B4 3C E0                           	CMP	AL,-32
   492 000005B6 0F 84 000000E8                  	JE	L168
   493 000005BC 88 D8                           	MOV	AL,BL
   494 000005BE 83 E0 C0                        	AND	EAX,-64
   495 000005C1 3C C0                           	CMP	AL,-64
   496 000005C3 0F 84 000000C7                  	JE	L169
   497 000005C9                                 L144:
   498 000005C9 B9 00000001                     	MOV	ECX,1
   499 000005CE                                 L165:
   500 000005CE C7 85 FFFFFDEC 00000001         	MOV	DWORD [-532+EBP],1
   501 000005D8                                 L139:
   502 000005D8 8D 04 31                        	LEA	EAX,DWORD [ECX+ESI*1]
   503 000005DB 3B 45 0C                        	CMP	EAX,DWORD [12+EBP]
   504 000005DE 7F 6E                           	JG	L134
   505 000005E0 80 FB 09                        	CMP	BL,9
   506 000005E3 74 3B                           	JE	L170
   507 000005E5 85 F6                           	TEST	ESI,ESI
   508 000005E7 78 2A                           	JS	L155
   509 000005E9 31 D2                           	XOR	EDX,EDX
   510 000005EB 3B 95 FFFFFDEC                  	CMP	EDX,DWORD [-532+EBP]
   511 000005F1 7D 20                           	JGE	L155
   512 000005F3                                 L160:
   513 000005F3 8B 9D FFFFFDF0                  	MOV	EBX,DWORD [-528+EBP]
   514 000005F9 8A 04 3A                        	MOV	AL,BYTE [EDX+EDI*1]
   515 000005FC 42                              	INC	EDX
   516 000005FD 88 84 1D FFFFFDF4               	MOV	BYTE [-524+EBP+EBX*1],AL
   517 00000604 43                              	INC	EBX
   518 00000605 89 9D FFFFFDF0                  	MOV	DWORD [-528+EBP],EBX
   519 0000060B 3B 95 FFFFFDEC                  	CMP	EDX,DWORD [-532+EBP]
   520 00000611 7C E0                           	JL	L160
   521 00000613                                 L155:
   522 00000613 03 BD FFFFFDEC                  	ADD	EDI,DWORD [-532+EBP]
   523 00000619 01 CE                           	ADD	ESI,ECX
   524 0000061B E9 FFFFFF6F                     	JMP	L133
   525 00000620                                 L170:
   526 00000620 85 C9                           	TEST	ECX,ECX
   527 00000622 7E 24                           	JLE	L163
   528 00000624 89 CA                           	MOV	EDX,ECX
   529 00000626                                 L153:
   530 00000626 85 F6                           	TEST	ESI,ESI
   531 00000628 78 1A                           	JS	L152
   532 0000062A 3B 75 0C                        	CMP	ESI,DWORD [12+EBP]
   533 0000062D 7D 15                           	JGE	L152
   534 0000062F 8B 9D FFFFFDF0                  	MOV	EBX,DWORD [-528+EBP]
   535 00000635 C6 84 1D FFFFFDF4 20            	MOV	BYTE [-524+EBP+EBX*1],32
   536 0000063D 43                              	INC	EBX
   537 0000063E 89 9D FFFFFDF0                  	MOV	DWORD [-528+EBP],EBX
   538 00000644                                 L152:
   539 00000644 46                              	INC	ESI
   540 00000645 4A                              	DEC	EDX
   541 00000646 75 DE                           	JNE	L153
   542 00000648                                 L163:
   543 00000648 47                              	INC	EDI
   544 00000649 E9 FFFFFF41                     	JMP	L133
   545 0000064E                                 L134:
   546 0000064E 83 BD FFFFFDF0 00               	CMP	DWORD [-528+EBP],0
   547 00000655 7E 2F                           	JLE	L161
   548 00000657 8B 85 FFFFFDF0                  	MOV	EAX,DWORD [-528+EBP]
   549 0000065D C6 84 05 FFFFFDF4 00            	MOV	BYTE [-524+EBP+EAX*1],0
   550 00000665 8D 85 FFFFFDF4                  	LEA	EAX,DWORD [-524+EBP]
   551 0000066B 50                              	PUSH	EAX
   552 0000066C 8B 45 08                        	MOV	EAX,DWORD [8+EBP]
   553 0000066F FF B5 FFFFFDF0                  	PUSH	DWORD [-528+EBP]
   554 00000675 6A 00                           	PUSH	0
   555 00000677 40                              	INC	EAX
   556 00000678 FF 75 10                        	PUSH	DWORD [16+EBP]
   557 0000067B 6A 08                           	PUSH	8
   558 0000067D 50                              	PUSH	EAX
   559 0000067E E8 [00000000]                   	CALL	_api_putstrwin
   560 00000683 83 C4 18                        	ADD	ESP,24
   561 00000686                                 L161:
   562 00000686 8D 65 F4                        	LEA	ESP,DWORD [-12+EBP]
   563 00000689 89 F8                           	MOV	EAX,EDI
   564 0000068B 5B                              	POP	EBX
   565 0000068C 5E                              	POP	ESI
   566 0000068D 5F                              	POP	EDI
   567 0000068E 5D                              	POP	EBP
   568 0000068F C3                              	RET
   569 00000690                                 L169:
   570 00000690 B9 00000001                     	MOV	ECX,1
   571 00000695 C7 85 FFFFFDEC 00000002         	MOV	DWORD [-532+EBP],2
   572 0000069F E9 FFFFFF34                     	JMP	L139
   573 000006A4                                 L168:
   574 000006A4 B9 00000002                     	MOV	ECX,2
   575 000006A9 C7 85 FFFFFDEC 00000003         	MOV	DWORD [-532+EBP],3
   576 000006B3 E9 FFFFFF20                     	JMP	L139
   577 000006B8                                 L167:
   578 000006B8 8B 55 14                        	MOV	EDX,DWORD [20+EBP]
   579 000006BB 8B 4D 1C                        	MOV	ECX,DWORD [28+EBP]
   580 000006BE 8D 04 32                        	LEA	EAX,DWORD [EDX+ESI*1]
   581 000006C1 99                              	CDQ
   582 000006C2 F7 7D 1C                        	IDIV	DWORD [28+EBP]
   583 000006C5 29 D1                           	SUB	ECX,EDX
   584 000006C7 E9 FFFFFF02                     	JMP	L165
   585 000006CC                                 L166:
   586 000006CC 47                              	INC	EDI
   587 000006CD E9 FFFFFF7C                     	JMP	L134
